
<project name="test-properties" default="run" basedir=".">
	<import file="test-common.xml" />
	<target name="run">
		<mkdir dir="${antunit.xml.report.dir}"/>
		<antunit failOnError="false">
			<file file="${ant.file}"/>
			<xmllistener toDir="${antunit.xml.report.dir}" logLevel="verbose" />
			<plainlistener logLevel="info"/>
		</antunit>      
	</target>
	<target name="suiteSetUp">
		<!-- Use this to run something when you enter this suite, like if your tests are upgrade related you can do an install first to make sure things are in a good state.-->
		<echo message="**** Entering Properties suiteSetUp"/>
		<ant inheritAll="false" inheritrefs="false"
			antfile="build.xml"             
			dir="${build.dir}"              
			target="dist:installer:prep"        
			>                               
		</ant>                  
		<echo message="**** Exiting Properties suiteSetUp"/>
	</target>
	<target name="test:property:pass:tomcat.external.http.port">
		<echo message="**** Entering test:property:pass:tomcat.external.http.port"/>
		<echo file="${dist.exploded.dir}/local.properties" append="false">
			tomcat.external.http.port=
			evaluate.property.name=tomcat.external.http.port
			#groovy.debug=true
		</echo>
		<replaceregexp file="${dist.exploded.dir}/local.properties" byline="true"
			match="^\s+(.*)\s*$"
			replace="\1"
			/>
		<execute-property-test-pass
			/>
		<echo message="**** Exiting test:property:pass:tomcat.external.http.port"/>
	</target>
	<target name="test:property:pass:tomcat.external.ssl.host">
		<echo message="**** Entering test:property:pass:tomcat.external.ssl.host"/>
		<echo file="${dist.exploded.dir}/local.properties" append="false">
			tomcat.external.ssl.host=
			evaluate.property.name=tomcat.external.ssl.host
			#groovy.debug=true
		</echo>
		<replaceregexp file="${dist.exploded.dir}/local.properties" byline="true"
			match="^\s+(.*)\s*$"
			replace="\1"
			/>
		<execute-property-test-pass
			/>
		<echo message="**** Exiting test:property:pass:tomcat.external.ssl.host"/>
	</target>
	<target name="test:property:pass:tomcat.external.ssl.port">
		<echo message="**** Entering test:property:pass:tomcat.external.ssl.port"/>
		<echo file="${dist.exploded.dir}/local.properties" append="false">
			tomcat.external.ssl.port=
			evaluate.property.name=tomcat.external.ssl.port
			#groovy.debug=true
		</echo>
		<replaceregexp file="${dist.exploded.dir}/local.properties" byline="true"
			match="^\s+(.*)\s*$"
			replace="\1"
			/>
		<execute-property-test-pass
			/>
		<echo message="**** Exiting test:property:pass:tomcat.external.ssl.port"/>
	</target>
	<target name="test:property:pass:tomcat.grid.secure.cert.location">
		<echo message="**** Entering test:property:pass:tomcat.grid.secure.cert.location"/>
		<echo file="${dist.exploded.dir}/local.properties" append="false">
			tomcat.grid.secure.cert.location=/path/165.112.132.171-cert.pem
			evaluate.property.name=tomcat.grid.secure.cert.location
			#groovy.debug=true
		</echo>
		<replaceregexp file="${dist.exploded.dir}/local.properties" byline="true"
			match="^\s+(.*)\s*$"
			replace="\1"
			/>
		<execute-property-test-pass
			/>
		<echo message="**** Exiting test:property:pass:tomcat.grid.secure.cert.location"/>
	</target>
	<target name="test:property:pass:tomcat.grid.secure.enable">
		<echo message="**** Entering test:property:pass:tomcat.grid.secure.enable"/>
		<echo file="${dist.exploded.dir}/local.properties" append="false">
			tomcat.grid.secure.enable=false
			evaluate.property.name=tomcat.grid.secure.enable
			#groovy.debug=true
		</echo>
		<replaceregexp file="${dist.exploded.dir}/local.properties" byline="true"
			match="^\s+(.*)\s*$"
			replace="\1"
			/>
		<execute-property-test-pass
			/>
		<echo message="**** Exiting test:property:pass:tomcat.grid.secure.enable"/>
	</target>
	<target name="test:property:pass:tomcat.grid.secure.key.location">
		<echo message="**** Entering test:property:pass:tomcat.grid.secure.key.location"/>
		<echo file="${dist.exploded.dir}/local.properties" append="false">
			tomcat.grid.secure.key.location=/path/165.112.132.171-key.pem
			evaluate.property.name=tomcat.grid.secure.key.location
			#groovy.debug=true
		</echo>
		<replaceregexp file="${dist.exploded.dir}/local.properties" byline="true"
			match="^\s+(.*)\s*$"
			replace="\1"
			/>
		<execute-property-test-pass
			/>
		<echo message="**** Exiting test:property:pass:tomcat.grid.secure.key.location"/>
	</target>
	<target name="test:property:pass:tomcat.grid.secure.port">
		<echo message="**** Entering test:property:pass:tomcat.grid.secure.port"/>
		<echo file="${dist.exploded.dir}/local.properties" append="false">
			tomcat.grid.secure.port=21444
			evaluate.property.name=tomcat.grid.secure.port
			#groovy.debug=true
		</echo>
		<replaceregexp file="${dist.exploded.dir}/local.properties" byline="true"
			match="^\s+(.*)\s*$"
			replace="\1"
			/>
		<execute-property-test-pass
			/>
		<echo message="**** Exiting test:property:pass:tomcat.grid.secure.port"/>
	</target>
	<target name="test:property:pass:tomcat.relative.dir">
		<echo message="**** Entering test:property:pass:tomcat.relative.dir"/>
		<echo file="${dist.exploded.dir}/local.properties" append="false">
			tomcat.relative.dir=apache-tomcat-6.0.20
			evaluate.property.name=tomcat.relative.dir
			#groovy.debug=true
		</echo>
		<replaceregexp file="${dist.exploded.dir}/local.properties" byline="true"
			match="^\s+(.*)\s*$"
			replace="\1"
			/>
		<execute-property-test-pass
			/>
		<echo message="**** Exiting test:property:pass:tomcat.relative.dir"/>
	</target>
	<target name="test:property:pass:tomcat.hostname">
		<echo message="**** Entering test:property:pass:tomcat.hostname"/>
		<echo file="${dist.exploded.dir}/local.properties" append="false">
			tomcat.hostname=localhost
			evaluate.property.name=tomcat.hostname
			#groovy.debug=true
		</echo>
		<replaceregexp file="${dist.exploded.dir}/local.properties" byline="true"
			match="^\s+(.*)\s*$"
			replace="\1"
			/>
		<execute-property-test-pass
			/>
		<echo message="**** Exiting test:property:pass:tomcat.hostname"/>
	</target>
	<target name="test:property:pass:tomcat.http-connector.remove">
		<echo message="**** Entering test:property:pass:tomcat.http-connector.remove"/>
		<echo file="${dist.exploded.dir}/local.properties" append="false">
			tomcat.http-connector.remove=true
			tomcat.grid.secure.enable=true
			evaluate.property.name=tomcat.http-connector.remove
			#groovy.debug=true
		</echo>
		<replaceregexp file="${dist.exploded.dir}/local.properties" byline="true"
			match="^\s+(.*)\s*$"
			replace="\1"
			/>
		<execute-property-test-pass
			/>
		<echo message="**** Exiting test:property:pass:tomcat.http-connector.remove"/>
	</target>
	<target name="test:property:pass:tomcat.port.ajp">
		<echo message="**** Entering test:property:pass:tomcat.port.ajp"/>
		<echo file="${dist.exploded.dir}/local.properties" append="false">
			tomcat.port.ajp=21009
			evaluate.property.name=tomcat.port.ajp
			#groovy.debug=true
		</echo>
		<replaceregexp file="${dist.exploded.dir}/local.properties" byline="true"
			match="^\s+(.*)\s*$"
			replace="\1"
			/>
		<execute-property-test-pass
			/>
		<echo message="**** Exiting test:property:pass:tomcat.port.ajp"/>
	</target>
	<target name="test:property:pass:tomcat.port.http">
		<echo message="**** Entering test:property:pass:tomcat.port.http"/>
		<echo file="${dist.exploded.dir}/local.properties" append="false">
			tomcat.port.http=21080
			evaluate.property.name=tomcat.port.http
			#groovy.debug=true
		</echo>
		<replaceregexp file="${dist.exploded.dir}/local.properties" byline="true"
			match="^\s+(.*)\s*$"
			replace="\1"
			/>
		<execute-property-test-pass
			/>
		<echo message="**** Exiting test:property:pass:tomcat.port.http"/>
	</target>
	<target name="test:property:pass:tomcat.port.shutdown">
		<echo message="**** Entering test:property:pass:tomcat.port.shutdown"/>
		<echo file="${dist.exploded.dir}/local.properties" append="false">
			tomcat.port.shutdown=21005
			evaluate.property.name=tomcat.port.shutdown
			#groovy.debug=true
		</echo>
		<replaceregexp file="${dist.exploded.dir}/local.properties" byline="true"
			match="^\s+(.*)\s*$"
			replace="\1"
			/>
		<execute-property-test-pass
			/>
		<echo message="**** Exiting test:property:pass:tomcat.port.shutdown"/>
	</target>
	<target name="test:property:pass:tomcat.port.ssl">
		<echo message="**** Entering test:property:pass:tomcat.port.ssl"/>
		<echo file="${dist.exploded.dir}/local.properties" append="false">
			tomcat.port.ssl=21443
			evaluate.property.name=tomcat.port.ssl
			#groovy.debug=true
		</echo>
		<replaceregexp file="${dist.exploded.dir}/local.properties" byline="true"
			match="^\s+(.*)\s*$"
			replace="\1"
			/>
		<execute-property-test-pass
			/>
		<echo message="**** Exiting test:property:pass:tomcat.port.ssl"/>
	</target>
	<target name="test:property:pass:tomcat.src.url">
		<echo message="**** Entering test:property:pass:tomcat.src.url"/>
		<echo file="${dist.exploded.dir}/local.properties" append="false">
			tomcat.src.url=http://gforge.nci.nih.gov/svnroot/commonlibrary/trunk/techstack-2009/os-independent/apache-tomcat-6.0.20.zip
			evaluate.property.name=tomcat.src.url
			#groovy.debug=true
		</echo>
		<replaceregexp file="${dist.exploded.dir}/local.properties" byline="true"
			match="^\s+(.*)\s*$"
			replace="\1"
			/>
		<execute-property-test-pass
			/>
		<echo message="**** Exiting test:property:pass:tomcat.src.url"/>
	</target>
	<target name="test:property:pass:tomcat.ssl.enable">
		<echo message="**** Entering test:property:pass:tomcat.ssl.enable"/>
		<echo file="${dist.exploded.dir}/local.properties" append="false">
			tomcat.ssl.enable=false
			evaluate.property.name=tomcat.ssl.enable
			#groovy.debug=true
		</echo>
		<replaceregexp file="${dist.exploded.dir}/local.properties" byline="true"
			match="^\s+(.*)\s*$"
			replace="\1"
			/>
		<execute-property-test-pass
			/>
		<echo message="**** Exiting test:property:pass:tomcat.ssl.enable"/>
	</target>
	<target name="test:property:pass:tomcat.ssl.fullyqualified.hostname">
		<echo message="**** Entering test:property:pass:tomcat.ssl.fullyqualified.hostname"/>
		<echo file="${dist.exploded.dir}/local.properties" append="false">
			tomcat.ssl.fullyqualified.hostname=localhost.nci.nih.gov
			evaluate.property.name=tomcat.ssl.fullyqualified.hostname
			#groovy.debug=true
		</echo>
		<replaceregexp file="${dist.exploded.dir}/local.properties" byline="true"
			match="^\s+(.*)\s*$"
			replace="\1"
			/>
		<execute-property-test-pass
			/>
		<echo message="**** Exiting test:property:pass:tomcat.ssl.fullyqualified.hostname"/>
	</target>
	<target name="test:property:pass:tomcat.ssl.keystore.alias">
		<echo message="**** Entering test:property:pass:tomcat.ssl.keystore.alias"/>
		<echo file="${dist.exploded.dir}/local.properties" append="false">
			tomcat.ssl.keystore.alias=ncicb-test-ssl-key
			evaluate.property.name=tomcat.ssl.keystore.alias
			#groovy.debug=true
		</echo>
		<replaceregexp file="${dist.exploded.dir}/local.properties" byline="true"
			match="^\s+(.*)\s*$"
			replace="\1"
			/>
		<execute-property-test-pass
			/>
		<echo message="**** Exiting test:property:pass:tomcat.ssl.keystore.alias"/>
	</target>
	<target name="test:property:pass:tomcat.ssl.keystore.location">
		<echo message="**** Entering test:property:pass:tomcat.ssl.keystore.location"/>
		<echo file="${dist.exploded.dir}/local.properties" append="false">
			tomcat.ssl.keystore.location=/path/ncicb-test-ssl.keystore
			evaluate.property.name=tomcat.ssl.keystore.location
			#groovy.debug=true
		</echo>
		<replaceregexp file="${dist.exploded.dir}/local.properties" byline="true"
			match="^\s+(.*)\s*$"
			replace="\1"
			/>
		<execute-property-test-pass
			/>
		<echo message="**** Exiting test:property:pass:tomcat.ssl.keystore.location"/>
	</target>
	<target name="test:property:pass:tomcat.ssl.keystore.pass">
		<echo message="**** Entering test:property:pass:tomcat.ssl.keystore.pass"/>
		<echo file="${dist.exploded.dir}/local.properties" append="false">
			tomcat.ssl.keystore.pass=ncicb1!
			evaluate.property.name=tomcat.ssl.keystore.pass
			#groovy.debug=true
		</echo>
		<replaceregexp file="${dist.exploded.dir}/local.properties" byline="true"
			match="^\s+(.*)\s*$"
			replace="\1"
			/>
		<execute-property-test-pass
			/>
		<echo message="**** Exiting test:property:pass:tomcat.ssl.keystore.pass"/>
	</target>
</project>
