
<project name="test-properties" default="run" basedir=".">
	<import file="test-common.xml" />
	<target name="run">
		<mkdir dir="${antunit.xml.report.dir}"/>
		<antunit failOnError="false">
			<file file="${ant.file}"/>
			<xmllistener toDir="${antunit.xml.report.dir}" logLevel="verbose" />
			<plainlistener logLevel="info"/>
		</antunit>      
	</target>
	<target name="suiteSetUp">
		<!-- Use this to run something when you enter this suite, like if your tests are upgrade related you can do an install first to make sure things are in a good state.-->
		<echo message="**** Entering Properties suiteSetUp"/>
		<ant inheritAll="false" inheritrefs="false"
			antfile="build.xml"             
			dir="${build.dir}"              
			target="dist:installer:prep"        
			>                               
		</ant>                  
		<echo message="**** Exiting Properties suiteSetUp"/>
	</target>
	<target name="test:property:fail:cacore-sdk.binaries.file-syntax">
		<echo message="**** Entering test:property:fail:cacore-sdk.binaries.file"/>
		<echo file="${dist.exploded.dir}/local.properties" append="false">
			cacore-sdk.binaries.file=fail\\conditoin
			evaluate.property.name=cacore-sdk.binaries.file
			evaluate.result=fail
			#groovy.debug=true
		</echo>
		<replaceregexp file="${dist.exploded.dir}/local.properties" byline="true"
			match="^\s+(.*)\s*$"
			replace="\1"
			/>
		<execute-property-test-pass
			/>
		<echo message="**** Exiting test:property:fail:cacore-sdk.binaries.file"/>
	</target>
	<target name="test:property:fail:cacore-sdk.binaries.relative.dir-syntax">
		<echo message="**** Entering test:property:fail:cacore-sdk.binaries.relative.dir"/>
		<echo file="${dist.exploded.dir}/local.properties" append="false">
			cacore-sdk.binaries.relative.dir=fa il
			evaluate.property.name=cacore-sdk.binaries.relative.dir
			evaluate.result=fail
			#groovy.debug=true
		</echo>
		<replaceregexp file="${dist.exploded.dir}/local.properties" byline="true"
			match="^\s+(.*)\s*$"
			replace="\1"
			/>
		<execute-property-test-pass
			/>
		<echo message="**** Exiting test:property:fail:cacore-sdk.binaries.relative.dir"/>
	</target>
	<target name="test:property:fail:cacore-sdk.required-syntax">
		<echo message="**** Entering test:property:fail:cacore-sdk.required"/>
		<echo file="${dist.exploded.dir}/local.properties" append="false">
			cacore-sdk.required=fail/conditoin
			evaluate.property.name=cacore-sdk.required
			evaluate.result=fail
			#groovy.debug=true
		</echo>
		<replaceregexp file="${dist.exploded.dir}/local.properties" byline="true"
			match="^\s+(.*)\s*$"
			replace="\1"
			/>
		<execute-property-test-pass
			/>
		<echo message="**** Exiting test:property:fail:cacore-sdk.required"/>
	</target>
	<target name="test:property:fail:cacore-sdk.required-tf">
		<echo message="**** Entering test:property:fail:cacore-sdk.required"/>
		<echo file="${dist.exploded.dir}/local.properties" append="false">
			cacore-sdk.required=joe
			evaluate.property.name=cacore-sdk.required
			evaluate.result=fail
			#groovy.debug=true
		</echo>
		<replaceregexp file="${dist.exploded.dir}/local.properties" byline="true"
			match="^\s+(.*)\s*$"
			replace="\1"
			/>
		<execute-property-test-pass
			/>
		<echo message="**** Exiting test:property:fail:cacore-sdk.required"/>
	</target>
	<target name="test:property:fail:cacore-sdk.src.url-syntax">
		<echo message="**** Entering test:property:fail:cacore-sdk.src.url"/>
		<echo file="${dist.exploded.dir}/local.properties" append="false">
			cacore-sdk.src.url=http://gforge. nci.nih.gov
			evaluate.property.name=cacore-sdk.src.url
			evaluate.result=fail
			#groovy.debug=true
		</echo>
		<replaceregexp file="${dist.exploded.dir}/local.properties" byline="true"
			match="^\s+(.*)\s*$"
			replace="\1"
			/>
		<execute-property-test-pass
			/>
		<echo message="**** Exiting test:property:fail:cacore-sdk.src.url"/>
	</target>
	<target name="test:property:fail:cacore-sdk.src.url-url">
		<echo message="**** Entering test:property:fail:cacore-sdk.src.url"/>
		<echo file="${dist.exploded.dir}/local.properties" append="false">
			cacore-sdk.src.url=http://www.microsoft.com
			evaluate.property.name=cacore-sdk.src.url
			evaluate.result=fail
			#groovy.debug=true
		</echo>
		<replaceregexp file="${dist.exploded.dir}/local.properties" byline="true"
			match="^\s+(.*)\s*$"
			replace="\1"
			/>
		<execute-property-test-pass
			/>
		<echo message="**** Exiting test:property:fail:cacore-sdk.src.url"/>
	</target>
	<target name="test:property:fail:cagrid-base-war.binaries.file-syntax">
		<echo message="**** Entering test:property:fail:cagrid-base-war.binaries.file"/>
		<echo file="${dist.exploded.dir}/local.properties" append="false">
			cagrid-base-war.binaries.file=fa il
			evaluate.property.name=cagrid-base-war.binaries.file
			evaluate.result=fail
			#groovy.debug=true
		</echo>
		<replaceregexp file="${dist.exploded.dir}/local.properties" byline="true"
			match="^\s+(.*)\s*$"
			replace="\1"
			/>
		<execute-property-test-pass
			/>
		<echo message="**** Exiting test:property:fail:cagrid-base-war.binaries.file"/>
	</target>
	<target name="test:property:fail:cagrid-base-war.binaries.relative.dir-syntax">
		<echo message="**** Entering test:property:fail:cagrid-base-war.binaries.relative.dir"/>
		<echo file="${dist.exploded.dir}/local.properties" append="false">
			cagrid-base-war.binaries.relative.dir=fa\\il
			evaluate.property.name=cagrid-base-war.binaries.relative.dir
			evaluate.result=fail
			#groovy.debug=true
		</echo>
		<replaceregexp file="${dist.exploded.dir}/local.properties" byline="true"
			match="^\s+(.*)\s*$"
			replace="\1"
			/>
		<execute-property-test-pass
			/>
		<echo message="**** Exiting test:property:fail:cagrid-base-war.binaries.relative.dir"/>
	</target>
	<target name="test:property:fail:cagrid-base-war.src.url-syntax">
		<echo message="**** Entering test:property:fail:cagrid-base-war.src.url"/>
		<echo file="${dist.exploded.dir}/local.properties" append="false">
			cagrid-base-war.src.url=http://gforge .nci.nih.gov
			evaluate.property.name=cagrid-base-war.src.url
			evaluate.result=fail
			#groovy.debug=true
		</echo>
		<replaceregexp file="${dist.exploded.dir}/local.properties" byline="true"
			match="^\s+(.*)\s*$"
			replace="\1"
			/>
		<execute-property-test-pass
			/>
		<echo message="**** Exiting test:property:fail:cagrid-base-war.src.url"/>
	</target>
	<target name="test:property:fail:cagrid-base-war.src.url-url">
		<echo message="**** Entering test:property:fail:cagrid-base-war.src.url"/>
		<echo file="${dist.exploded.dir}/local.properties" append="false">
			cagrid-base-war.src.url=http://www.microsoft.com
			evaluate.property.name=cagrid-base-war.src.url
			evaluate.result=fail
			#groovy.debug=true
		</echo>
		<replaceregexp file="${dist.exploded.dir}/local.properties" byline="true"
			match="^\s+(.*)\s*$"
			replace="\1"
			/>
		<execute-property-test-pass
			/>
		<echo message="**** Exiting test:property:fail:cagrid-base-war.src.url"/>
	</target>
	<target name="test:property:fail:cagrid-console.binaries.file-syntax">
		<echo message="**** Entering test:property:fail:cagrid-console.binaries.file"/>
		<echo file="${dist.exploded.dir}/local.properties" append="false">
			cagrid-console.binaries.file=fa il
			evaluate.property.name=cagrid-console.binaries.file
			evaluate.result=fail
			#groovy.debug=true
		</echo>
		<replaceregexp file="${dist.exploded.dir}/local.properties" byline="true"
			match="^\s+(.*)\s*$"
			replace="\1"
			/>
		<execute-property-test-pass
			/>
		<echo message="**** Exiting test:property:fail:cagrid-console.binaries.file"/>
	</target>
	<target name="test:property:fail:cagrid-console.binaries.relative.dir-syntax">
		<echo message="**** Entering test:property:fail:cagrid-console.binaries.relative.dir"/>
		<echo file="${dist.exploded.dir}/local.properties" append="false">
			cagrid-console.binaries.relative.dir=fa\\il
			evaluate.property.name=cagrid-console.binaries.relative.dir
			evaluate.result=fail
			#groovy.debug=true
		</echo>
		<replaceregexp file="${dist.exploded.dir}/local.properties" byline="true"
			match="^\s+(.*)\s*$"
			replace="\1"
			/>
		<execute-property-test-pass
			/>
		<echo message="**** Exiting test:property:fail:cagrid-console.binaries.relative.dir"/>
	</target>
	<target name="test:property:fail:cagrid-console.src.url-syntax">
		<echo message="**** Entering test:property:fail:cagrid-console.src.url"/>
		<echo file="${dist.exploded.dir}/local.properties" append="false">
			cagrid-console.src.url=http://gf orge.nci.nih.gov/svnroot/
			evaluate.property.name=cagrid-console.src.url
			evaluate.result=fail
			#groovy.debug=true
		</echo>
		<replaceregexp file="${dist.exploded.dir}/local.properties" byline="true"
			match="^\s+(.*)\s*$"
			replace="\1"
			/>
		<execute-property-test-pass
			/>
		<echo message="**** Exiting test:property:fail:cagrid-console.src.url"/>
	</target>
	<target name="test:property:fail:cagrid-console.src.url-url">
		<echo message="**** Entering test:property:fail:cagrid-console.src.url"/>
		<echo file="${dist.exploded.dir}/local.properties" append="false">
			cagrid-console.src.url=http://www.microsoft.com
			evaluate.property.name=cagrid-console.src.url
			evaluate.result=fail
			#groovy.debug=true
		</echo>
		<replaceregexp file="${dist.exploded.dir}/local.properties" byline="true"
			match="^\s+(.*)\s*$"
			replace="\1"
			/>
		<execute-property-test-pass
			/>
		<echo message="**** Exiting test:property:fail:cagrid-console.src.url"/>
	</target>
	<target name="test:property:fail:cagrid-libs.binaries.file-syntax">
		<echo message="**** Entering test:property:fail:cagrid-libs.binaries.file"/>
		<echo file="${dist.exploded.dir}/local.properties" append="false">
			cagrid-libs.binaries.file=fa il
			evaluate.property.name=cagrid-libs.binaries.file
			evaluate.result=fail
			#groovy.debug=true
		</echo>
		<replaceregexp file="${dist.exploded.dir}/local.properties" byline="true"
			match="^\s+(.*)\s*$"
			replace="\1"
			/>
		<execute-property-test-pass
			/>
		<echo message="**** Exiting test:property:fail:cagrid-libs.binaries.file"/>
	</target>
	<target name="test:property:fail:cagrid-libs.binaries.relative.dir-syntax">
		<echo message="**** Entering test:property:fail:cagrid-libs.binaries.relative.dir"/>
		<echo file="${dist.exploded.dir}/local.properties" append="false">
			cagrid-libs.binaries.relative.dir=fa\\il
			evaluate.property.name=cagrid-libs.binaries.relative.dir
			evaluate.result=fail
			#groovy.debug=true
		</echo>
		<replaceregexp file="${dist.exploded.dir}/local.properties" byline="true"
			match="^\s+(.*)\s*$"
			replace="\1"
			/>
		<execute-property-test-pass
			/>
		<echo message="**** Exiting test:property:fail:cagrid-libs.binaries.relative.dir"/>
	</target>
	<target name="test:property:fail:cagrid-libs.src.url-syntax">
		<echo message="**** Entering test:property:fail:cagrid-libs.src.url"/>
		<echo file="${dist.exploded.dir}/local.properties" append="false">
			cagrid-libs.src.url=http://gforge. nci.nih.gov
			evaluate.property.name=cagrid-libs.src.url
			evaluate.result=fail
			#groovy.debug=true
		</echo>
		<replaceregexp file="${dist.exploded.dir}/local.properties" byline="true"
			match="^\s+(.*)\s*$"
			replace="\1"
			/>
		<execute-property-test-pass
			/>
		<echo message="**** Exiting test:property:fail:cagrid-libs.src.url"/>
	</target>
	<target name="test:property:fail:cagrid-libs.src.url-url">
		<echo message="**** Entering test:property:fail:cagrid-libs.src.url"/>
		<echo file="${dist.exploded.dir}/local.properties" append="false">
			cagrid-libs.src.url=http://www.microsoft.com
			evaluate.property.name=cagrid-libs.src.url
			evaluate.result=fail
			#groovy.debug=true
		</echo>
		<replaceregexp file="${dist.exploded.dir}/local.properties" byline="true"
			match="^\s+(.*)\s*$"
			replace="\1"
			/>
		<execute-property-test-pass
			/>
		<echo message="**** Exiting test:property:fail:cagrid-libs.src.url"/>
	</target>
	<target name="test:property:fail:cagrid-target.src.url-syntax">
		<echo message="**** Entering test:property:fail:cagrid-target.src.url"/>
		<echo file="${dist.exploded.dir}/local.properties" append="false">
			cagrid-target.src.url=https://nci svn.nci.nih.gov
			evaluate.property.name=cagrid-target.src.url
			evaluate.result=fail
			#groovy.debug=true
		</echo>
		<replaceregexp file="${dist.exploded.dir}/local.properties" byline="true"
			match="^\s+(.*)\s*$"
			replace="\1"
			/>
		<execute-property-test-pass
			/>
		<echo message="**** Exiting test:property:fail:cagrid-target.src.url"/>
	</target>
	<target name="test:property:fail:cagrid-target.src.url-url">
		<echo message="**** Entering test:property:fail:cagrid-target.src.url"/>
		<echo file="${dist.exploded.dir}/local.properties" append="false">
			cagrid-target.src.url=https://www.microsoft.com
			evaluate.property.name=cagrid-target.src.url
			evaluate.result=fail
			#groovy.debug=true
		</echo>
		<replaceregexp file="${dist.exploded.dir}/local.properties" byline="true"
			match="^\s+(.*)\s*$"
			replace="\1"
			/>
		<execute-property-test-pass
			/>
		<echo message="**** Exiting test:property:fail:cagrid-target.src.url"/>
	</target>
</project>
