
<project name="test-properties" default="run" basedir=".">
	<import file="test-common.xml" />
	<target name="run">
		<mkdir dir="${antunit.xml.report.dir}"/>
		<antunit failOnError="false">
			<file file="${ant.file}"/>
			<xmllistener toDir="${antunit.xml.report.dir}" logLevel="verbose" />
			<plainlistener logLevel="info"/>
		</antunit>      
		<osfamily property="os.family"/>
		<if>                    
			<or>                            
				<equals arg1="${os.family}" arg2="mac"/>
				<equals arg1="${os.family}" arg2="unix"/>
			</or>                   
			<then>                          
				<exec executable="egrep">               
					<arg line="'**** Entering|passed all validation rules.|failed validation.' ${antunit.xml.report.dir}/TEST-test-suite-properties-jdk15_xml.xml"/>
				</exec>                         
			</then>                 
			<else>                  
				<echo mesage="Grep not supported on windows"/>
			</else>                 
		</if>           
	</target>
	<target name="test:property:fail:cacore-sdk.binaries.file-syntax">
		<echo message="**** Entering test:property:fail:cacore-sdk.binaries.file"/>
		<echo file="${dist.exploded.dir}/local.properties" append="false">
			cacore-sdk.binaries.file=fail\\conditoin
			evaluate.property.name=cacore-sdk.binaries.file
			groovy.debug=true
		</echo>
		<replaceregexp file="${dist.exploded.dir}/local.properties" byline="true"
			match="^\s+(.*)\s*$"
			replace="\1"
			/>
		<execute-property-test-fail
			/>
		<echo message="**** Exiting test:property:fail:cacore-sdk.binaries.file"/>
	</target>
	<target name="test:property:fail:cacore-sdk.binaries.relative.dir-syntax">
		<echo message="**** Entering test:property:fail:cacore-sdk.binaries.relative.dir"/>
		<echo file="${dist.exploded.dir}/local.properties" append="false">
			cacore-sdk.binaries.relative.dir=
			evaluate.property.name=cacore-sdk.binaries.relative.dir
			groovy.debug=true
		</echo>
		<replaceregexp file="${dist.exploded.dir}/local.properties" byline="true"
			match="^\s+(.*)\s*$"
			replace="\1"
			/>
		<execute-property-test-fail
			/>
		<echo message="**** Exiting test:property:fail:cacore-sdk.binaries.relative.dir"/>
	</target>
	<target name="test:property:fail:cacore-sdk.required-syntax">
		<echo message="**** Entering test:property:fail:cacore-sdk.required"/>
		<echo file="${dist.exploded.dir}/local.properties" append="false">
			cacore-sdk.required=fail/conditoin
			evaluate.property.name=cacore-sdk.required
			groovy.debug=true
		</echo>
		<replaceregexp file="${dist.exploded.dir}/local.properties" byline="true"
			match="^\s+(.*)\s*$"
			replace="\1"
			/>
		<execute-property-test-fail
			/>
		<echo message="**** Exiting test:property:fail:cacore-sdk.required"/>
	</target>
	<target name="test:property:fail:cacore-sdk.required-tf">
		<echo message="**** Entering test:property:fail:cacore-sdk.required"/>
		<echo file="${dist.exploded.dir}/local.properties" append="false">
			cacore-sdk.required=joe
			evaluate.property.name=cacore-sdk.required
			groovy.debug=true
		</echo>
		<replaceregexp file="${dist.exploded.dir}/local.properties" byline="true"
			match="^\s+(.*)\s*$"
			replace="\1"
			/>
		<execute-property-test-fail
			/>
		<echo message="**** Exiting test:property:fail:cacore-sdk.required"/>
	</target>
	<target name="test:property:fail:cacore-sdk.src.url-syntax">
		<echo message="**** Entering test:property:fail:cacore-sdk.src.url"/>
		<echo file="${dist.exploded.dir}/local.properties" append="false">
			cacore-sdk.src.url=http://gforge. nci.nih.gov
			evaluate.property.name=cacore-sdk.src.url
			groovy.debug=true
		</echo>
		<replaceregexp file="${dist.exploded.dir}/local.properties" byline="true"
			match="^\s+(.*)\s*$"
			replace="\1"
			/>
		<execute-property-test-fail
			/>
		<echo message="**** Exiting test:property:fail:cacore-sdk.src.url"/>
	</target>
	<target name="test:property:fail:cacore-sdk.src.url-url">
		<echo message="**** Entering test:property:fail:cacore-sdk.src.url"/>
		<echo file="${dist.exploded.dir}/local.properties" append="false">
			cacore-sdk.src.url=http://www.microsoft.com
			evaluate.property.name=cacore-sdk.src.url
			groovy.debug=true
		</echo>
		<replaceregexp file="${dist.exploded.dir}/local.properties" byline="true"
			match="^\s+(.*)\s*$"
			replace="\1"
			/>
		<execute-property-test-fail
			/>
		<echo message="**** Exiting test:property:fail:cacore-sdk.src.url"/>
	</target>
	<target name="test:property:fail:cagrid-base-war.binaries.file-syntax">
		<echo message="**** Entering test:property:fail:cagrid-base-war.binaries.file"/>
		<echo file="${dist.exploded.dir}/local.properties" append="false">
			cagrid-base-war.binaries.file=fa il
			evaluate.property.name=cagrid-base-war.binaries.file
			groovy.debug=true
		</echo>
		<replaceregexp file="${dist.exploded.dir}/local.properties" byline="true"
			match="^\s+(.*)\s*$"
			replace="\1"
			/>
		<execute-property-test-fail
			/>
		<echo message="**** Exiting test:property:fail:cagrid-base-war.binaries.file"/>
	</target>
	<target name="test:property:fail:cagrid-base-war.binaries.relative.dir-syntax">
		<echo message="**** Entering test:property:fail:cagrid-base-war.binaries.relative.dir"/>
		<echo file="${dist.exploded.dir}/local.properties" append="false">
			cagrid-base-war.binaries.relative.dir=fa\\il
			evaluate.property.name=cagrid-base-war.binaries.relative.dir
			groovy.debug=true
		</echo>
		<replaceregexp file="${dist.exploded.dir}/local.properties" byline="true"
			match="^\s+(.*)\s*$"
			replace="\1"
			/>
		<execute-property-test-fail
			/>
		<echo message="**** Exiting test:property:fail:cagrid-base-war.binaries.relative.dir"/>
	</target>
	<target name="test:property:fail:cagrid-base-war.src.url-syntax">
		<echo message="**** Entering test:property:fail:cagrid-base-war.src.url"/>
		<echo file="${dist.exploded.dir}/local.properties" append="false">
			cagrid-base-war.src.url=http://gforge .nci.nih.gov
			evaluate.property.name=cagrid-base-war.src.url
			groovy.debug=true
		</echo>
		<replaceregexp file="${dist.exploded.dir}/local.properties" byline="true"
			match="^\s+(.*)\s*$"
			replace="\1"
			/>
		<execute-property-test-fail
			/>
		<echo message="**** Exiting test:property:fail:cagrid-base-war.src.url"/>
	</target>
	<target name="test:property:fail:cagrid-base-war.src.url-url">
		<echo message="**** Entering test:property:fail:cagrid-base-war.src.url"/>
		<echo file="${dist.exploded.dir}/local.properties" append="false">
			cagrid-base-war.src.url=http://www.microsoft.com
			evaluate.property.name=cagrid-base-war.src.url
			groovy.debug=true
		</echo>
		<replaceregexp file="${dist.exploded.dir}/local.properties" byline="true"
			match="^\s+(.*)\s*$"
			replace="\1"
			/>
		<execute-property-test-fail
			/>
		<echo message="**** Exiting test:property:fail:cagrid-base-war.src.url"/>
	</target>
	<target name="test:property:fail:cagrid-console.binaries.file-syntax">
		<echo message="**** Entering test:property:fail:cagrid-console.binaries.file"/>
		<echo file="${dist.exploded.dir}/local.properties" append="false">
			cagrid-console.binaries.file=fa il
			evaluate.property.name=cagrid-console.binaries.file
			groovy.debug=true
		</echo>
		<replaceregexp file="${dist.exploded.dir}/local.properties" byline="true"
			match="^\s+(.*)\s*$"
			replace="\1"
			/>
		<execute-property-test-fail
			/>
		<echo message="**** Exiting test:property:fail:cagrid-console.binaries.file"/>
	</target>
	<target name="test:property:fail:cagrid-console.binaries.relative.dir-syntax">
		<echo message="**** Entering test:property:fail:cagrid-console.binaries.relative.dir"/>
		<echo file="${dist.exploded.dir}/local.properties" append="false">
			cagrid-console.binaries.relative.dir=fa\\il
			evaluate.property.name=cagrid-console.binaries.relative.dir
			groovy.debug=true
		</echo>
		<replaceregexp file="${dist.exploded.dir}/local.properties" byline="true"
			match="^\s+(.*)\s*$"
			replace="\1"
			/>
		<execute-property-test-fail
			/>
		<echo message="**** Exiting test:property:fail:cagrid-console.binaries.relative.dir"/>
	</target>
	<target name="test:property:fail:cagrid-console.src.url-syntax">
		<echo message="**** Entering test:property:fail:cagrid-console.src.url"/>
		<echo file="${dist.exploded.dir}/local.properties" append="false">
			cagrid-console.src.url=http://gf orge.nci.nih.gov/svnroot/
			evaluate.property.name=cagrid-console.src.url
			groovy.debug=true
		</echo>
		<replaceregexp file="${dist.exploded.dir}/local.properties" byline="true"
			match="^\s+(.*)\s*$"
			replace="\1"
			/>
		<execute-property-test-fail
			/>
		<echo message="**** Exiting test:property:fail:cagrid-console.src.url"/>
	</target>
	<target name="test:property:fail:cagrid-console.src.url-url">
		<echo message="**** Entering test:property:fail:cagrid-console.src.url"/>
		<echo file="${dist.exploded.dir}/local.properties" append="false">
			cagrid-console.src.url=http://www.microsoft.com
			evaluate.property.name=cagrid-console.src.url
			groovy.debug=true
		</echo>
		<replaceregexp file="${dist.exploded.dir}/local.properties" byline="true"
			match="^\s+(.*)\s*$"
			replace="\1"
			/>
		<execute-property-test-fail
			/>
		<echo message="**** Exiting test:property:fail:cagrid-console.src.url"/>
	</target>
	<target name="test:property:fail:cagrid-libs.binaries.file-syntax">
		<echo message="**** Entering test:property:fail:cagrid-libs.binaries.file"/>
		<echo file="${dist.exploded.dir}/local.properties" append="false">
			cagrid-libs.binaries.file=fa il
			evaluate.property.name=cagrid-libs.binaries.file
			groovy.debug=true
		</echo>
		<replaceregexp file="${dist.exploded.dir}/local.properties" byline="true"
			match="^\s+(.*)\s*$"
			replace="\1"
			/>
		<execute-property-test-fail
			/>
		<echo message="**** Exiting test:property:fail:cagrid-libs.binaries.file"/>
	</target>
	<target name="test:property:fail:cagrid-libs.binaries.relative.dir-syntax">
		<echo message="**** Entering test:property:fail:cagrid-libs.binaries.relative.dir"/>
		<echo file="${dist.exploded.dir}/local.properties" append="false">
			cagrid-libs.binaries.relative.dir=fa\\il
			evaluate.property.name=cagrid-libs.binaries.relative.dir
			groovy.debug=true
		</echo>
		<replaceregexp file="${dist.exploded.dir}/local.properties" byline="true"
			match="^\s+(.*)\s*$"
			replace="\1"
			/>
		<execute-property-test-fail
			/>
		<echo message="**** Exiting test:property:fail:cagrid-libs.binaries.relative.dir"/>
	</target>
	<target name="test:property:fail:cagrid-libs.src.url-syntax">
		<echo message="**** Entering test:property:fail:cagrid-libs.src.url"/>
		<echo file="${dist.exploded.dir}/local.properties" append="false">
			cagrid-libs.src.url=http://gforge. nci.nih.gov
			evaluate.property.name=cagrid-libs.src.url
			groovy.debug=true
		</echo>
		<replaceregexp file="${dist.exploded.dir}/local.properties" byline="true"
			match="^\s+(.*)\s*$"
			replace="\1"
			/>
		<execute-property-test-fail
			/>
		<echo message="**** Exiting test:property:fail:cagrid-libs.src.url"/>
	</target>
	<target name="test:property:fail:cagrid-libs.src.url-url">
		<echo message="**** Entering test:property:fail:cagrid-libs.src.url"/>
		<echo file="${dist.exploded.dir}/local.properties" append="false">
			cagrid-libs.src.url=http://www.microsoft.com
			evaluate.property.name=cagrid-libs.src.url
			groovy.debug=true
		</echo>
		<replaceregexp file="${dist.exploded.dir}/local.properties" byline="true"
			match="^\s+(.*)\s*$"
			replace="\1"
			/>
		<execute-property-test-fail
			/>
		<echo message="**** Exiting test:property:fail:cagrid-libs.src.url"/>
	</target>
	<target name="test:property:fail:cagrid-target.src.url-syntax">
		<echo message="**** Entering test:property:fail:cagrid-target.src.url"/>
		<echo file="${dist.exploded.dir}/local.properties" append="false">
			cagrid-target.src.url=https://nci svn.nci.nih.gov
			evaluate.property.name=cagrid-target.src.url
			groovy.debug=true
		</echo>
		<replaceregexp file="${dist.exploded.dir}/local.properties" byline="true"
			match="^\s+(.*)\s*$"
			replace="\1"
			/>
		<execute-property-test-fail
			/>
		<echo message="**** Exiting test:property:fail:cagrid-target.src.url"/>
	</target>
	<target name="test:property:fail:cagrid-target.src.url-url">
		<echo message="**** Entering test:property:fail:cagrid-target.src.url"/>
		<echo file="${dist.exploded.dir}/local.properties" append="false">
			cagrid-target.src.url=https://www.microsoft.com
			evaluate.property.name=cagrid-target.src.url
			groovy.debug=true
		</echo>
		<replaceregexp file="${dist.exploded.dir}/local.properties" byline="true"
			match="^\s+(.*)\s*$"
			replace="\1"
			/>
		<execute-property-test-fail
			/>
		<echo message="**** Exiting test:property:fail:cagrid-target.src.url"/>
	</target>
</project>
