<project name="test-properties" default="run" basedir=".">
	<import file="test-common.xml" />
	<target name="run">
		<mkdir dir="${antunit.xml.report.dir}"/>
		<antunit failOnError="false">
			<file file="${ant.file}"/>
			<xmllistener toDir="${antunit.xml.report.dir}" logLevel="verbose" />
			<plainlistener logLevel="info"/>
		</antunit>      
		<osfamily property="os.family"/>
		<if>                    
			<or>                            
				<equals arg1="${os.family}" arg2="mac"/>
				<equals arg1="${os.family}" arg2="unix"/>
			</or>                   
			<then>                          
				<exec executable="egrep">               
					<arg line="'**** Entering|passed all validation rules.|failed validation.' ${antunit.xml.report.dir}/TEST-test-suite-properties-jdk15_xml.xml"/>
				</exec>                         
			</then>                 
			<else>                  
				<echo mesage="Grep not supported on windows"/>
			</else>                 
		</if>           
	</target>
	<target name="test:property:fail:abp-linux-syntax">
		<echo message="**** Entering test:property:fail:abp-linux-syntax"/>
		<echo message="dist.exploded.dir-${dist.exploded.dir}"/>
		<echo file="${dist.exploded.dir}/local.properties" append="false">
			application.base.path.linux=invalidpath
			evaluate.property.name=application.base.path.linux
			#groovy.debug=true
		</echo>
		<!-- cleanup leading spaces because of append above -->
		<replaceregexp file="${dist.exploded.dir}/local.properties" byline="true"
			match="^\s+(.*)\s*$"
			replace="\1"
			/>
		<execute-property-test-fail
			/>
		<echo message="**** Exiting test:property:fail:abp-linux-syntax"/>
	</target>
	<target name="test:property:pass:abp-linux-syntax">
		<echo message="**** Entering test:property:pass:abp-linux-syntax"/>
		<echo file="${dist.exploded.dir}/local.properties" append="false">
			application.base.path.linux=/valid/path-syntax
			evaluate.property.name=application.base.path.linux
			#groovy.debug=true
		</echo>
		<!-- cleanup leading spaces because of append above -->
		<replaceregexp file="${dist.exploded.dir}/local.properties" byline="true"
			match="^\s+(.*)\s*$"
			replace="\1"
			/>
		<execute-property-test-pass
			/>
		<echo message="**** Exiting test:property:pass:abp-linux-syntax"/>
	</target>
	<target name="test:property:pass:abp-win-syntax">
		<echo message="**** Entering test:property:pass:abp-win-syntax"/>
		<echo file="${dist.exploded.dir}/local.properties" append="false">
			application.base.path.windows=c:/valid/path-syntax
			evaluate.property.name=application.base.path.windows
			#groovy.debug=true
		</echo>
		<!-- cleanup leading spaces because of append above -->
		<replaceregexp file="${dist.exploded.dir}/local.properties" byline="true"
			match="^\s+(.*)\s*$"
			replace="\1"
			/>
		<execute-property-test-pass
			/>
		<echo message="**** Exiting test:property:pass:abp-win-syntax"/>
	</target>
	<target name="test:property:fail:abp-win-syntax">
		<echo message="**** Entering test:property:fail:abp-win-syntax"/>
		<echo message="dist.exploded.dir-${dist.exploded.dir}"/>
		<echo file="${dist.exploded.dir}/local.properties" append="false">
			application.base.path.windows=invalidpath
			evaluate.property.name=application.base.path.windows
			#groovy.debug=true
		</echo>
		<!-- cleanup leading spaces because of append above -->
		<replaceregexp file="${dist.exploded.dir}/local.properties" byline="true"
			match="^\s+(.*)\s*$"
			replace="\1"
			/>
		<execute-property-test-fail
			/>
		<echo message="**** Exiting test:property:fail:abp-win-syntax"/>
	</target>
	<target name="test:property:pass:abp-value-linux">
		<echo message="**** Entering test:property:pass:abp-value-linux"/>
		<echo file="${dist.exploded.dir}/local.properties" append="false">
			application.base.path.linux=/valid/path-value
			evaluate.property.name=application.base.path.linux
			#groovy.debug=true
		</echo>
		<!-- cleanup leading spaces because of append above -->
		<replaceregexp file="${dist.exploded.dir}/local.properties" byline="true"
			match="^\s+(.*)\s*$"
			replace="\1"
			/>
		<execute-property-test-pass
			/>
		<echo message="**** Exiting test:property:pass:abp-value-linux"/>
	</target>
	<target name="test:property:pass:abp-value-win">
		<echo message="**** Entering test:property:pass:abp-value-win"/>
		<echo file="${dist.exploded.dir}/local.properties" append="false">
			application.base.path.windows=c:/valid/path-value
			evaluate.property.name=application.base.path.windows
			#groovy.debug=true
		</echo>
		<!-- cleanup leading spaces because of append above -->
		<replaceregexp file="${dist.exploded.dir}/local.properties" byline="true"
			match="^\s+(.*)\s*$"
			replace="\1"
			/>
		<execute-property-test-pass
			/>
		<echo message="**** Exiting test:property:pass:abp-value-win"/>
	</target>
	<target name="test:property:fail:abp-value-linux">
		<echo message="**** Entering test:property:fail:abp-value-linux"/>
		<echo message="dist.exploded.dir-${dist.exploded.dir}"/>
		<echo file="${dist.exploded.dir}/local.properties" append="false">
			application.base.path.linux=/usr
			evaluate.property.name=application.base.path.linux
			#groovy.debug=true
		</echo>
		<!-- cleanup leading spaces because of append above -->
		<replaceregexp file="${dist.exploded.dir}/local.properties" byline="true"
			match="^\s+(.*)\s*$"
			replace="\1"
			/>
		<execute-property-test-fail
			/>
		<echo message="**** Exiting test:property:fail:abp-value-linux"/>
	</target>
	<target name="test:property:fail:abp-value-win">
		<echo message="**** Entering test:property:fail:abp-value-win"/>
		<echo message="dist.exploded.dir-${dist.exploded.dir}"/>
		<echo file="${dist.exploded.dir}/local.properties" append="false">
			application.base.path.windows=c:/
			evaluate.property.name=application.base.path.windows
			#groovy.debug=true
		</echo>
		<!-- cleanup leading spaces because of append above -->
		<replaceregexp file="${dist.exploded.dir}/local.properties" byline="true"
			match="^\s+(.*)\s*$"
			replace="\1"
			/>
		<execute-property-test-fail
			/>
		<echo message="**** Exiting test:property:fail:abp-value-win"/>
	</target>
	<target name="test:property:pass:authtype">
		<echo message="**** Entering test:property:pass:authtype"/>
		<echo file="${dist.exploded.dir}/local.properties" append="false">
			authentication.type=db
			evaluate.property.name=authentication.type
			#groovy.debug=true
		</echo>
		<!-- cleanup leading spaces because of append above -->
		<replaceregexp file="${dist.exploded.dir}/local.properties" byline="true"
			match="^\s+(.*)\s*$"
			replace="\1"
			/>
		<execute-property-test-pass
			/>
		<echo message="**** Exiting test:property:pass:authtype"/>
	</target>
	<target name="test:property:fail:authtype">
		<echo message="**** Entering test:property:fail:authtype"/>
		<echo message="dist.exploded.dir-${dist.exploded.dir}"/>
		<echo file="${dist.exploded.dir}/local.properties" append="false">
			authentication.type=fail
			evaluate.property.name=authentication.type
			#groovy.debug=true
		</echo>
		<!-- cleanup leading spaces because of append above -->
		<replaceregexp file="${dist.exploded.dir}/local.properties" byline="true"
			match="^\s+(.*)\s*$"
			replace="\1"
			/>
		<execute-property-test-fail
			/>
		<echo message="**** Exiting test:property:fail:authtype"/>
	</target>
	<target name="test:property:pass:cacore-req">
		<echo message="**** Entering test:property:pass:cacore-req"/>
		<echo file="${dist.exploded.dir}/local.properties" append="false">
			cacore-sdk.binaries.relative.dir=pass/condition
			cacore-sdk.binaries.file=passcondition
			cacore-sdk.src.url=http://pass/condition
			cacore-sdk.required=true
			evaluate.property.name=cacore-sdk.required
			#groovy.debug=true
		</echo>
		<!-- cleanup leading spaces because of append above -->
		<replaceregexp file="${dist.exploded.dir}/local.properties" byline="true"
			match="^\s+(.*)\s*$"
			replace="\1"
			/>
		<execute-property-test-pass
			/>
		<echo message="**** Exiting test:property:pass:cacore-req"/>
	</target>
	<target name="test:property:fail:cacore-req">
		<echo message="**** Entering test:property:fail:cacore-req"/>
		<echo message="dist.exploded.dir-${dist.exploded.dir}"/>
		<echo file="${dist.exploded.dir}/local.properties" append="false">
			cacore-sdk.binaries.relative.dir=fail condition
			cacore-sdk.binaries.file=faile condition
			cacore-sdk.src.url=fail contition
			cacore-sdk.required=true
			evaluate.property.name=cacore-sdk.required
			#groovy.debug=true
		</echo>
		<!-- cleanup leading spaces because of append above -->
		<replaceregexp file="${dist.exploded.dir}/local.properties" byline="true"
			match="^\s+(.*)\s*$"
			replace="\1"
			/>
		<execute-property-test-fail
			/>
		<echo message="**** Exiting test:property:fail:cacore-req"/>
	</target>
	<target name="test:property:pass:cacore-bf">
		<echo message="**** Entering test:property:pass:cacore-bf"/>
		<echo file="${dist.exploded.dir}/local.properties" append="false">
			cacore-sdk.binaries.file=passcondition
			evaluate.property.name=cacore-sdk.binaries.file
			#groovy.debug=true
		</echo>
		<!-- cleanup leading spaces because of append above -->
		<replaceregexp file="${dist.exploded.dir}/local.properties" byline="true"
			match="^\s+(.*)\s*$"
			replace="\1"
			/>
		<execute-property-test-pass
			/>
		<echo message="**** Exiting test:property:pass:cacore-bf"/>
	</target>
	<target name="test:property:fail:cacore-bf">
		<echo message="**** Entering test:property:fail:cacore-bf"/>
		<echo message="dist.exploded.dir-${dist.exploded.dir}"/>
		<echo file="${dist.exploded.dir}/local.properties" append="false">
			cacore-sdk.binaries.file=fail condition
			evaluate.property.name=cacore-sdk.binaries.file
			#groovy.debug=true
		</echo>
		<!-- cleanup leading spaces because of append above -->
		<replaceregexp file="${dist.exploded.dir}/local.properties" byline="true"
			match="^\s+(.*)\s*$"
			replace="\1"
			/>
		<execute-property-test-fail
			/>
		<echo message="**** Exiting test:property:fail:cacore-bf"/>
	</target>
	<target name="test:property:pass:cacore-brd">
		<echo message="**** Entering test:property:pass:cacore-brd"/>
		<echo file="${dist.exploded.dir}/local.properties" append="false">
			cacore-sdk.binaries.relative.dir=pass/condition
			evaluate.property.name=cacore-sdk.binaries.relative.dir
			#groovy.debug=true
		</echo>
		<!-- cleanup leading spaces because of append above -->
		<replaceregexp file="${dist.exploded.dir}/local.properties" byline="true"
			match="^\s+(.*)\s*$"
			replace="\1"
			/>
		<execute-property-test-pass
			/>
		<echo message="**** Exiting test:property:pass:cacore-brd"/>
	</target>
	<target name="test:property:fail:cacore-brd">
		<echo message="**** Entering test:property:fail:cacore-brd"/>
		<echo message="dist.exploded.dir-${dist.exploded.dir}"/>
		<echo file="${dist.exploded.dir}/local.properties" append="false">
			cacore-sdk.binaries.relative.dir=fail condition
			evaluate.property.name=cacore-sdk.binaries.relative.dir
			#groovy.debug=true
		</echo>
		<!-- cleanup leading spaces because of append above -->
		<replaceregexp file="${dist.exploded.dir}/local.properties" byline="true"
			match="^\s+(.*)\s*$"
			replace="\1"
			/>
		<execute-property-test-fail
			/>
		<echo message="**** Exiting test:property:fail:cacore-brd"/>
	</target>
	<target name="test:property:pass:cacore-url">
		<echo message="**** Entering test:property:pass:cacore-url"/>
		<echo file="${dist.exploded.dir}/local.properties" append="false">
			cacore-sdk.src.url=http://pass.nci.nih.gov/pass
			evaluate.property.name=cacore-sdk.src.url
			#groovy.debug=true
		</echo>
		<!-- cleanup leading spaces because of append above -->
		<replaceregexp file="${dist.exploded.dir}/local.properties" byline="true"
			match="^\s+(.*)\s*$"
			replace="\1"
			/>
		<execute-property-test-pass
			/>
		<echo message="**** Exiting test:property:pass:cacore-url"/>
	</target>
	<target name="test:property:fail:cacore-url">
		<echo message="**** Entering test:property:fail:cacore-url"/>
		<echo message="dist.exploded.dir-${dist.exploded.dir}"/>
		<echo file="${dist.exploded.dir}/local.properties" append="false">
			cacore-sdk.src.url=fail
			evaluate.property.name=cacore-sdk.src.url
			#groovy.debug=true
		</echo>
		<!-- cleanup leading spaces because of append above -->
		<replaceregexp file="${dist.exploded.dir}/local.properties" byline="true"
			match="^\s+(.*)\s*$"
			replace="\1"
			/>
		<execute-property-test-fail
			/>
		<echo message="**** Exiting test:property:fail:cacore-url"/>
	</target>
	<target name="test:property:pass:cagrid-libs-bf">
		<echo message="**** Entering test:property:pass:cagrid-libs-bf"/>
		<echo file="${dist.exploded.dir}/local.properties" append="false">
			cagrid-libs.binaries.file=passcondition
			evaluate.property.name=cagrid-libs.binaries.file
			#groovy.debug=true
		</echo>
		<!-- cleanup leading spaces because of append above -->
		<replaceregexp file="${dist.exploded.dir}/local.properties" byline="true"
			match="^\s+(.*)\s*$"
			replace="\1"
			/>
		<execute-property-test-pass
			/>
		<echo message="**** Exiting test:property:pass:cagrid-libs-bf"/>
	</target>
	<target name="test:property:fail:cagrid-libs-bf">
		<echo message="**** Entering test:property:fail:cagrid-libs-bf"/>
		<echo message="dist.exploded.dir-${dist.exploded.dir}"/>
		<echo file="${dist.exploded.dir}/local.properties" append="false">
			cagrid-libs.binaries.file=fail condition
			evaluate.property.name=cagrid-libs.binaries.file
			#groovy.debug=true
		</echo>
		<!-- cleanup leading spaces because of append above -->
		<replaceregexp file="${dist.exploded.dir}/local.properties" byline="true"
			match="^\s+(.*)\s*$"
			replace="\1"
			/>
		<execute-property-test-fail
			/>
		<echo message="**** Exiting test:property:fail:cagrid-libs-bf"/>
	</target>
	<target name="test:property:pass:cagrid-libs-brd">
		<echo message="**** Entering test:property:pass:cagrid-libs-brd"/>
		<echo file="${dist.exploded.dir}/local.properties" append="false">
			cagrid-libs.binaries.relative.dir=pass/condition
			evaluate.property.name=cagrid-libs.binaries.relative.dir
			#groovy.debug=true
		</echo>
		<!-- cleanup leading spaces because of append above -->
		<replaceregexp file="${dist.exploded.dir}/local.properties" byline="true"
			match="^\s+(.*)\s*$"
			replace="\1"
			/>
		<execute-property-test-pass
			/>
		<echo message="**** Exiting test:property:pass:cagrid-libs-brd"/>
	</target>
	<target name="test:property:fail:cagrid-libs-brd">
		<echo message="**** Entering test:property:fail:cagrid-libs-brd"/>
		<echo message="dist.exploded.dir-${dist.exploded.dir}"/>
		<echo file="${dist.exploded.dir}/local.properties" append="false">
			cagrid-libs.binaries.relative.dir=fail condition
			evaluate.property.name=cagrid-libs.binaries.relative.dir
			#groovy.debug=true
		</echo>
		<!-- cleanup leading spaces because of append above -->
		<replaceregexp file="${dist.exploded.dir}/local.properties" byline="true"
			match="^\s+(.*)\s*$"
			replace="\1"
			/>
		<execute-property-test-fail
			/>
		<echo message="**** Exiting test:property:fail:cagrid-libs-brd"/>
	</target>
	<target name="test:property:pass:cagrid-libs-url">
		<echo message="**** Entering test:property:pass:cagrid-libs-url"/>
		<echo file="${dist.exploded.dir}/local.properties" append="false">
			cagrid-libs.src.url=http://pass.nci.nih.gov/pass
			evaluate.property.name=cagrid-libs.src.url
			#groovy.debug=true
		</echo>
		<!-- cleanup leading spaces because of append above -->
		<replaceregexp file="${dist.exploded.dir}/local.properties" byline="true"
			match="^\s+(.*)\s*$"
			replace="\1"
			/>
		<execute-property-test-pass
			/>
		<echo message="**** Exiting test:property:pass:cagrid-libs-url"/>
	</target>
	<target name="test:property:fail:cagrid-libs-url">
		<echo message="**** Entering test:property:fail:cagrid-libs-url"/>
		<echo message="dist.exploded.dir-${dist.exploded.dir}"/>
		<echo file="${dist.exploded.dir}/local.properties" append="false">
			cagrid-libs.src.url=fail
			evaluate.property.name=cagrid-libs.src.url
			#groovy.debug=true
		</echo>
		<!-- cleanup leading spaces because of append above -->
		<replaceregexp file="${dist.exploded.dir}/local.properties" byline="true"
			match="^\s+(.*)\s*$"
			replace="\1"
			/>
		<execute-property-test-fail
			/>
		<echo message="**** Exiting test:property:fail:cagrid-libs-url"/>
	</target>
	<target name="test:property:pass:cagrid-war-bf">
		<echo message="**** Entering test:property:pass:cagrid-war-bf"/>
		<echo file="${dist.exploded.dir}/local.properties" append="false">
			cagrid-base-war.binaries.file=passcondition
			evaluate.property.name=cagrid-base-war.binaries.file
			#groovy.debug=true
		</echo>
		<!-- cleanup leading spaces because of append above -->
		<replaceregexp file="${dist.exploded.dir}/local.properties" byline="true"
			match="^\s+(.*)\s*$"
			replace="\1"
			/>
		<execute-property-test-pass
			/>
		<echo message="**** Exiting test:property:pass:cagrid-war-bf"/>
	</target>
	<target name="test:property:fail:cagrid-war-bf">
		<echo message="**** Entering test:property:fail:cagrid-war-bf"/>
		<echo message="dist.exploded.dir-${dist.exploded.dir}"/>
		<echo file="${dist.exploded.dir}/local.properties" append="false">
			cagrid-base-war.binaries.file=fail condition
			evaluate.property.name=cagrid-base-war.binaries.file
			#groovy.debug=true
		</echo>
		<!-- cleanup leading spaces because of append above -->
		<replaceregexp file="${dist.exploded.dir}/local.properties" byline="true"
			match="^\s+(.*)\s*$"
			replace="\1"
			/>
		<execute-property-test-fail
			/>
		<echo message="**** Exiting test:property:fail:cagrid-war-bf"/>
	</target>
	<target name="test:property:pass:cagrid-war-brd">
		<echo message="**** Entering test:property:pass:cagrid-war-brd"/>
		<echo file="${dist.exploded.dir}/local.properties" append="false">
			cagrid-base-war.binaries.relative.dir=pass/condition
			evaluate.property.name=cagrid-base-war.binaries.relative.dir
			#groovy.debug=true
		</echo>
		<!-- cleanup leading spaces because of append above -->
		<replaceregexp file="${dist.exploded.dir}/local.properties" byline="true"
			match="^\s+(.*)\s*$"
			replace="\1"
			/>
		<execute-property-test-pass
			/>
		<echo message="**** Exiting test:property:pass:cagrid-war-brd"/>
	</target>
	<target name="test:property:fail:cagrid-war-brd">
		<echo message="**** Entering test:property:fail:cagrid-war-brd"/>
		<echo message="dist.exploded.dir-${dist.exploded.dir}"/>
		<echo file="${dist.exploded.dir}/local.properties" append="false">
			cagrid-base-war.binaries.relative.dir=fail condition
			evaluate.property.name=cagrid-base-war.binaries.relative.dir
			#groovy.debug=true
		</echo>
		<!-- cleanup leading spaces because of append above -->
		<replaceregexp file="${dist.exploded.dir}/local.properties" byline="true"
			match="^\s+(.*)\s*$"
			replace="\1"
			/>
		<execute-property-test-fail
			/>
		<echo message="**** Exiting test:property:fail:cagrid-war-brd"/>
	</target>
	<target name="test:property:pass:cagrid-war-url">
		<echo message="**** Entering test:property:pass:cagrid-war-url"/>
		<echo file="${dist.exploded.dir}/local.properties" append="false">
			cagrid-base-war.src.url=http://pass.nci.nih.gov/pass
			evaluate.property.name=cagrid-base-war.src.url
			#groovy.debug=true
		</echo>
		<!-- cleanup leading spaces because of append above -->
		<replaceregexp file="${dist.exploded.dir}/local.properties" byline="true"
			match="^\s+(.*)\s*$"
			replace="\1"
			/>
		<execute-property-test-pass
			/>
		<echo message="**** Exiting test:property:pass:cagrid-war-url"/>
	</target>
	<target name="test:property:fail:cagrid-war-url">
		<echo message="**** Entering test:property:fail:cagrid-war-url"/>
		<echo message="dist.exploded.dir-${dist.exploded.dir}"/>
		<echo file="${dist.exploded.dir}/local.properties" append="false">
			cagrid-base-war.src.url=fail
			evaluate.property.name=cagrid-base-war.src.url
			#groovy.debug=true
		</echo>
		<!-- cleanup leading spaces because of append above -->
		<replaceregexp file="${dist.exploded.dir}/local.properties" byline="true"
			match="^\s+(.*)\s*$"
			replace="\1"
			/>
		<execute-property-test-fail
			/>
		<echo message="**** Exiting test:property:fail:cagrid-war-url"/>
	</target>
	<target name="test:property:pass:cagrid-console-bf">
		<echo message="**** Entering test:property:pass:cagrid-console-bf"/>
		<echo file="${dist.exploded.dir}/local.properties" append="false">
			cagrid-console.binaries.file=passcondition
			evaluate.property.name=cagrid-console.binaries.file
			#groovy.debug=true
		</echo>
		<!-- cleanup leading spaces because of append above -->
		<replaceregexp file="${dist.exploded.dir}/local.properties" byline="true"
			match="^\s+(.*)\s*$"
			replace="\1"
			/>
		<execute-property-test-pass
			/>
		<echo message="**** Exiting test:property:pass:cagrid-console-bf"/>
	</target>
	<target name="test:property:fail:cagrid-console-bf">
		<echo message="**** Entering test:property:fail:cagrid-console-bf"/>
		<echo message="dist.exploded.dir-${dist.exploded.dir}"/>
		<echo file="${dist.exploded.dir}/local.properties" append="false">
			cagrid-console.binaries.file=fail condition
			evaluate.property.name=cagrid-console.binaries.file
			#groovy.debug=true
		</echo>
		<!-- cleanup leading spaces because of append above -->
		<replaceregexp file="${dist.exploded.dir}/local.properties" byline="true"
			match="^\s+(.*)\s*$"
			replace="\1"
			/>
		<execute-property-test-fail
			/>
		<echo message="**** Exiting test:property:fail:cagrid-console-bf"/>
	</target>
	<target name="test:property:pass:cagrid-console-brd">
		<echo message="**** Entering test:property:pass:cagrid-console-brd"/>
		<echo file="${dist.exploded.dir}/local.properties" append="false">
			cagrid-console.binaries.relative.dir=pass/condition
			evaluate.property.name=cagrid-console.binaries.relative.dir
			#groovy.debug=true
		</echo>
		<!-- cleanup leading spaces because of append above -->
		<replaceregexp file="${dist.exploded.dir}/local.properties" byline="true"
			match="^\s+(.*)\s*$"
			replace="\1"
			/>
		<execute-property-test-pass
			/>
		<echo message="**** Exiting test:property:pass:cagrid-console-brd"/>
	</target>
	<target name="test:property:fail:cagrid-console-brd">
		<echo message="**** Entering test:property:fail:cagrid-console-brd"/>
		<echo message="dist.exploded.dir-${dist.exploded.dir}"/>
		<echo file="${dist.exploded.dir}/local.properties" append="false">
			cagrid-console.binaries.relative.dir=fail condition
			evaluate.property.name=cagrid-console.binaries.relative.dir
			#groovy.debug=true
		</echo>
		<!-- cleanup leading spaces because of append above -->
		<replaceregexp file="${dist.exploded.dir}/local.properties" byline="true"
			match="^\s+(.*)\s*$"
			replace="\1"
			/>
		<execute-property-test-fail
			/>
		<echo message="**** Exiting test:property:fail:cagrid-console-brd"/>
	</target>
	<target name="test:property:pass:cagrid-console-url">
		<echo message="**** Entering test:property:pass:cagrid-console-url"/>
		<echo file="${dist.exploded.dir}/local.properties" append="false">
			cagrid-console.src.url=http://pass.nci.nih.gov/pass
			evaluate.property.name=cagrid-console.src.url
			#groovy.debug=true
		</echo>
		<!-- cleanup leading spaces because of append above -->
		<replaceregexp file="${dist.exploded.dir}/local.properties" byline="true"
			match="^\s+(.*)\s*$"
			replace="\1"
			/>
		<execute-property-test-pass
			/>
		<echo message="**** Exiting test:property:pass:cagrid-console-url"/>
	</target>
	<target name="test:property:fail:cagrid-console-url">
		<echo message="**** Entering test:property:fail:cagrid-console-url"/>
		<echo message="dist.exploded.dir-${dist.exploded.dir}"/>
		<echo file="${dist.exploded.dir}/local.properties" append="false">
			cagrid-console.src.url=fail
			evaluate.property.name=cagrid-console.src.url
			#groovy.debug=true
		</echo>
		<!-- cleanup leading spaces because of append above -->
		<replaceregexp file="${dist.exploded.dir}/local.properties" byline="true"
			match="^\s+(.*)\s*$"
			replace="\1"
			/>
		<execute-property-test-fail
			/>
		<echo message="**** Exiting test:property:fail:cagrid-console-url"/>
	</target>
	<target name="test:property:pass:sync-gts-bf">
		<echo message="**** Entering test:property:pass:sync-gts-bf"/>
		<echo file="${dist.exploded.dir}/local.properties" append="false">
			sync-gts.binaries.file=passcondition
			evaluate.property.name=sync-gts.binaries.file
			#groovy.debug=true
		</echo>
		<!-- cleanup leading spaces because of append above -->
		<replaceregexp file="${dist.exploded.dir}/local.properties" byline="true"
			match="^\s+(.*)\s*$"
			replace="\1"
			/>
		<execute-property-test-pass
			/>
		<echo message="**** Exiting test:property:pass:sync-gts-bf"/>
	</target>
	<target name="test:property:fail:sync-gts-bf">
		<echo message="**** Entering test:property:fail:sync-gts-bf"/>
		<echo message="dist.exploded.dir-${dist.exploded.dir}"/>
		<echo file="${dist.exploded.dir}/local.properties" append="false">
			sync-gts.binaries.file=fail condition
			evaluate.property.name=sync-gts.binaries.file
			#groovy.debug=true
		</echo>
		<!-- cleanup leading spaces because of append above -->
		<replaceregexp file="${dist.exploded.dir}/local.properties" byline="true"
			match="^\s+(.*)\s*$"
			replace="\1"
			/>
		<execute-property-test-fail
			/>
		<echo message="**** Exiting test:property:fail:sync-gts-bf"/>
	</target>
	<target name="test:property:pass:sync-gts-brd">
		<echo message="**** Entering test:property:pass:sync-gts-brd"/>
		<echo file="${dist.exploded.dir}/local.properties" append="false">
			sync-gts.binaries.relative.dir=pass/condition
			evaluate.property.name=sync-gts.binaries.relative.dir
			#groovy.debug=true
		</echo>
		<!-- cleanup leading spaces because of append above -->
		<replaceregexp file="${dist.exploded.dir}/local.properties" byline="true"
			match="^\s+(.*)\s*$"
			replace="\1"
			/>
		<execute-property-test-pass
			/>
		<echo message="**** Exiting test:property:pass:sync-gts-brd"/>
	</target>
	<target name="test:property:fail:sync-gts-brd">
		<echo message="**** Entering test:property:fail:sync-gts-brd"/>
		<echo message="dist.exploded.dir-${dist.exploded.dir}"/>
		<echo file="${dist.exploded.dir}/local.properties" append="false">
			sync-gts.binaries.relative.dir=fail condition
			evaluate.property.name=sync-gts.binaries.relative.dir
			#groovy.debug=true
		</echo>
		<!-- cleanup leading spaces because of append above -->
		<replaceregexp file="${dist.exploded.dir}/local.properties" byline="true"
			match="^\s+(.*)\s*$"
			replace="\1"
			/>
		<execute-property-test-fail
			/>
		<echo message="**** Exiting test:property:fail:sync-gts-brd"/>
	</target>
	<target name="test:property:pass:sync-gts-url">
		<echo message="**** Entering test:property:pass:sync-gts-url"/>
		<echo file="${dist.exploded.dir}/local.properties" append="false">
			sync-gts.src.url=http://pass.nci.nih.gov/pass
			evaluate.property.name=sync-gts.src.url
			#groovy.debug=true
		</echo>
		<!-- cleanup leading spaces because of append above -->
		<replaceregexp file="${dist.exploded.dir}/local.properties" byline="true"
			match="^\s+(.*)\s*$"
			replace="\1"
			/>
		<execute-property-test-pass
			/>
		<echo message="**** Exiting test:property:pass:sync-gts-url"/>
	</target>
	<target name="test:property:fail:sync-gts-url">
		<echo message="**** Entering test:property:fail:sync-gts-url"/>
		<echo message="dist.exploded.dir-${dist.exploded.dir}"/>
		<echo file="${dist.exploded.dir}/local.properties" append="false">
			sync-gts.src.url=fail
			evaluate.property.name=sync-gts.src.url
			#groovy.debug=true
		</echo>
		<!-- cleanup leading spaces because of append above -->
		<replaceregexp file="${dist.exploded.dir}/local.properties" byline="true"
			match="^\s+(.*)\s*$"
			replace="\1"
			/>
		<execute-property-test-fail
			/>
		<echo message="**** Exiting test:property:fail:sync-gts-url"/>
	</target>
	<target name="test:property:pass:jboss-bf">
		<echo message="**** Entering test:property:pass:jboss-bf"/>
		<echo file="${dist.exploded.dir}/local.properties" append="false">
			jboss.binaries.file=passcondition
			evaluate.property.name=jboss.binaries.file
			#groovy.debug=true
		</echo>
		<!-- cleanup leading spaces because of append above -->
		<replaceregexp file="${dist.exploded.dir}/local.properties" byline="true"
			match="^\s+(.*)\s*$"
			replace="\1"
			/>
		<execute-property-test-pass
			/>
		<echo message="**** Exiting test:property:pass:jboss-bf"/>
	</target>
	<target name="test:property:fail:jboss-bf">
		<echo message="**** Entering test:property:fail:jboss-bf"/>
		<echo message="dist.exploded.dir-${dist.exploded.dir}"/>
		<echo file="${dist.exploded.dir}/local.properties" append="false">
			jboss.binaries.file=fail condition
			evaluate.property.name=jboss.binaries.file
			#groovy.debug=true
		</echo>
		<!-- cleanup leading spaces because of append above -->
		<replaceregexp file="${dist.exploded.dir}/local.properties" byline="true"
			match="^\s+(.*)\s*$"
			replace="\1"
			/>
		<execute-property-test-fail
			/>
		<echo message="**** Exiting test:property:fail:jboss-bf"/>
	</target>
	<target name="test:property:pass:jboss-brd">
		<echo message="**** Entering test:property:pass:jboss-brd"/>
		<echo file="${dist.exploded.dir}/local.properties" append="false">
			jboss.binaries.relative.dir=pass/condition
			evaluate.property.name=jboss.binaries.relative.dir
			#groovy.debug=true
		</echo>
		<!-- cleanup leading spaces because of append above -->
		<replaceregexp file="${dist.exploded.dir}/local.properties" byline="true"
			match="^\s+(.*)\s*$"
			replace="\1"
			/>
		<execute-property-test-pass
			/>
		<echo message="**** Exiting test:property:pass:jboss-brd"/>
	</target>
	<target name="test:property:fail:jboss-brd">
		<echo message="**** Entering test:property:fail:jboss-brd"/>
		<echo message="dist.exploded.dir-${dist.exploded.dir}"/>
		<echo file="${dist.exploded.dir}/local.properties" append="false">
			jboss.binaries.relative.dir=fail condition
			evaluate.property.name=jboss.binaries.relative.dir
			#groovy.debug=true
		</echo>
		<!-- cleanup leading spaces because of append above -->
		<replaceregexp file="${dist.exploded.dir}/local.properties" byline="true"
			match="^\s+(.*)\s*$"
			replace="\1"
			/>
		<execute-property-test-fail
			/>
		<echo message="**** Exiting test:property:fail:jboss-brd"/>
	</target>
	<target name="test:property:pass:jboss-url">
		<echo message="**** Entering test:property:pass:jboss-url"/>
		<echo file="${dist.exploded.dir}/local.properties" append="false">
			jboss.src.url=http://pass.nci.nih.gov/pass
			evaluate.property.name=jboss.src.url
			#groovy.debug=true
		</echo>
		<!-- cleanup leading spaces because of append above -->
		<replaceregexp file="${dist.exploded.dir}/local.properties" byline="true"
			match="^\s+(.*)\s*$"
			replace="\1"
			/>
		<execute-property-test-pass
			/>
		<echo message="**** Exiting test:property:pass:jboss-url"/>
	</target>
	<target name="test:property:fail:jboss-url">
		<echo message="**** Entering test:property:fail:jboss-url"/>
		<echo message="dist.exploded.dir-${dist.exploded.dir}"/>
		<echo file="${dist.exploded.dir}/local.properties" append="false">
			jboss.src.url=fail
			evaluate.property.name=jboss.src.url
			#groovy.debug=true
		</echo>
		<!-- cleanup leading spaces because of append above -->
		<replaceregexp file="${dist.exploded.dir}/local.properties" byline="true"
			match="^\s+(.*)\s*$"
			replace="\1"
			/>
		<execute-property-test-fail
			/>
		<echo message="**** Exiting test:property:fail:jboss-url"/>
	</target>
	<target name="test:property:pass:jbosscp-bf">
		<echo message="**** Entering test:property:pass:jbosscp-bf"/>
		<echo file="${dist.exploded.dir}/local.properties" append="false">
			jbosscp.binaries.file=passcondition
			evaluate.property.name=jbosscp.binaries.file
			#groovy.debug=true
		</echo>
		<!-- cleanup leading spaces because of append above -->
		<replaceregexp file="${dist.exploded.dir}/local.properties" byline="true"
			match="^\s+(.*)\s*$"
			replace="\1"
			/>
		<execute-property-test-pass
			/>
		<echo message="**** Exiting test:property:pass:jbosscp-bf"/>
	</target>
	<target name="test:property:fail:jbosscp-bf">
		<echo message="**** Entering test:property:fail:jbosscp-bf"/>
		<echo message="dist.exploded.dir-${dist.exploded.dir}"/>
		<echo file="${dist.exploded.dir}/local.properties" append="false">
			jbosscp.binaries.file=fail condition
			evaluate.property.name=jbosscp.binaries.file
			#groovy.debug=true
		</echo>
		<!-- cleanup leading spaces because of append above -->
		<replaceregexp file="${dist.exploded.dir}/local.properties" byline="true"
			match="^\s+(.*)\s*$"
			replace="\1"
			/>
		<execute-property-test-fail
			/>
		<echo message="**** Exiting test:property:fail:jbosscp-bf"/>
	</target>
	<target name="test:property:pass:jbosscp-url">
		<echo message="**** Entering test:property:pass:jbosscp-url"/>
		<echo file="${dist.exploded.dir}/local.properties" append="false">
			jbosscp.src.url=http://pass.nci.nih.gov/pass
			evaluate.property.name=jbosscp.src.url
			#groovy.debug=true
		</echo>
		<!-- cleanup leading spaces because of append above -->
		<replaceregexp file="${dist.exploded.dir}/local.properties" byline="true"
			match="^\s+(.*)\s*$"
			replace="\1"
			/>
		<execute-property-test-pass
			/>
		<echo message="**** Exiting test:property:pass:jbosscp-url"/>
	</target>
	<target name="test:property:fail:jbosscp-url">
		<echo message="**** Entering test:property:fail:jbosscp-url"/>
		<echo message="dist.exploded.dir-${dist.exploded.dir}"/>
		<echo file="${dist.exploded.dir}/local.properties" append="false">
			jbosscp.src.url=fail
			evaluate.property.name=jbosscp.src.url
			#groovy.debug=true
		</echo>
		<!-- cleanup leading spaces because of append above -->
		<replaceregexp file="${dist.exploded.dir}/local.properties" byline="true"
			match="^\s+(.*)\s*$"
			replace="\1"
			/>
		<execute-property-test-fail
			/>
		<echo message="**** Exiting test:property:fail:jbosscp-url"/>
	</target>
	<target name="test:property:pass:tomcat-bf">
		<echo message="**** Entering test:property:pass:tomcat-bf"/>
		<echo file="${dist.exploded.dir}/local.properties" append="false">
			tomcat.binaries.file=passcondition
			evaluate.property.name=tomcat.binaries.file
			#groovy.debug=true
		</echo>
		<!-- cleanup leading spaces because of append above -->
		<replaceregexp file="${dist.exploded.dir}/local.properties" byline="true"
			match="^\s+(.*)\s*$"
			replace="\1"
			/>
		<execute-property-test-pass
			/>
		<echo message="**** Exiting test:property:pass:tomcat-bf"/>
	</target>
	<target name="test:property:fail:tomcat-bf">
		<echo message="**** Entering test:property:fail:tomcat-bf"/>
		<echo message="dist.exploded.dir-${dist.exploded.dir}"/>
		<echo file="${dist.exploded.dir}/local.properties" append="false">
			tomcat.binaries.file=fail condition
			evaluate.property.name=tomcat.binaries.file
			#groovy.debug=true
		</echo>
		<!-- cleanup leading spaces because of append above -->
		<replaceregexp file="${dist.exploded.dir}/local.properties" byline="true"
			match="^\s+(.*)\s*$"
			replace="\1"
			/>
		<execute-property-test-fail
			/>
		<echo message="**** Exiting test:property:fail:tomcat-bf"/>
	</target>
	<target name="test:property:pass:tomcat-brd">
		<echo message="**** Entering test:property:pass:tomcat-brd"/>
		<echo file="${dist.exploded.dir}/local.properties" append="false">
			tomcat.binaries.relative.dir=pass/condition
			evaluate.property.name=tomcat.binaries.relative.dir
			#groovy.debug=true
		</echo>
		<!-- cleanup leading spaces because of append above -->
		<replaceregexp file="${dist.exploded.dir}/local.properties" byline="true"
			match="^\s+(.*)\s*$"
			replace="\1"
			/>
		<execute-property-test-pass
			/>
		<echo message="**** Exiting test:property:pass:tomcat-brd"/>
	</target>
	<target name="test:property:fail:tomcat-brd">
		<echo message="**** Entering test:property:fail:tomcat-brd"/>
		<echo message="dist.exploded.dir-${dist.exploded.dir}"/>
		<echo file="${dist.exploded.dir}/local.properties" append="false">
			tomcat.binaries.relative.dir=fail condition
			evaluate.property.name=tomcat.binaries.relative.dir
			#groovy.debug=true
		</echo>
		<!-- cleanup leading spaces because of append above -->
		<replaceregexp file="${dist.exploded.dir}/local.properties" byline="true"
			match="^\s+(.*)\s*$"
			replace="\1"
			/>
		<execute-property-test-fail
			/>
		<echo message="**** Exiting test:property:fail:tomcat-brd"/>
	</target>
	<target name="test:property:pass:tomcat-url">
		<echo message="**** Entering test:property:pass:tomcat-url"/>
		<echo file="${dist.exploded.dir}/local.properties" append="false">
			tomcat.src.url=http://pass.nci.nih.gov/pass
			evaluate.property.name=tomcat.src.url
			#groovy.debug=true
		</echo>
		<!-- cleanup leading spaces because of append above -->
		<replaceregexp file="${dist.exploded.dir}/local.properties" byline="true"
			match="^\s+(.*)\s*$"
			replace="\1"
			/>
		<execute-property-test-pass
			/>
		<echo message="**** Exiting test:property:pass:tomcat-url"/>
	</target>
	<target name="test:property:fail:tomcat-url">
		<echo message="**** Entering test:property:fail:tomcat-url"/>
		<echo message="dist.exploded.dir-${dist.exploded.dir}"/>
		<echo file="${dist.exploded.dir}/local.properties" append="false">
			tomcat.src.url=fail
			evaluate.property.name=tomcat.src.url
			#groovy.debug=true
		</echo>
		<!-- cleanup leading spaces because of append above -->
		<replaceregexp file="${dist.exploded.dir}/local.properties" byline="true"
			match="^\s+(.*)\s*$"
			replace="\1"
			/>
		<execute-property-test-fail
			/>
		<echo message="**** Exiting test:property:fail:tomcat-url"/>
	</target>
	<target name="test:property:pass:jboss-bindings-bf">
		<echo message="**** Entering test:property:pass:jboss-bindings-bf"/>
		<echo file="${dist.exploded.dir}/local.properties" append="false">
			jboss-bindings.binaries.file=passcondition
			evaluate.property.name=jboss-bindings.binaries.file
			#groovy.debug=true
		</echo>
		<!-- cleanup leading spaces because of append above -->
		<replaceregexp file="${dist.exploded.dir}/local.properties" byline="true"
			match="^\s+(.*)\s*$"
			replace="\1"
			/>
		<execute-property-test-pass
			/>
		<echo message="**** Exiting test:property:pass:jboss-bindings-bf"/>
	</target>
	<target name="test:property:fail:jboss-bindings-bf">
		<echo message="**** Entering test:property:fail:jboss-bindings-bf"/>
		<echo message="dist.exploded.dir-${dist.exploded.dir}"/>
		<echo file="${dist.exploded.dir}/local.properties" append="false">
			jboss-bindings.binaries.file=fail condition
			evaluate.property.name=jboss-bindings.binaries.file
			#groovy.debug=true
		</echo>
		<!-- cleanup leading spaces because of append above -->
		<replaceregexp file="${dist.exploded.dir}/local.properties" byline="true"
			match="^\s+(.*)\s*$"
			replace="\1"
			/>
		<execute-property-test-fail
			/>
		<echo message="**** Exiting test:property:fail:jboss-bindings-bf"/>
	</target>
	<target name="test:property:pass:jboss-bindings-url">
		<echo message="**** Entering test:property:pass:jboss-bindings-url"/>
		<echo file="${dist.exploded.dir}/local.properties" append="false">
			jboss-bindings.src.url=http://pass.nci.nih.gov/pass
			evaluate.property.name=jboss-bindings.src.url
			#groovy.debug=true
		</echo>
		<!-- cleanup leading spaces because of append above -->
		<replaceregexp file="${dist.exploded.dir}/local.properties" byline="true"
			match="^\s+(.*)\s*$"
			replace="\1"
			/>
		<execute-property-test-pass
			/>
		<echo message="**** Exiting test:property:pass:jboss-bindings-url"/>
	</target>
	<target name="test:property:fail:jboss-bindings-url">
		<echo message="**** Entering test:property:fail:jboss-bindings-url"/>
		<echo message="dist.exploded.dir-${dist.exploded.dir}"/>
		<echo file="${dist.exploded.dir}/local.properties" append="false">
			jboss-bindings.src.url=fail
			evaluate.property.name=jboss-bindings.src.url
			#groovy.debug=true
		</echo>
		<!-- cleanup leading spaces because of append above -->
		<replaceregexp file="${dist.exploded.dir}/local.properties" byline="true"
			match="^\s+(.*)\s*$"
			replace="\1"
			/>
		<execute-property-test-fail
			/>
		<echo message="**** Exiting test:property:fail:jboss-bindings-url"/>
	</target>
	<target name="test:property:pass:findbugs-bf">
		<echo message="**** Entering test:property:pass:findbugs-bf"/>
		<echo file="${dist.exploded.dir}/local.properties" append="false">
			findbugs.binaries.file=passcondition
			evaluate.property.name=findbugs.binaries.file
			#groovy.debug=true
		</echo>
		<!-- cleanup leading spaces because of append above -->
		<replaceregexp file="${dist.exploded.dir}/local.properties" byline="true"
			match="^\s+(.*)\s*$"
			replace="\1"
			/>
		<execute-property-test-pass
			/>
		<echo message="**** Exiting test:property:pass:findbugs-bf"/>
	</target>
	<target name="test:property:fail:findbugs-bf">
		<echo message="**** Entering test:property:fail:findbugs-bf"/>
		<echo message="dist.exploded.dir-${dist.exploded.dir}"/>
		<echo file="${dist.exploded.dir}/local.properties" append="false">
			findbugs.binaries.file=fail condition
			evaluate.property.name=findbugs.binaries.file
			#groovy.debug=true
		</echo>
		<!-- cleanup leading spaces because of append above -->
		<replaceregexp file="${dist.exploded.dir}/local.properties" byline="true"
			match="^\s+(.*)\s*$"
			replace="\1"
			/>
		<execute-property-test-fail
			/>
		<echo message="**** Exiting test:property:fail:findbugs-bf"/>
	</target>
	<target name="test:property:pass:findbugs-brd">
		<echo message="**** Entering test:property:pass:findbugs-brd"/>
		<echo file="${dist.exploded.dir}/local.properties" append="false">
			findbugs.binaries.relative.dir=pass/condition
			evaluate.property.name=findbugs.binaries.relative.dir
			#groovy.debug=true
		</echo>
		<!-- cleanup leading spaces because of append above -->
		<replaceregexp file="${dist.exploded.dir}/local.properties" byline="true"
			match="^\s+(.*)\s*$"
			replace="\1"
			/>
		<execute-property-test-pass
			/>
		<echo message="**** Exiting test:property:pass:findbugs-brd"/>
	</target>
	<target name="test:property:fail:findbugs-brd">
		<echo message="**** Entering test:property:fail:findbugs-brd"/>
		<echo message="dist.exploded.dir-${dist.exploded.dir}"/>
		<echo file="${dist.exploded.dir}/local.properties" append="false">
			findbugs.binaries.relative.dir=fail condition
			evaluate.property.name=findbugs.binaries.relative.dir
			#groovy.debug=true
		</echo>
		<!-- cleanup leading spaces because of append above -->
		<replaceregexp file="${dist.exploded.dir}/local.properties" byline="true"
			match="^\s+(.*)\s*$"
			replace="\1"
			/>
		<execute-property-test-fail
			/>
		<echo message="**** Exiting test:property:fail:findbugs-brd"/>
	</target>
	<target name="test:property:pass:findbugs-url">
		<echo message="**** Entering test:property:pass:findbugs-url"/>
		<echo file="${dist.exploded.dir}/local.properties" append="false">
			findbugs.src.url=http://pass.nci.nih.gov/pass
			evaluate.property.name=findbugs.src.url
			#groovy.debug=true
		</echo>
		<!-- cleanup leading spaces because of append above -->
		<replaceregexp file="${dist.exploded.dir}/local.properties" byline="true"
			match="^\s+(.*)\s*$"
			replace="\1"
			/>
		<execute-property-test-pass
			/>
		<echo message="**** Exiting test:property:pass:findbugs-url"/>
	</target>
	<target name="test:property:fail:findbugs-url">
		<echo message="**** Entering test:property:fail:findbugs-url"/>
		<echo message="dist.exploded.dir-${dist.exploded.dir}"/>
		<echo file="${dist.exploded.dir}/local.properties" append="false">
			findbugs.src.url=fail
			evaluate.property.name=findbugs.src.url
			#groovy.debug=true
		</echo>
		<!-- cleanup leading spaces because of append above -->
		<replaceregexp file="${dist.exploded.dir}/local.properties" byline="true"
			match="^\s+(.*)\s*$"
			replace="\1"
			/>
		<execute-property-test-fail
			/>
		<echo message="**** Exiting test:property:fail:findbugs-url"/>
	</target>
	<target name="suiteSetUp">
		<!-- Use this to run something when you enter this suite, like if your tests are upgrade related you can do an install first to make sure things are in a good state.-->
		<echo message="**** Entering Properties suiteSetUp"/>
		<ant inheritAll="false" inheritrefs="false"
			antfile="build.xml"             
			dir="${build.dir}"              
			target="dist:installer:prep"        
			>                               
		</ant>                  
		<echo message="**** Exiting Properties suiteSetUp"/>
	</target>
	<target name="suiteTearDown">
		<osfamily property="os.family"/>
		<if>
			<or>
				<equals arg1="${os.family}" arg2="mac"/>
				<equals arg1="${os.family}" arg2="unix"/>
			</or>
			<then>
				<exec executable="egrep">
					<arg line="'**** Entering|**** Exiting|passed all validation rules.|failed validation.' ${antunit.xml.report.dir}/TEST-test-suite-properties-jdk15_xml.xml"/>
				</exec>
			</then>
			<else>
				<echo mesage="Grep not supported on windows"/>
			</else>
		</if>
	</target>
</project>
