
<project name="test-properties" default="run" basedir=".">
	<import file="test-common.xml" />
	<target name="run">
		<mkdir dir="${antunit.xml.report.dir}"/>
		<antunit failOnError="false">
			<file file="${ant.file}"/>
			<xmllistener toDir="${antunit.xml.report.dir}" logLevel="verbose" />
			<plainlistener logLevel="info"/>
		</antunit>      
		<osfamily property="os.family"/>
		<if>                    
			<or>                            
				<equals arg1="${os.family}" arg2="mac"/>
				<equals arg1="${os.family}" arg2="unix"/>
			</or>                   
			<then>                          
				<exec executable="egrep">               
					<arg line="'**** Entering|passed all validation rules.|failed validation.' ${antunit.xml.report.dir}/TEST-test-suite-properties-jdk15_xml.xml"/>
				</exec>                         
			</then>                 
			<else>                  
				<echo mesage="Grep not supported on windows"/>
			</else>                 
		</if>           
	</target>	<target name="test:property:pass:exclude.tomcat">
		<echo message="**** Entering test:property:pass:exclude.tomcat"/>
		<echo file="${dist.exploded.dir}/local.properties" append="false">
			exclude.tomcat=true
			evaluate.property.name=exclude.tomcat
			groovy.debug=true
		</echo>
		<replaceregexp file="${dist.exploded.dir}/local.properties" byline="true"
			match="^\s+(.*)\s*$"
			replace="\1"
			/>
		<execute-property-test-pass
			/>
		<echo message="**** Exiting test:property:pass:exclude.tomcat"/>
	</target>	<target name="test:property:pass:exclude.tomcat.backup">
		<echo message="**** Entering test:property:pass:exclude.tomcat.backup"/>
		<echo file="${dist.exploded.dir}/local.properties" append="false">
			exclude.tomcat.backup=true
			evaluate.property.name=exclude.tomcat.backup
			groovy.debug=true
		</echo>
		<replaceregexp file="${dist.exploded.dir}/local.properties" byline="true"
			match="^\s+(.*)\s*$"
			replace="\1"
			/>
		<execute-property-test-pass
			/>
		<echo message="**** Exiting test:property:pass:exclude.tomcat.backup"/>
	</target>	<target name="test:property:pass:exclude.tomcat-config">
		<echo message="**** Entering test:property:pass:exclude.tomcat-config"/>
		<echo file="${dist.exploded.dir}/local.properties" append="false">
			exclude.tomcat-config=true
			evaluate.property.name=exclude.tomcat-config
			groovy.debug=true
		</echo>
		<replaceregexp file="${dist.exploded.dir}/local.properties" byline="true"
			match="^\s+(.*)\s*$"
			replace="\1"
			/>
		<execute-property-test-pass
			/>
		<echo message="**** Exiting test:property:pass:exclude.tomcat-config"/>
	</target>	<target name="test:property:pass:exclude.tomcat.grid">
		<echo message="**** Entering test:property:pass:exclude.tomcat.grid"/>
		<echo file="${dist.exploded.dir}/local.properties" append="false">
			exclude.tomcat.grid=true
			evaluate.property.name=exclude.tomcat.grid
			groovy.debug=true
		</echo>
		<replaceregexp file="${dist.exploded.dir}/local.properties" byline="true"
			match="^\s+(.*)\s*$"
			replace="\1"
			/>
		<execute-property-test-pass
			/>
		<echo message="**** Exiting test:property:pass:exclude.tomcat.grid"/>
	</target>	<target name="test:property:pass:findbugs.binaries.file">
		<echo message="**** Entering test:property:pass:findbugs.binaries.file"/>
		<echo file="${dist.exploded.dir}/local.properties" append="false">
			findbugs.binaries.file=findbugs-1.3.4.zip
			evaluate.property.name=findbugs.binaries.file
			groovy.debug=true
		</echo>
		<replaceregexp file="${dist.exploded.dir}/local.properties" byline="true"
			match="^\s+(.*)\s*$"
			replace="\1"
			/>
		<execute-property-test-pass
			/>
		<echo message="**** Exiting test:property:pass:findbugs.binaries.file"/>
	</target>	<target name="test:property:pass:findbugs.binaries.relative.dir">
		<echo message="**** Entering test:property:pass:findbugs.binaries.relative.dir"/>
		<echo file="${dist.exploded.dir}/local.properties" append="false">
			findbugs.binaries.relative.dir=findbugs-1.3.4
			evaluate.property.name=findbugs.binaries.relative.dir
			groovy.debug=true
		</echo>
		<replaceregexp file="${dist.exploded.dir}/local.properties" byline="true"
			match="^\s+(.*)\s*$"
			replace="\1"
			/>
		<execute-property-test-pass
			/>
		<echo message="**** Exiting test:property:pass:findbugs.binaries.relative.dir"/>
	</target>	<target name="test:property:pass:findbugs.src.url">
		<echo message="**** Entering test:property:pass:findbugs.src.url"/>
		<echo file="${dist.exploded.dir}/local.properties" append="false">
			findbugs.src.url=http://gforge.nci.nih.gov/svnroot/commonlibrary/trunk/other/os-independent/findbugs-1.3.4.zip
			evaluate.property.name=findbugs.src.url
			groovy.debug=true
		</echo>
		<replaceregexp file="${dist.exploded.dir}/local.properties" byline="true"
			match="^\s+(.*)\s*$"
			replace="\1"
			/>
		<execute-property-test-pass
			/>
		<echo message="**** Exiting test:property:pass:findbugs.src.url"/>
	</target>	<target name="test:property:pass:fs-data.base.dir">
		<echo message="**** Entering test:property:pass:fs-data.base.dir"/>
		<echo file="${dist.exploded.dir}/local.properties" append="false">
			fs-data.base.dir=/local/content/files
			evaluate.property.name=fs-data.base.dir
			groovy.debug=true
		</echo>
		<replaceregexp file="${dist.exploded.dir}/local.properties" byline="true"
			match="^\s+(.*)\s*$"
			replace="\1"
			/>
		<execute-property-test-pass
			/>
		<echo message="**** Exiting test:property:pass:fs-data.base.dir"/>
	</target>	<target name="test:property:pass:grid.poc.science.affiliation">
		<echo message="**** Entering test:property:pass:grid.poc.science.affiliation"/>
		<echo file="${dist.exploded.dir}/local.properties" append="false">
			grid.poc.science.affiliation=Test
			evaluate.property.name=grid.poc.science.affiliation
			groovy.debug=true
		</echo>
		<replaceregexp file="${dist.exploded.dir}/local.properties" byline="true"
			match="^\s+(.*)\s*$"
			replace="\1"
			/>
		<execute-property-test-pass
			/>
		<echo message="**** Exiting test:property:pass:grid.poc.science.affiliation"/>
	</target>	<target name="test:property:pass:grid.poc.science.email">
		<echo message="**** Entering test:property:pass:grid.poc.science.email"/>
		<echo file="${dist.exploded.dir}/local.properties" append="false">
			grid.poc.science.email=john.smith@mail.com
			evaluate.property.name=grid.poc.science.email
			groovy.debug=true
		</echo>
		<replaceregexp file="${dist.exploded.dir}/local.properties" byline="true"
			match="^\s+(.*)\s*$"
			replace="\1"
			/>
		<execute-property-test-pass
			/>
		<echo message="**** Exiting test:property:pass:grid.poc.science.email"/>
	</target>	<target name="test:property:pass:grid.poc.science.name.first">
		<echo message="**** Entering test:property:pass:grid.poc.science.name.first"/>
		<echo file="${dist.exploded.dir}/local.properties" append="false">
			grid.poc.science.name.first=John
			evaluate.property.name=grid.poc.science.name.first
			groovy.debug=true
		</echo>
		<replaceregexp file="${dist.exploded.dir}/local.properties" byline="true"
			match="^\s+(.*)\s*$"
			replace="\1"
			/>
		<execute-property-test-pass
			/>
		<echo message="**** Exiting test:property:pass:grid.poc.science.name.first"/>
	</target>	<target name="test:property:pass:grid.poc.science.name.last">
		<echo message="**** Entering test:property:pass:grid.poc.science.name.last"/>
		<echo file="${dist.exploded.dir}/local.properties" append="false">
			grid.poc.science.name.last=Smith
			evaluate.property.name=grid.poc.science.name.last
			groovy.debug=true
		</echo>
		<replaceregexp file="${dist.exploded.dir}/local.properties" byline="true"
			match="^\s+(.*)\s*$"
			replace="\1"
			/>
		<execute-property-test-pass
			/>
		<echo message="**** Exiting test:property:pass:grid.poc.science.name.last"/>
	</target>	<target name="test:property:pass:grid.poc.science.phone">
		<echo message="**** Entering test:property:pass:grid.poc.science.phone"/>
		<echo file="${dist.exploded.dir}/local.properties" append="false">
			grid.poc.science.phone=0124567890
			evaluate.property.name=grid.poc.science.phone
			groovy.debug=true
		</echo>
		<replaceregexp file="${dist.exploded.dir}/local.properties" byline="true"
			match="^\s+(.*)\s*$"
			replace="\1"
			/>
		<execute-property-test-pass
			/>
		<echo message="**** Exiting test:property:pass:grid.poc.science.phone"/>
	</target>	<target name="test:property:pass:grid.poc.science.role">
		<echo message="**** Entering test:property:pass:grid.poc.science.role"/>
		<echo file="${dist.exploded.dir}/local.properties" append="false">
			grid.poc.science.role=sysadmin
			evaluate.property.name=grid.poc.science.role
			groovy.debug=true
		</echo>
		<replaceregexp file="${dist.exploded.dir}/local.properties" byline="true"
			match="^\s+(.*)\s*$"
			replace="\1"
			/>
		<execute-property-test-pass
			/>
		<echo message="**** Exiting test:property:pass:grid.poc.science.role"/>
	</target>	<target name="test:property:pass:grid.poc.tech.addr.country">
		<echo message="**** Entering test:property:pass:grid.poc.tech.addr.country"/>
		<echo file="${dist.exploded.dir}/local.properties" append="false">
			grid.poc.tech.addr.country=USA
			evaluate.property.name=grid.poc.tech.addr.country
			groovy.debug=true
		</echo>
		<replaceregexp file="${dist.exploded.dir}/local.properties" byline="true"
			match="^\s+(.*)\s*$"
			replace="\1"
			/>
		<execute-property-test-pass
			/>
		<echo message="**** Exiting test:property:pass:grid.poc.tech.addr.country"/>
	</target>	<target name="test:property:pass:grid.poc.tech.addr.locality">
		<echo message="**** Entering test:property:pass:grid.poc.tech.addr.locality"/>
		<echo file="${dist.exploded.dir}/local.properties" append="false">
			grid.poc.tech.addr.locality=Vienna
			evaluate.property.name=grid.poc.tech.addr.locality
			groovy.debug=true
		</echo>
		<replaceregexp file="${dist.exploded.dir}/local.properties" byline="true"
			match="^\s+(.*)\s*$"
			replace="\1"
			/>
		<execute-property-test-pass
			/>
		<echo message="**** Exiting test:property:pass:grid.poc.tech.addr.locality"/>
	</target>	<target name="test:property:pass:grid.poc.tech.addr.postalCode">
		<echo message="**** Entering test:property:pass:grid.poc.tech.addr.postalCode"/>
		<echo file="${dist.exploded.dir}/local.properties" append="false">
			grid.poc.tech.addr.postalCode=22180
			evaluate.property.name=grid.poc.tech.addr.postalCode
			groovy.debug=true
		</echo>
		<replaceregexp file="${dist.exploded.dir}/local.properties" byline="true"
			match="^\s+(.*)\s*$"
			replace="\1"
			/>
		<execute-property-test-pass
			/>
		<echo message="**** Exiting test:property:pass:grid.poc.tech.addr.postalCode"/>
	</target>	<target name="test:property:pass:grid.poc.tech.addr.stateProvince">
		<echo message="**** Entering test:property:pass:grid.poc.tech.addr.stateProvince"/>
		<echo file="${dist.exploded.dir}/local.properties" append="false">
			grid.poc.tech.addr.stateProvince=VA
			evaluate.property.name=grid.poc.tech.addr.stateProvince
			groovy.debug=true
		</echo>
		<replaceregexp file="${dist.exploded.dir}/local.properties" byline="true"
			match="^\s+(.*)\s*$"
			replace="\1"
			/>
		<execute-property-test-pass
			/>
		<echo message="**** Exiting test:property:pass:grid.poc.tech.addr.stateProvince"/>
	</target>	<target name="test:property:pass:grid.poc.tech.addr.street1">
		<echo message="**** Entering test:property:pass:grid.poc.tech.addr.street1"/>
		<echo file="${dist.exploded.dir}/local.properties" append="false">
			grid.poc.tech.addr.street1=1234 Somplace lane
			evaluate.property.name=grid.poc.tech.addr.street1
			groovy.debug=true
		</echo>
		<replaceregexp file="${dist.exploded.dir}/local.properties" byline="true"
			match="^\s+(.*)\s*$"
			replace="\1"
			/>
		<execute-property-test-pass
			/>
		<echo message="**** Exiting test:property:pass:grid.poc.tech.addr.street1"/>
	</target>	<target name="test:property:pass:grid.poc.tech.addr.street2">
		<echo message="**** Entering test:property:pass:grid.poc.tech.addr.street2"/>
		<echo file="${dist.exploded.dir}/local.properties" append="false">
			grid.poc.tech.addr.street2=
			evaluate.property.name=grid.poc.tech.addr.street2
			groovy.debug=true
		</echo>
		<replaceregexp file="${dist.exploded.dir}/local.properties" byline="true"
			match="^\s+(.*)\s*$"
			replace="\1"
			/>
		<execute-property-test-pass
			/>
		<echo message="**** Exiting test:property:pass:grid.poc.tech.addr.street2"/>
	</target></project>
