
<project name="test-properties" default="run" basedir=".">
	<import file="test-common.xml" />
	<target name="run">
		<mkdir dir="${antunit.xml.report.dir}"/>
		<antunit failOnError="false">
			<file file="${ant.file}"/>
			<xmllistener toDir="${antunit.xml.report.dir}" logLevel="verbose" />
			<plainlistener logLevel="info"/>
		</antunit>      
		<osfamily property="os.family"/>
		<if>                    
			<or>                            
				<equals arg1="${os.family}" arg2="mac"/>
				<equals arg1="${os.family}" arg2="unix"/>
			</or>                   
			<then>                          
				<exec executable="egrep">               
					<arg line="'**** Entering|passed all validation rules.|failed validation.' ${antunit.xml.report.dir}/TEST-test-suite-properties-jdk15_xml.xml"/>
				</exec>                         
			</then>                 
			<else>                  
				<echo mesage="Grep not supported on windows"/>
			</else>                 
		</if>           
	</target>
	<target name="test:property:fail:log4j.level-syntax">
		<echo message="**** Entering test:property:fail:log4j.level"/>
		<echo file="${dist.exploded.dir}/local.properties" append="false">
			log4j.level=fa il
			evaluate.property.name=log4j.level
			groovy.debug=true
		</echo>
		<replaceregexp file="${dist.exploded.dir}/local.properties" byline="true"
			match="^\s+(.*)\s*$"
			replace="\1"
			/>
		<execute-property-test-fail
			/>
		<echo message="**** Exiting test:property:fail:log4j.level"/>
	</target>
	<target name="test:property:fail:log4j.maxDays-syntax">
		<echo message="**** Entering test:property:fail:log4j.maxDays"/>
		<echo file="${dist.exploded.dir}/local.properties" append="false">
			log4j.maxDays=fa il
			evaluate.property.name=log4j.maxDays
			groovy.debug=true
		</echo>
		<replaceregexp file="${dist.exploded.dir}/local.properties" byline="true"
			match="^\s+(.*)\s*$"
			replace="\1"
			/>
		<execute-property-test-fail
			/>
		<echo message="**** Exiting test:property:fail:log4j.maxDays"/>
	</target>
	<target name="test:property:fail:log4j.maxFileSize-syntax">
		<echo message="**** Entering test:property:fail:log4j.maxFileSize"/>
		<echo file="${dist.exploded.dir}/local.properties" append="false">
			log4j.maxFileSize= fail
			evaluate.property.name=log4j.maxFileSize
			groovy.debug=true
		</echo>
		<replaceregexp file="${dist.exploded.dir}/local.properties" byline="true"
			match="^\s+(.*)\s*$"
			replace="\1"
			/>
		<execute-property-test-fail
			/>
		<echo message="**** Exiting test:property:fail:log4j.maxFileSize"/>
	</target>
	<target name="test:property:fail:mail.smtp.server-syntax">
		<echo message="**** Entering test:property:fail:mail.smtp.server"/>
		<echo file="${dist.exploded.dir}/local.properties" append="false">
			mail.smtp.server=fa il
			evaluate.property.name=mail.smtp.server
			groovy.debug=true
		</echo>
		<replaceregexp file="${dist.exploded.dir}/local.properties" byline="true"
			match="^\s+(.*)\s*$"
			replace="\1"
			/>
		<execute-property-test-fail
			/>
		<echo message="**** Exiting test:property:fail:mail.smtp.server"/>
	</target>
	<target name="test:property:fail:mysql.lowercasetablenames-syntax">
		<echo message="**** Entering test:property:fail:mysql.lowercasetablenames"/>
		<echo file="${dist.exploded.dir}/local.properties" append="false">
			mysql.lowercasetablenames=fa il
			evaluate.property.name=mysql.lowercasetablenames
			groovy.debug=true
		</echo>
		<replaceregexp file="${dist.exploded.dir}/local.properties" byline="true"
			match="^\s+(.*)\s*$"
			replace="\1"
			/>
		<execute-property-test-fail
			/>
		<echo message="**** Exiting test:property:fail:mysql.lowercasetablenames"/>
	</target>
	<target name="test:property:fail:mysql.lowercasetablenames-tf">
		<echo message="**** Entering test:property:fail:mysql.lowercasetablenames"/>
		<echo file="${dist.exploded.dir}/local.properties" append="false">
			mysql.lowercasetablenames=fail
			evaluate.property.name=mysql.lowercasetablenames
			groovy.debug=true
		</echo>
		<replaceregexp file="${dist.exploded.dir}/local.properties" byline="true"
			match="^\s+(.*)\s*$"
			replace="\1"
			/>
		<execute-property-test-fail
			/>
		<echo message="**** Exiting test:property:fail:mysql.lowercasetablenames"/>
	</target>
	<target name="test:property:fail:mysql.minimum.version-syntax">
		<echo message="**** Entering test:property:fail:mysql.minimum.version"/>
		<echo file="${dist.exploded.dir}/local.properties" append="false">
			mysql.minimum.version=fa il
			evaluate.property.name=mysql.minimum.version
			groovy.debug=true
		</echo>
		<replaceregexp file="${dist.exploded.dir}/local.properties" byline="true"
			match="^\s+(.*)\s*$"
			replace="\1"
			/>
		<execute-property-test-fail
			/>
		<echo message="**** Exiting test:property:fail:mysql.minimum.version"/>
	</target>
	<target name="test:property:fail:project.name-syntax">
		<echo message="**** Entering test:property:fail:project.name"/>
		<echo file="${dist.exploded.dir}/local.properties" append="false">
			project.name=fa il
			evaluate.property.name=project.name
			groovy.debug=true
		</echo>
		<replaceregexp file="${dist.exploded.dir}/local.properties" byline="true"
			match="^\s+(.*)\s*$"
			replace="\1"
			/>
		<execute-property-test-fail
			/>
		<echo message="**** Exiting test:property:fail:project.name"/>
	</target>
	<target name="test:property:fail:require.build.wscore-syntax">
		<echo message="**** Entering test:property:fail:require.build.wscore"/>
		<echo file="${dist.exploded.dir}/local.properties" append="false">
			require.build.wscore=fa il
			evaluate.property.name=require.build.wscore
			groovy.debug=true
		</echo>
		<replaceregexp file="${dist.exploded.dir}/local.properties" byline="true"
			match="^\s+(.*)\s*$"
			replace="\1"
			/>
		<execute-property-test-fail
			/>
		<echo message="**** Exiting test:property:fail:require.build.wscore"/>
	</target>
	<target name="test:property:fail:require.build.wscore-tf">
		<echo message="**** Entering test:property:fail:require.build.wscore"/>
		<echo file="${dist.exploded.dir}/local.properties" append="false">
			require.build.wscore=fail
			evaluate.property.name=require.build.wscore
			groovy.debug=true
		</echo>
		<replaceregexp file="${dist.exploded.dir}/local.properties" byline="true"
			match="^\s+(.*)\s*$"
			replace="\1"
			/>
		<execute-property-test-fail
			/>
		<echo message="**** Exiting test:property:fail:require.build.wscore"/>
	</target>
	<target name="test:property:fail:sync-gts.binaries.file-syntax">
		<echo message="**** Entering test:property:fail:sync-gts.binaries.file"/>
		<echo file="${dist.exploded.dir}/local.properties" append="false">
			sync-gts.binaries.file=fa il
			evaluate.property.name=sync-gts.binaries.file
			groovy.debug=true
		</echo>
		<replaceregexp file="${dist.exploded.dir}/local.properties" byline="true"
			match="^\s+(.*)\s*$"
			replace="\1"
			/>
		<execute-property-test-fail
			/>
		<echo message="**** Exiting test:property:fail:sync-gts.binaries.file"/>
	</target>
	<target name="test:property:fail:sync-gts.binaries.relative.dir-syntax">
		<echo message="**** Entering test:property:fail:sync-gts.binaries.relative.dir"/>
		<echo file="${dist.exploded.dir}/local.properties" append="false">
			sync-gts.binaries.relative.dir=fa il
			evaluate.property.name=sync-gts.binaries.relative.dir
			groovy.debug=true
		</echo>
		<replaceregexp file="${dist.exploded.dir}/local.properties" byline="true"
			match="^\s+(.*)\s*$"
			replace="\1"
			/>
		<execute-property-test-fail
			/>
		<echo message="**** Exiting test:property:fail:sync-gts.binaries.relative.dir"/>
	</target>
	<target name="test:property:fail:sync-gts.src.url-syntax">
		<echo message="**** Entering test:property:fail:sync-gts.src.url"/>
		<echo file="${dist.exploded.dir}/local.properties" append="false">
			sync-gts.src.url=http://gforge. nci.nih.gov
			evaluate.property.name=sync-gts.src.url
			groovy.debug=true
		</echo>
		<replaceregexp file="${dist.exploded.dir}/local.properties" byline="true"
			match="^\s+(.*)\s*$"
			replace="\1"
			/>
		<execute-property-test-fail
			/>
		<echo message="**** Exiting test:property:fail:sync-gts.src.url"/>
	</target>
	<target name="test:property:fail:sync-gts.src.url-url">
		<echo message="**** Entering test:property:fail:sync-gts.src.url"/>
		<echo file="${dist.exploded.dir}/local.properties" append="false">
			sync-gts.src.url=http://www.microsoft.com
			evaluate.property.name=sync-gts.src.url
			groovy.debug=true
		</echo>
		<replaceregexp file="${dist.exploded.dir}/local.properties" byline="true"
			match="^\s+(.*)\s*$"
			replace="\1"
			/>
		<execute-property-test-fail
			/>
		<echo message="**** Exiting test:property:fail:sync-gts.src.url"/>
	</target>
	<target name="test:property:fail:tomcat.binaries.file-syntax">
		<echo message="**** Entering test:property:fail:tomcat.binaries.file"/>
		<echo file="${dist.exploded.dir}/local.properties" append="false">
			tomcat.binaries.file=fa il
			evaluate.property.name=tomcat.binaries.file
			groovy.debug=true
		</echo>
		<replaceregexp file="${dist.exploded.dir}/local.properties" byline="true"
			match="^\s+(.*)\s*$"
			replace="\1"
			/>
		<execute-property-test-fail
			/>
		<echo message="**** Exiting test:property:fail:tomcat.binaries.file"/>
	</target>
	<target name="test:property:fail:tomcat.binaries.relative.dir-syntax">
		<echo message="**** Entering test:property:fail:tomcat.binaries.relative.dir"/>
		<echo file="${dist.exploded.dir}/local.properties" append="false">
			tomcat.binaries.relative.dir=fa il
			evaluate.property.name=tomcat.binaries.relative.dir
			groovy.debug=true
		</echo>
		<replaceregexp file="${dist.exploded.dir}/local.properties" byline="true"
			match="^\s+(.*)\s*$"
			replace="\1"
			/>
		<execute-property-test-fail
			/>
		<echo message="**** Exiting test:property:fail:tomcat.binaries.relative.dir"/>
	</target>
	<target name="test:property:fail:tomcat.external.grid.secure.host-syntax">
		<echo message="**** Entering test:property:fail:tomcat.external.grid.secure.host"/>
		<echo file="${dist.exploded.dir}/local.properties" append="false">
			tomcat.external.grid.secure.host=fa il
			evaluate.property.name=tomcat.external.grid.secure.host
			groovy.debug=true
		</echo>
		<replaceregexp file="${dist.exploded.dir}/local.properties" byline="true"
			match="^\s+(.*)\s*$"
			replace="\1"
			/>
		<execute-property-test-fail
			/>
		<echo message="**** Exiting test:property:fail:tomcat.external.grid.secure.host"/>
	</target>
	<target name="test:property:fail:tomcat.external.grid.secure.port-syntax">
		<echo message="**** Entering test:property:fail:tomcat.external.grid.secure.port"/>
		<echo file="${dist.exploded.dir}/local.properties" append="false">
			tomcat.external.grid.secure.port=fa il
			evaluate.property.name=tomcat.external.grid.secure.port
			groovy.debug=true
		</echo>
		<replaceregexp file="${dist.exploded.dir}/local.properties" byline="true"
			match="^\s+(.*)\s*$"
			replace="\1"
			/>
		<execute-property-test-fail
			/>
		<echo message="**** Exiting test:property:fail:tomcat.external.grid.secure.port"/>
	</target>
	<target name="test:property:fail:tomcat.external.grid.secure.port-port">
		<echo message="**** Entering test:property:fail:tomcat.external.grid.secure.port"/>
		<echo file="${dist.exploded.dir}/local.properties" append="false">
			tomcat.external.grid.secure.port=70000
			evaluate.property.name=tomcat.external.grid.secure.port
			groovy.debug=true
		</echo>
		<replaceregexp file="${dist.exploded.dir}/local.properties" byline="true"
			match="^\s+(.*)\s*$"
			replace="\1"
			/>
		<execute-property-test-fail
			/>
		<echo message="**** Exiting test:property:fail:tomcat.external.grid.secure.port"/>
	</target>
	<target name="test:property:fail:tomcat.external.http.host-syntax">
		<echo message="**** Entering test:property:fail:tomcat.external.http.host"/>
		<echo file="${dist.exploded.dir}/local.properties" append="false">
			tomcat.external.http.host=fa il
			evaluate.property.name=tomcat.external.http.host
			groovy.debug=true
		</echo>
		<replaceregexp file="${dist.exploded.dir}/local.properties" byline="true"
			match="^\s+(.*)\s*$"
			replace="\1"
			/>
		<execute-property-test-fail
			/>
		<echo message="**** Exiting test:property:fail:tomcat.external.http.host"/>
	</target>
</project>
