
<project name="test-properties" default="run" basedir=".">
	<import file="test-common.xml" />
	<target name="run">
		<mkdir dir="${antunit.xml.report.dir}"/>
		<antunit failOnError="false">
			<file file="${ant.file}"/>
			<xmllistener toDir="${antunit.xml.report.dir}" logLevel="verbose" />
			<plainlistener logLevel="info"/>
		</antunit>      
		<osfamily property="os.family"/>
		<if>                    
			<or>                            
				<equals arg1="${os.family}" arg2="mac"/>
				<equals arg1="${os.family}" arg2="unix"/>
			</or>                   
			<then>                          
				<exec executable="egrep">               
					<arg line="'**** Entering|passed all validation rules.|failed validation.' ${antunit.xml.report.dir}/TEST-test-suite-properties-jdk15_xml.xml"/>
				</exec>                         
			</then>                 
			<else>                  
				<echo mesage="Grep not supported on windows"/>
			</else>                 
		</if>           
	</target>
	<target name="test:property:fail:java.minor.version-syntax">
		<echo message="**** Entering test:property:fail:java.minor.version"/>
		<echo file="${dist.exploded.dir}/local.properties" append="false">
			java.minor.version=fa il
			evaluate.property.name=java.minor.version
			groovy.debug=true
		</echo>
		<replaceregexp file="${dist.exploded.dir}/local.properties" byline="true"
			match="^\s+(.*)\s*$"
			replace="\1"
			/>
		<execute-property-test-fail
			/>
		<echo message="**** Exiting test:property:fail:java.minor.version"/>
	</target>
	<target name="test:property:fail:jboss.binaries.file-syntax">
		<echo message="**** Entering test:property:fail:jboss.binaries.file"/>
		<echo file="${dist.exploded.dir}/local.properties" append="false">
			jboss.binaries.file=fa\\il
			evaluate.property.name=jboss.binaries.file
			groovy.debug=true
		</echo>
		<replaceregexp file="${dist.exploded.dir}/local.properties" byline="true"
			match="^\s+(.*)\s*$"
			replace="\1"
			/>
		<execute-property-test-fail
			/>
		<echo message="**** Exiting test:property:fail:jboss.binaries.file"/>
	</target>
	<target name="test:property:fail:jboss.binaries.relative.dir-syntax">
		<echo message="**** Entering test:property:fail:jboss.binaries.relative.dir"/>
		<echo file="${dist.exploded.dir}/local.properties" append="false">
			jboss.binaries.relative.dir=fail\\condtion
			evaluate.property.name=jboss.binaries.relative.dir
			groovy.debug=true
		</echo>
		<replaceregexp file="${dist.exploded.dir}/local.properties" byline="true"
			match="^\s+(.*)\s*$"
			replace="\1"
			/>
		<execute-property-test-fail
			/>
		<echo message="**** Exiting test:property:fail:jboss.binaries.relative.dir"/>
	</target>
	<target name="test:property:fail:jboss-bindings.file-syntax">
		<echo message="**** Entering test:property:fail:jboss-bindings.file"/>
		<echo file="${dist.exploded.dir}/local.properties" append="false">
			jboss-bindings.file=fa il
			evaluate.property.name=jboss-bindings.file
			groovy.debug=true
		</echo>
		<replaceregexp file="${dist.exploded.dir}/local.properties" byline="true"
			match="^\s+(.*)\s*$"
			replace="\1"
			/>
		<execute-property-test-fail
			/>
		<echo message="**** Exiting test:property:fail:jboss-bindings.file"/>
	</target>
	<target name="test:property:fail:jboss-bindings.src.url-syntax">
		<echo message="**** Entering test:property:fail:jboss-bindings.src.url"/>
		<echo file="${dist.exploded.dir}/local.properties" append="false">
			jboss-bindings.src.url=http://gforge. nci.nih.gov
			evaluate.property.name=jboss-bindings.src.url
			groovy.debug=true
		</echo>
		<replaceregexp file="${dist.exploded.dir}/local.properties" byline="true"
			match="^\s+(.*)\s*$"
			replace="\1"
			/>
		<execute-property-test-fail
			/>
		<echo message="**** Exiting test:property:fail:jboss-bindings.src.url"/>
	</target>
	<target name="test:property:fail:jboss-bindings.src.url-url">
		<echo message="**** Entering test:property:fail:jboss-bindings.src.url"/>
		<echo file="${dist.exploded.dir}/local.properties" append="false">
			jboss-bindings.src.url=http://www.microsoft.com
			evaluate.property.name=jboss-bindings.src.url
			groovy.debug=true
		</echo>
		<replaceregexp file="${dist.exploded.dir}/local.properties" byline="true"
			match="^\s+(.*)\s*$"
			replace="\1"
			/>
		<execute-property-test-fail
			/>
		<echo message="**** Exiting test:property:fail:jboss-bindings.src.url"/>
	</target>
	<target name="test:property:fail:jboss.cgmm.enable-syntax">
		<echo message="**** Entering test:property:fail:jboss.cgmm.enable"/>
		<echo file="${dist.exploded.dir}/local.properties" append="false">
			jboss.cgmm.enable=fa il
			evaluate.property.name=jboss.cgmm.enable
			groovy.debug=true
		</echo>
		<replaceregexp file="${dist.exploded.dir}/local.properties" byline="true"
			match="^\s+(.*)\s*$"
			replace="\1"
			/>
		<execute-property-test-fail
			/>
		<echo message="**** Exiting test:property:fail:jboss.cgmm.enable"/>
	</target>
	<target name="test:property:fail:jboss.cgmm.enable-tf">
		<echo message="**** Entering test:property:fail:jboss.cgmm.enable"/>
		<echo file="${dist.exploded.dir}/local.properties" append="false">
			jboss.cgmm.enable=fail
			evaluate.property.name=jboss.cgmm.enable
			groovy.debug=true
		</echo>
		<replaceregexp file="${dist.exploded.dir}/local.properties" byline="true"
			match="^\s+(.*)\s*$"
			replace="\1"
			/>
		<execute-property-test-fail
			/>
		<echo message="**** Exiting test:property:fail:jboss.cgmm.enable"/>
	</target>
	<target name="test:property:fail:jboss.cobraorb.port-syntax">
		<echo message="**** Entering test:property:fail:jboss.cobraorb.port"/>
		<echo file="${dist.exploded.dir}/local.properties" append="false">
			jboss.cobraorb.port=fa il
			evaluate.property.name=jboss.cobraorb.port
			groovy.debug=true
		</echo>
		<replaceregexp file="${dist.exploded.dir}/local.properties" byline="true"
			match="^\s+(.*)\s*$"
			replace="\1"
			/>
		<execute-property-test-fail
			/>
		<echo message="**** Exiting test:property:fail:jboss.cobraorb.port"/>
	</target>
	<target name="test:property:fail:jboss.cobraorb.port-port">
		<echo message="**** Entering test:property:fail:jboss.cobraorb.port"/>
		<echo file="${dist.exploded.dir}/local.properties" append="false">
			jboss.cobraorb.port=70000
			evaluate.property.name=jboss.cobraorb.port
			groovy.debug=true
		</echo>
		<replaceregexp file="${dist.exploded.dir}/local.properties" byline="true"
			match="^\s+(.*)\s*$"
			replace="\1"
			/>
		<execute-property-test-fail
			/>
		<echo message="**** Exiting test:property:fail:jboss.cobraorb.port"/>
	</target>
	<target name="test:property:fail:jbosscp.binaries.file-syntax">
		<echo message="**** Entering test:property:fail:jbosscp.binaries.file"/>
		<echo file="${dist.exploded.dir}/local.properties" append="false">
			jbosscp.binaries.file=jboss-4.0.5.GA_CP15.zip
			evaluate.property.name=jbosscp.binaries.file
			groovy.debug=true
		</echo>
		<replaceregexp file="${dist.exploded.dir}/local.properties" byline="true"
			match="^\s+(.*)\s*$"
			replace="\1"
			/>
		<execute-property-test-fail
			/>
		<echo message="**** Exiting test:property:fail:jbosscp.binaries.file"/>
	</target>
	<target name="test:property:fail:jbosscp.src.url-syntax">
		<echo message="**** Entering test:property:fail:jbosscp.src.url"/>
		<echo file="${dist.exploded.dir}/local.properties" append="false">
			jbosscp.src.url=http://gforge. nci.nih.gov
			evaluate.property.name=jbosscp.src.url
			groovy.debug=true
		</echo>
		<replaceregexp file="${dist.exploded.dir}/local.properties" byline="true"
			match="^\s+(.*)\s*$"
			replace="\1"
			/>
		<execute-property-test-fail
			/>
		<echo message="**** Exiting test:property:fail:jbosscp.src.url"/>
	</target>
	<target name="test:property:fail:jbosscp.src.url-url">
		<echo message="**** Entering test:property:fail:jbosscp.src.url"/>
		<echo file="${dist.exploded.dir}/local.properties" append="false">
			jbosscp.src.url=http://www.microsoft.com
			evaluate.property.name=jbosscp.src.url
			groovy.debug=true
		</echo>
		<replaceregexp file="${dist.exploded.dir}/local.properties" byline="true"
			match="^\s+(.*)\s*$"
			replace="\1"
			/>
		<execute-property-test-fail
			/>
		<echo message="**** Exiting test:property:fail:jbosscp.src.url"/>
	</target>
	<target name="test:property:fail:jboss.ejbinvoker.port-syntax">
		<echo message="**** Entering test:property:fail:jboss.ejbinvoker.port"/>
		<echo file="${dist.exploded.dir}/local.properties" append="false">
			jboss.ejbinvoker.port=fa il
			evaluate.property.name=jboss.ejbinvoker.port
			groovy.debug=true
		</echo>
		<replaceregexp file="${dist.exploded.dir}/local.properties" byline="true"
			match="^\s+(.*)\s*$"
			replace="\1"
			/>
		<execute-property-test-fail
			/>
		<echo message="**** Exiting test:property:fail:jboss.ejbinvoker.port"/>
	</target>
	<target name="test:property:fail:jboss.ejbinvoker.port-port">
		<echo message="**** Entering test:property:fail:jboss.ejbinvoker.port"/>
		<echo file="${dist.exploded.dir}/local.properties" append="false">
			jboss.ejbinvoker.port=70000
			evaluate.property.name=jboss.ejbinvoker.port
			groovy.debug=true
		</echo>
		<replaceregexp file="${dist.exploded.dir}/local.properties" byline="true"
			match="^\s+(.*)\s*$"
			replace="\1"
			/>
		<execute-property-test-fail
			/>
		<echo message="**** Exiting test:property:fail:jboss.ejbinvoker.port"/>
	</target>
	<target name="test:property:fail:jboss.external.grid.secure.host-syntax">
		<echo message="**** Entering test:property:fail:jboss.external.grid.secure.host"/>
		<echo file="${dist.exploded.dir}/local.properties" append="false">
			jboss.external.grid.secure.host=fa il
			evaluate.property.name=jboss.external.grid.secure.host
			groovy.debug=true
		</echo>
		<replaceregexp file="${dist.exploded.dir}/local.properties" byline="true"
			match="^\s+(.*)\s*$"
			replace="\1"
			/>
		<execute-property-test-fail
			/>
		<echo message="**** Exiting test:property:fail:jboss.external.grid.secure.host"/>
	</target>
	<target name="test:property:fail:jboss.external.grid.secure.port-syntax">
		<echo message="**** Entering test:property:fail:jboss.external.grid.secure.port"/>
		<echo file="${dist.exploded.dir}/local.properties" append="false">
			jboss.external.grid.secure.port=fa il
			evaluate.property.name=jboss.external.grid.secure.port
			groovy.debug=true
		</echo>
		<replaceregexp file="${dist.exploded.dir}/local.properties" byline="true"
			match="^\s+(.*)\s*$"
			replace="\1"
			/>
		<execute-property-test-fail
			/>
		<echo message="**** Exiting test:property:fail:jboss.external.grid.secure.port"/>
	</target>
	<target name="test:property:fail:jboss.external.grid.secure.port-port">
		<echo message="**** Entering test:property:fail:jboss.external.grid.secure.port"/>
		<echo file="${dist.exploded.dir}/local.properties" append="false">
			jboss.external.grid.secure.port=70000
			evaluate.property.name=jboss.external.grid.secure.port
			groovy.debug=true
		</echo>
		<replaceregexp file="${dist.exploded.dir}/local.properties" byline="true"
			match="^\s+(.*)\s*$"
			replace="\1"
			/>
		<execute-property-test-fail
			/>
		<echo message="**** Exiting test:property:fail:jboss.external.grid.secure.port"/>
	</target>
	<target name="test:property:fail:jboss.external.http.host-syntax">
		<echo message="**** Entering test:property:fail:jboss.external.http.host"/>
		<echo file="${dist.exploded.dir}/local.properties" append="false">
			jboss.external.http.host=fa il
			evaluate.property.name=jboss.external.http.host
			groovy.debug=true
		</echo>
		<replaceregexp file="${dist.exploded.dir}/local.properties" byline="true"
			match="^\s+(.*)\s*$"
			replace="\1"
			/>
		<execute-property-test-fail
			/>
		<echo message="**** Exiting test:property:fail:jboss.external.http.host"/>
	</target>
	<target name="test:property:fail:jboss.external.http.port-syntax">
		<echo message="**** Entering test:property:fail:jboss.external.http.port"/>
		<echo file="${dist.exploded.dir}/local.properties" append="false">
			jboss.external.http.port=fa il
			evaluate.property.name=jboss.external.http.port
			groovy.debug=true
		</echo>
		<replaceregexp file="${dist.exploded.dir}/local.properties" byline="true"
			match="^\s+(.*)\s*$"
			replace="\1"
			/>
		<execute-property-test-fail
			/>
		<echo message="**** Exiting test:property:fail:jboss.external.http.port"/>
	</target>
</project>
