
<project name="test-properties" default="run" basedir=".">
	<import file="test-common.xml" />
	<target name="run">
		<mkdir dir="${antunit.xml.report.dir}"/>
		<antunit failOnError="false">
			<file file="${ant.file}"/>
			<xmllistener toDir="${antunit.xml.report.dir}" logLevel="verbose" />
			<plainlistener logLevel="info"/>
		</antunit>      
		<osfamily property="os.family"/>
		<if>
			<or>
				<equals arg1="${os.family}" arg2="mac"/>
				<equals arg1="${os.family}" arg2="unix"/>
			</or>
			<then>
				<exec executable="egrep">
					<arg line="'**** Entering|**** Exiting|passed all validation rules.|failed validation.' ${antunit.xml.report.dir}/TEST-test-suite-properties-fail-1-jdk15_xml.xml"/>
				</exec>
			</then>
			<else>
				<echo mesage="Grep not supported on windows"/>
			</else>
		</if>
	</target>
	<target name="suiteSetUp">
		<!-- Use this to run something when you enter this suite, like if your tests are upgrade related you can do an install first to make sure things are in a good state.-->
		<echo message="**** Entering Properties suiteSetUp"/>
		<ant inheritAll="false" inheritrefs="false"
			antfile="build.xml"             
			dir="${build.dir}"              
			target="dist:installer:prep"        
			>                               
		</ant>                  
		<echo message="**** Exiting Properties suiteSetUp"/>
	</target>
	<target name="test:property:fail:ant.minimum.version-syntax">
		<echo message="**** Entering test:property:fail:ant.minimum.version"/>
		<echo file="${dist.exploded.dir}/local.properties" append="false">
			ant.minimum.version=fa il
			evaluate.property.name=ant.minimum.version
			groovy.debug=true
		</echo>
		<replaceregexp file="${dist.exploded.dir}/local.properties" byline="true"
			match="^\s+(.*)\s*$"
			replace="\1"
			/>
		<execute-property-test-fail
			/>
		<echo message="**** Exiting test:property:fail:ant.minimum.version"/>
	</target>
	<target name="test:property:fail:application.base.path.linux-syntax">
		<echo message="**** Entering test:property:fail:application.base.path.linux"/>
		<echo file="${dist.exploded.dir}/local.properties" append="false">
			application.base.path.linux=/home/user name/apps/appname
			evaluate.property.name=application.base.path.linux
			groovy.debug=true
		</echo>
		<replaceregexp file="${dist.exploded.dir}/local.properties" byline="true"
			match="^\s+(.*)\s*$"
			replace="\1"
			/>
		<execute-property-test-fail
			/>
		<echo message="**** Exiting test:property:fail:application.base.path.linux"/>
	</target>
	<target name="test:property:fail:application.base.path.linux-value">
		<echo message="**** Entering test:property:fail:application.base.path.linux"/>
		<echo file="${dist.exploded.dir}/local.properties" append="false">
			application.base.path.linux=/opt
			evaluate.property.name=application.base.path.linux
			groovy.debug=true
		</echo>
		<replaceregexp file="${dist.exploded.dir}/local.properties" byline="true"
			match="^\s+(.*)\s*$"
			replace="\1"
			/>
		<execute-property-test-fail
			/>
		<echo message="**** Exiting test:property:fail:application.base.path.linux"/>
	</target>
	<target name="test:property:fail:application.base.path.windows-syntax">
		<echo message="**** Entering test:property:fail:application.base.path.windows"/>
		<echo file="${dist.exploded.dir}/local.properties" append="false">
			application.base.path.windows=c:\\apps\\appname
			evaluate.property.name=application.base.path.windows
			groovy.debug=true
		</echo>
		<replaceregexp file="${dist.exploded.dir}/local.properties" byline="true"
			match="^\s+(.*)\s*$"
			replace="\1"
			/>
		<execute-property-test-fail
			/>
		<echo message="**** Exiting test:property:fail:application.base.path.windows"/>
	</target>
	<target name="test:property:fail:application.base.path.windows-value">
		<echo message="**** Entering test:property:fail:application.base.path.windows"/>
		<echo file="${dist.exploded.dir}/local.properties" append="false">
			application.base.path.windows=c:\\WINDOWS
			evaluate.property.name=application.base.path.windows
			groovy.debug=true
		</echo>
		<replaceregexp file="${dist.exploded.dir}/local.properties" byline="true"
			match="^\s+(.*)\s*$"
			replace="\1"
			/>
		<execute-property-test-fail
			/>
		<echo message="**** Exiting test:property:fail:application.base.path.windows"/>
	</target>
	<target name="test:property:fail:jboss.application.url-syntax">
		<echo message="**** Entering test:property:fail:jboss.application.url"/>
		<echo file="${dist.exploded.dir}/local.properties" append="false">
			jboss.application.url=http://localhost .nci.nih.gov:port
			evaluate.property.name=jboss.application.url
			groovy.debug=true
		</echo>
		<replaceregexp file="${dist.exploded.dir}/local.properties" byline="true"
			match="^\s+(.*)\s*$"
			replace="\1"
			/>
		<execute-property-test-fail
			/>
		<echo message="**** Exiting test:property:fail:jboss.application.url"/>
	</target>
	<target name="test:property:fail:jboss.application.url-value">
		<echo message="**** Entering test:property:fail:jboss.application.url"/>
		<echo file="${dist.exploded.dir}/local.properties" append="false">
			jboss.application.url=locahost
			evaluate.property.name=jboss.application.url
			groovy.debug=true
		</echo>
		<replaceregexp file="${dist.exploded.dir}/local.properties" byline="true"
			match="^\s+(.*)\s*$"
			replace="\1"
			/>
		<execute-property-test-fail
			/>
		<echo message="**** Exiting test:property:fail:jboss.application.url"/>
	</target>
	<target name="test:property:fail:tomcat.application.url-syntax">
		<echo message="**** Entering test:property:fail:tomcat.application.url"/>
		<echo file="${dist.exploded.dir}/local.properties" append="false">
			tomcat.application.url=http://localhost .nci.nih.gov:port
			evaluate.property.name=tomcat.application.url
			groovy.debug=true
		</echo>
		<replaceregexp file="${dist.exploded.dir}/local.properties" byline="true"
			match="^\s+(.*)\s*$"
			replace="\1"
			/>
		<execute-property-test-fail
			/>
		<echo message="**** Exiting test:property:fail:tomcat.application.url"/>
	</target>
	<target name="test:property:fail:tomcat.application.url-value">
		<echo message="**** Entering test:property:fail:tomcat.application.url"/>
		<echo file="${dist.exploded.dir}/local.properties" append="false">
			tomcat.application.url=locahost
			evaluate.property.name=tomcat.application.url
			groovy.debug=true
		</echo>
		<replaceregexp file="${dist.exploded.dir}/local.properties" byline="true"
			match="^\s+(.*)\s*$"
			replace="\1"
			/>
		<execute-property-test-fail
			/>
		<echo message="**** Exiting test:property:fail:tomcat.application.url"/>
	</target>
	<target name="test:property:fail:application.context.name-syntax">
		<echo message="**** Entering test:property:fail:application.context.name"/>
		<echo file="${dist.exploded.dir}/local.properties" append="false">
			application.context.name=fa/il
			evaluate.property.name=application.context.name
			groovy.debug=true
		</echo>
		<replaceregexp file="${dist.exploded.dir}/local.properties" byline="true"
			match="^\s+(.*)\s*$"
			replace="\1"
			/>
		<execute-property-test-fail
			/>
		<echo message="**** Exiting test:property:fail:application.context.name"/>
	</target>
	<target name="test:property:fail:authentication.type-syntax">
		<echo message="**** Entering test:property:fail:authentication.type"/>
		<echo file="${dist.exploded.dir}/local.properties" append="false">
			authentication.type=fa\\il
			evaluate.property.name=authentication.type
			groovy.debug=true
		</echo>
		<replaceregexp file="${dist.exploded.dir}/local.properties" byline="true"
			match="^\s+(.*)\s*$"
			replace="\1"
			/>
		<execute-property-test-fail
			/>
		<echo message="**** Exiting test:property:fail:authentication.type"/>
	</target>
	<target name="test:property:fail:authentication.type-value">
		<echo message="**** Entering test:property:fail:authentication.type"/>
		<echo file="${dist.exploded.dir}/local.properties" append="false">
			authentication.type=joe
			evaluate.property.name=authentication.type
			groovy.debug=true
		</echo>
		<replaceregexp file="${dist.exploded.dir}/local.properties" byline="true"
			match="^\s+(.*)\s*$"
			replace="\1"
			/>
		<execute-property-test-fail
			/>
		<echo message="**** Exiting test:property:fail:authentication.type"/>
	</target>
	<target name="test:property:fail:bda-blueprints-webapp.install.name-syntax">
		<echo message="**** Entering test:property:fail:bda-blueprints-webapp.install.name"/>
		<echo file="${dist.exploded.dir}/local.properties" append="false">
			bda-blueprints-webapp.install.name=fa il
			evaluate.property.name=bda-blueprints-webapp.install.name
			groovy.debug=true
		</echo>
		<replaceregexp file="${dist.exploded.dir}/local.properties" byline="true"
			match="^\s+(.*)\s*$"
			replace="\1"
			/>
		<execute-property-test-fail
			/>
		<echo message="**** Exiting test:property:fail:bda-blueprints-webapp.install.name"/>
	</target>
	<target name="test:property:fail:bda-blueprints-webapp.install.zip.file-syntax">
		<echo message="**** Entering test:property:fail:bda-blueprints-webapp.install.zip.file"/>
		<echo file="${dist.exploded.dir}/local.properties" append="false">
			bda-blueprints-webapp.install.zip.file=fa/il
			evaluate.property.name=bda-blueprints-webapp.install.zip.file
			groovy.debug=true
		</echo>
		<replaceregexp file="${dist.exploded.dir}/local.properties" byline="true"
			match="^\s+(.*)\s*$"
			replace="\1"
			/>
		<execute-property-test-fail
			/>
		<echo message="**** Exiting test:property:fail:bda-blueprints-webapp.install.zip.file"/>
	</target>
	<target name="test:property:fail:bda-blueprints-webapp.upgrade.name-syntax">
		<echo message="**** Entering test:property:fail:bda-blueprints-webapp.upgrade.name"/>
		<echo file="${dist.exploded.dir}/local.properties" append="false">
			bda-blueprints-webapp.upgrade.name=fa\\il
			evaluate.property.name=bda-blueprints-webapp.upgrade.name
			groovy.debug=true
		</echo>
		<replaceregexp file="${dist.exploded.dir}/local.properties" byline="true"
			match="^\s+(.*)\s*$"
			replace="\1"
			/>
		<execute-property-test-fail
			/>
		<echo message="**** Exiting test:property:fail:bda-blueprints-webapp.upgrade.name"/>
	</target>
	<target name="test:property:fail:bda-blueprints-webapp.upgrade.zip.file-syntax">
		<echo message="**** Entering test:property:fail:bda-blueprints-webapp.upgrade.zip.file"/>
		<echo file="${dist.exploded.dir}/local.properties" append="false">
			bda-blueprints-webapp.upgrade.zip.file=fa il
			evaluate.property.name=bda-blueprints-webapp.upgrade.zip.file
			groovy.debug=true
		</echo>
		<replaceregexp file="${dist.exploded.dir}/local.properties" byline="true"
			match="^\s+(.*)\s*$"
			replace="\1"
			/>
		<execute-property-test-fail
			/>
		<echo message="**** Exiting test:property:fail:bda-blueprints-webapp.upgrade.zip.file"/>
	</target>
	<target name="test:property:fail:bda-blueprints-webapp.version-syntax">
		<echo message="**** Entering test:property:fail:bda-blueprints-webapp.version"/>
		<echo file="${dist.exploded.dir}/local.properties" append="false">
			bda-blueprints-webapp.version=fa il
			evaluate.property.name=bda-blueprints-webapp.version
			groovy.debug=true
		</echo>
		<replaceregexp file="${dist.exploded.dir}/local.properties" byline="true"
			match="^\s+(.*)\s*$"
			replace="\1"
			/>
		<execute-property-test-fail
			/>
		<echo message="**** Exiting test:property:fail:bda-blueprints-webapp.version"/>
	</target>
	<target name="test:property:fail:bda.version-syntax">
		<echo message="**** Entering test:property:fail:bda.version"/>
		<echo file="${dist.exploded.dir}/local.properties" append="false">
			bda.version=fa il
			evaluate.property.name=bda.version
			groovy.debug=true
		</echo>
		<replaceregexp file="${dist.exploded.dir}/local.properties" byline="true"
			match="^\s+(.*)\s*$"
			replace="\1"
			/>
		<execute-property-test-fail
			/>
		<echo message="**** Exiting test:property:fail:bda.version"/>
	</target>
	<target name="test:property:fail:build.bda.src.url-syntax">
		<echo message="**** Entering test:property:fail:build.bda.src.url"/>
		<echo file="${dist.exploded.dir}/local.properties" append="false">
			build.bda.src.url=http://gforge. nci.nih.gov
			evaluate.property.name=build.bda.src.url
			groovy.debug=true
		</echo>
		<replaceregexp file="${dist.exploded.dir}/local.properties" byline="true"
			match="^\s+(.*)\s*$"
			replace="\1"
			/>
		<execute-property-test-fail
			/>
		<echo message="**** Exiting test:property:fail:build.bda.src.url"/>
	</target>
	<target name="test:property:fail:build.bda.src.url-url">
		<echo message="**** Entering test:property:fail:build.bda.src.url"/>
		<echo file="${dist.exploded.dir}/local.properties" append="false">
			build.bda.src.url=http://www.microsoft.com
			evaluate.property.name=build.bda.src.url
			groovy.debug=true
		</echo>
		<replaceregexp file="${dist.exploded.dir}/local.properties" byline="true"
			match="^\s+(.*)\s*$"
			replace="\1"
			/>
		<execute-property-test-fail
			/>
		<echo message="**** Exiting test:property:fail:build.bda.src.url"/>
	</target>
</project>
