
<project name="test-properties" default="run" basedir=".">
	<import file="test-common.xml" />
	<target name="run">
		<mkdir dir="${antunit.xml.report.dir}"/>
		<antunit failOnError="false">
			<file file="${ant.file}"/>
			<xmllistener toDir="${antunit.xml.report.dir}" logLevel="verbose" />
			<plainlistener logLevel="info"/>
		</antunit>      
		<osfamily property="os.family"/>
		<if>
			<or>
				<equals arg1="${os.family}" arg2="mac"/>
				<equals arg1="${os.family}" arg2="unix"/>
			</or>
			<then>
				<exec executable="egrep">
					<arg line="'**** Entering|**** Exiting|passed all validation rules.|failed validation.' ${antunit.xml.report.dir}/TEST-test-suite-properties-pass-7-jdk15_xml.xml"/>
				</exec>
			</then>
			<else>
				<echo mesage="Grep not supported on windows"/>
			</else>
		</if>
	</target>
	<target name="suiteSetUp">
		<!-- Use this to run something when you enter this suite, like if your tests are upgrade related you can do an install first to make sure things are in a good state.-->
		<echo message="**** Entering Properties suiteSetUp"/>
		<ant inheritAll="false" inheritrefs="false"
			antfile="build.xml"             
			dir="${build.dir}"              
			target="dist:installer:prep"        
			>                               
		</ant>                  
		<echo message="**** Exiting Properties suiteSetUp"/>
	</target>
	<target name="test:property:pass:jboss.grid.secure.cert.location">
		<echo message="**** Entering test:property:pass:jboss.grid.secure.cert.location"/>
		<echo file="${dist.exploded.dir}/local.properties" append="false">
			jboss.grid.secure.cert.location=/path/165.112.132.171-cert.pem
			evaluate.property.name=jboss.grid.secure.cert.location
			groovy.debug=true
		</echo>
		<replaceregexp file="${dist.exploded.dir}/local.properties" byline="true"
			match="^\s+(.*)\s*$"
			replace="\1"
			/>
		<execute-property-test-pass
			/>
		<echo message="**** Exiting test:property:pass:jboss.grid.secure.cert.location"/>
	</target>
	<target name="test:property:pass:jboss.grid.secure.enable">
		<echo message="**** Entering test:property:pass:jboss.grid.secure.enable"/>
		<echo file="${dist.exploded.dir}/local.properties" append="false">
			jboss.grid.secure.enable=true
			evaluate.property.name=jboss.grid.secure.enable
			groovy.debug=true
		</echo>
		<replaceregexp file="${dist.exploded.dir}/local.properties" byline="true"
			match="^\s+(.*)\s*$"
			replace="\1"
			/>
		<execute-property-test-pass
			/>
		<echo message="**** Exiting test:property:pass:jboss.grid.secure.enable"/>
	</target>
	<target name="test:property:pass:jboss.grid.secure.key.location">
		<echo message="**** Entering test:property:pass:jboss.grid.secure.key.location"/>
		<echo file="${dist.exploded.dir}/local.properties" append="false">
			jboss.grid.secure.key.location=/path/165.112.132.171-key.pem
			evaluate.property.name=jboss.grid.secure.key.location
			groovy.debug=true
		</echo>
		<replaceregexp file="${dist.exploded.dir}/local.properties" byline="true"
			match="^\s+(.*)\s*$"
			replace="\1"
			/>
		<execute-property-test-pass
			/>
		<echo message="**** Exiting test:property:pass:jboss.grid.secure.key.location"/>
	</target>
	<target name="test:property:pass:jboss.grid.secure.port">
		<echo message="**** Entering test:property:pass:jboss.grid.secure.port"/>
		<echo file="${dist.exploded.dir}/local.properties" append="false">
			jboss.grid.secure.port=30500
			evaluate.property.name=jboss.grid.secure.port
			groovy.debug=true
		</echo>
		<replaceregexp file="${dist.exploded.dir}/local.properties" byline="true"
			match="^\s+(.*)\s*$"
			replace="\1"
			/>
		<execute-property-test-pass
			/>
		<echo message="**** Exiting test:property:pass:jboss.grid.secure.port"/>
	</target>
	<target name="test:property:pass:jboss.hajndi.auto.port">
		<echo message="**** Entering test:property:pass:jboss.hajndi.auto.port"/>
		<echo file="${dist.exploded.dir}/local.properties" append="false">
			jboss.hajndi.auto.port=30370
			evaluate.property.name=jboss.hajndi.auto.port
			groovy.debug=true
		</echo>
		<replaceregexp file="${dist.exploded.dir}/local.properties" byline="true"
			match="^\s+(.*)\s*$"
			replace="\1"
			/>
		<execute-property-test-pass
			/>
		<echo message="**** Exiting test:property:pass:jboss.hajndi.auto.port"/>
	</target>
	<target name="test:property:pass:jboss.hajndi.port">
		<echo message="**** Entering test:property:pass:jboss.hajndi.port"/>
		<echo file="${dist.exploded.dir}/local.properties" append="false">
			jboss.hajndi.port=30160
			evaluate.property.name=jboss.hajndi.port
			groovy.debug=true
		</echo>
		<replaceregexp file="${dist.exploded.dir}/local.properties" byline="true"
			match="^\s+(.*)\s*$"
			replace="\1"
			/>
		<execute-property-test-pass
			/>
		<echo message="**** Exiting test:property:pass:jboss.hajndi.port"/>
	</target>
	<target name="test:property:pass:jboss.hajrmi.port">
		<echo message="**** Entering test:property:pass:jboss.hajrmi.port"/>
		<echo file="${dist.exploded.dir}/local.properties" append="false">
			jboss.hajrmi.port=30260
			evaluate.property.name=jboss.hajrmi.port
			groovy.debug=true
		</echo>
		<replaceregexp file="${dist.exploded.dir}/local.properties" byline="true"
			match="^\s+(.*)\s*$"
			replace="\1"
			/>
		<execute-property-test-pass
			/>
		<echo message="**** Exiting test:property:pass:jboss.hajrmi.port"/>
	</target>
	<target name="test:property:pass:jboss.relative.path">
		<echo message="**** Entering test:property:pass:jboss.relative.path"/>
		<echo file="${dist.exploded.dir}/local.properties" append="false">
			jboss.relative.path=jboss-4.0.5.GA
			evaluate.property.name=jboss.relative.path
			groovy.debug=true
		</echo>
		<replaceregexp file="${dist.exploded.dir}/local.properties" byline="true"
			match="^\s+(.*)\s*$"
			replace="\1"
			/>
		<execute-property-test-pass
			/>
		<echo message="**** Exiting test:property:pass:jboss.relative.path"/>
	</target>
	<target name="test:property:pass:jboss.http-connector.remove">
		<echo message="**** Entering test:property:pass:jboss.http-connector.remove"/>
		<echo file="${dist.exploded.dir}/local.properties" append="false">
			jboss.http-connector.remove=true
			evaluate.property.name=jboss.http-connector.remove
			groovy.debug=true
		</echo>
		<replaceregexp file="${dist.exploded.dir}/local.properties" byline="true"
			match="^\s+(.*)\s*$"
			replace="\1"
			/>
		<execute-property-test-pass
			/>
		<echo message="**** Exiting test:property:pass:jboss.http-connector.remove"/>
	</target>
	<target name="test:property:pass:jboss.java.opts">
		<echo message="**** Entering test:property:pass:jboss.java.opts"/>
		<echo file="${dist.exploded.dir}/local.properties" append="false">
			jboss.java.opts=-server -Xms256m -Xmx512m -XX:ThreadStackSize=128 -XX:SurvivorRatio=10 -XX:PermSize=128m -XX:MaxPermSize=128m -Dsun.rmi.dgc.client.gcInterval=3600000 -Dsun.rmi.dgc.server.gcInterval=3600000 -Djava.awt.headless=true
			evaluate.property.name=jboss.java.opts
			groovy.debug=true
		</echo>
		<replaceregexp file="${dist.exploded.dir}/local.properties" byline="true"
			match="^\s+(.*)\s*$"
			replace="\1"
			/>
		<execute-property-test-pass
			/>
		<echo message="**** Exiting test:property:pass:jboss.java.opts"/>
	</target>
	<target name="test:property:pass:jboss.jms2.netty.port">
		<echo message="**** Entering test:property:pass:jboss.jms2.netty.port"/>
		<echo file="${dist.exploded.dir}/local.properties" append="false">
			jboss.jms2.netty.port=30390
			evaluate.property.name=jboss.jms2.netty.port
			groovy.debug=true
		</echo>
		<replaceregexp file="${dist.exploded.dir}/local.properties" byline="true"
			match="^\s+(.*)\s*$"
			replace="\1"
			/>
		<execute-property-test-pass
			/>
		<echo message="**** Exiting test:property:pass:jboss.jms2.netty.port"/>
	</target>
	<target name="test:property:pass:jboss.jms2.netty-ssl.port">
		<echo message="**** Entering test:property:pass:jboss.jms2.netty-ssl.port"/>
		<echo file="${dist.exploded.dir}/local.properties" append="false">
			jboss.jms2.netty-ssl.port=30400
			evaluate.property.name=jboss.jms2.netty-ssl.port
			groovy.debug=true
		</echo>
		<replaceregexp file="${dist.exploded.dir}/local.properties" byline="true"
			match="^\s+(.*)\s*$"
			replace="\1"
			/>
		<execute-property-test-pass
			/>
		<echo message="**** Exiting test:property:pass:jboss.jms2.netty-ssl.port"/>
	</target>
	<target name="test:property:pass:jboss.jms.port">
		<echo message="**** Entering test:property:pass:jboss.jms.port"/>
		<echo file="${dist.exploded.dir}/local.properties" append="false">
			jboss.jms.port=30170
			evaluate.property.name=jboss.jms.port
			groovy.debug=true
		</echo>
		<replaceregexp file="${dist.exploded.dir}/local.properties" byline="true"
			match="^\s+(.*)\s*$"
			replace="\1"
			/>
		<execute-property-test-pass
			/>
		<echo message="**** Exiting test:property:pass:jboss.jms.port"/>
	</target>
	<target name="test:property:pass:jboss.jmx-rmi.port">
		<echo message="**** Entering test:property:pass:jboss.jmx-rmi.port"/>
		<echo file="${dist.exploded.dir}/local.properties" append="false">
			jboss.jmx-rmi.port=30290
			evaluate.property.name=jboss.jmx-rmi.port
			groovy.debug=true
		</echo>
		<replaceregexp file="${dist.exploded.dir}/local.properties" byline="true"
			match="^\s+(.*)\s*$"
			replace="\1"
			/>
		<execute-property-test-pass
			/>
		<echo message="**** Exiting test:property:pass:jboss.jmx-rmi.port"/>
	</target>
	<target name="test:property:pass:jboss.messaging.port">
		<echo message="**** Entering test:property:pass:jboss.messaging.port"/>
		<echo file="${dist.exploded.dir}/local.properties" append="false">
			jboss.messaging.port=30330
			evaluate.property.name=jboss.messaging.port
			groovy.debug=true
		</echo>
		<replaceregexp file="${dist.exploded.dir}/local.properties" byline="true"
			match="^\s+(.*)\s*$"
			replace="\1"
			/>
		<execute-property-test-pass
			/>
		<echo message="**** Exiting test:property:pass:jboss.messaging.port"/>
	</target>
	<target name="test:property:pass:jboss.ncicb-standard.port-config">
		<echo message="**** Entering test:property:pass:jboss.ncicb-standard.port-config"/>
		<echo file="${dist.exploded.dir}/local.properties" append="false">
			jboss.ncicb-standard.port-config=true
			evaluate.property.name=jboss.ncicb-standard.port-config
			groovy.debug=true
		</echo>
		<replaceregexp file="${dist.exploded.dir}/local.properties" byline="true"
			match="^\s+(.*)\s*$"
			replace="\1"
			/>
		<execute-property-test-pass
			/>
		<echo message="**** Exiting test:property:pass:jboss.ncicb-standard.port-config"/>
	</target>
	<target name="test:property:pass:jboss.pooledha.port">
		<echo message="**** Entering test:property:pass:jboss.pooledha.port"/>
		<echo file="${dist.exploded.dir}/local.properties" append="false">
			jboss.pooledha.port=30270
			evaluate.property.name=jboss.pooledha.port
			groovy.debug=true
		</echo>
		<replaceregexp file="${dist.exploded.dir}/local.properties" byline="true"
			match="^\s+(.*)\s*$"
			replace="\1"
			/>
		<execute-property-test-pass
			/>
		<echo message="**** Exiting test:property:pass:jboss.pooledha.port"/>
	</target>
	<target name="test:property:pass:jboss.remoting.port">
		<echo message="**** Entering test:property:pass:jboss.remoting.port"/>
		<echo file="${dist.exploded.dir}/local.properties" append="false">
			jboss.remoting.port=30320
			evaluate.property.name=jboss.remoting.port
			groovy.debug=true
		</echo>
		<replaceregexp file="${dist.exploded.dir}/local.properties" byline="true"
			match="^\s+(.*)\s*$"
			replace="\1"
			/>
		<execute-property-test-pass
			/>
		<echo message="**** Exiting test:property:pass:jboss.remoting.port"/>
	</target>
	<target name="test:property:pass:jboss.server.bind.port">
		<echo message="**** Entering test:property:pass:jboss.server.bind.port"/>
		<echo file="${dist.exploded.dir}/local.properties" append="false">
			jboss.server.bind.port=0
			evaluate.property.name=jboss.server.bind.port
			groovy.debug=true
		</echo>
		<replaceregexp file="${dist.exploded.dir}/local.properties" byline="true"
			match="^\s+(.*)\s*$"
			replace="\1"
			/>
		<execute-property-test-pass
			/>
		<echo message="**** Exiting test:property:pass:jboss.server.bind.port"/>
	</target>
	<target name="test:property:pass:jboss.server.hostname">
		<echo message="**** Entering test:property:pass:jboss.server.hostname"/>
		<echo file="${dist.exploded.dir}/local.properties" append="false">
			jboss.server.hostname=localhost
			evaluate.property.name=jboss.server.hostname
			groovy.debug=true
		</echo>
		<replaceregexp file="${dist.exploded.dir}/local.properties" byline="true"
			match="^\s+(.*)\s*$"
			replace="\1"
			/>
		<execute-property-test-pass
			/>
		<echo message="**** Exiting test:property:pass:jboss.server.hostname"/>
	</target>
</project>
