
<project name="test-properties" default="run" basedir=".">
	<import file="test-common.xml" />
	<target name="run">
		<mkdir dir="${antunit.xml.report.dir}"/>
		<antunit failOnError="false">
			<file file="${ant.file}"/>
			<xmllistener toDir="${antunit.xml.report.dir}" logLevel="verbose" />
			<plainlistener logLevel="info"/>
		</antunit>      
		<osfamily property="os.family"/>
		<if>                    
			<or>                            
				<equals arg1="${os.family}" arg2="mac"/>
				<equals arg1="${os.family}" arg2="unix"/>
			</or>                   
			<then>                          
				<exec executable="egrep">               
					<arg line="'**** Entering|passed all validation rules.|failed validation.' ${antunit.xml.report.dir}/TEST-test-suite-properties-jdk15_xml.xml"/>
				</exec>                         
			</then>                 
			<else>                  
				<echo mesage="Grep not supported on windows"/>
			</else>                 
		</if>           
	</target>	<target name="test:property:pass:cagrid-console.binaries.file">
		<echo message="**** Entering test:property:pass:cagrid-console.binaries.file"/>
		<echo file="${dist.exploded.dir}/local.properties" append="false">
			cagrid-console.binaries.file=caGrid-console_sources.zip
			evaluate.property.name=cagrid-console.binaries.file
			groovy.debug=true
		</echo>
		<replaceregexp file="${dist.exploded.dir}/local.properties" byline="true"
			match="^\s+(.*)\s*$"
			replace="\1"
			/>
		<execute-property-test-pass
			/>
		<echo message="**** Exiting test:property:pass:cagrid-console.binaries.file"/>
	</target>	<target name="test:property:pass:cagrid-console.binaries.relative.dir">
		<echo message="**** Entering test:property:pass:cagrid-console.binaries.relative.dir"/>
		<echo file="${dist.exploded.dir}/local.properties" append="false">
			cagrid-console.binaries.relative.dir=caGrid-console
			evaluate.property.name=cagrid-console.binaries.relative.dir
			groovy.debug=true
		</echo>
		<replaceregexp file="${dist.exploded.dir}/local.properties" byline="true"
			match="^\s+(.*)\s*$"
			replace="\1"
			/>
		<execute-property-test-pass
			/>
		<echo message="**** Exiting test:property:pass:cagrid-console.binaries.relative.dir"/>
	</target>	<target name="test:property:pass:cagrid-console.src.url">
		<echo message="**** Entering test:property:pass:cagrid-console.src.url"/>
		<echo file="${dist.exploded.dir}/local.properties" append="false">
			cagrid-console.src.url=http://gforge.nci.nih.gov/svnroot/commonlibrary/trunk/techstack-2009/os-independent/caGrid-console_sources.zip
			evaluate.property.name=cagrid-console.src.url
			groovy.debug=true
		</echo>
		<replaceregexp file="${dist.exploded.dir}/local.properties" byline="true"
			match="^\s+(.*)\s*$"
			replace="\1"
			/>
		<execute-property-test-pass
			/>
		<echo message="**** Exiting test:property:pass:cagrid-console.src.url"/>
	</target>	<target name="test:property:pass:cagrid-libs.binaries.file">
		<echo message="**** Entering test:property:pass:cagrid-libs.binaries.file"/>
		<echo file="${dist.exploded.dir}/local.properties" append="false">
			cagrid-libs.binaries.file=cagrid-wscore-4.0.3-appserver-libs.zip
			evaluate.property.name=cagrid-libs.binaries.file
			groovy.debug=true
		</echo>
		<replaceregexp file="${dist.exploded.dir}/local.properties" byline="true"
			match="^\s+(.*)\s*$"
			replace="\1"
			/>
		<execute-property-test-pass
			/>
		<echo message="**** Exiting test:property:pass:cagrid-libs.binaries.file"/>
	</target>	<target name="test:property:pass:cagrid-libs.binaries.relative.dir">
		<echo message="**** Entering test:property:pass:cagrid-libs.binaries.relative.dir"/>
		<echo file="${dist.exploded.dir}/local.properties" append="false">
			cagrid-libs.binaries.relative.dir=.
			evaluate.property.name=cagrid-libs.binaries.relative.dir
			groovy.debug=true
		</echo>
		<replaceregexp file="${dist.exploded.dir}/local.properties" byline="true"
			match="^\s+(.*)\s*$"
			replace="\1"
			/>
		<execute-property-test-pass
			/>
		<echo message="**** Exiting test:property:pass:cagrid-libs.binaries.relative.dir"/>
	</target>	<target name="test:property:pass:cagrid-libs.src.url">
		<echo message="**** Entering test:property:pass:cagrid-libs.src.url"/>
		<echo file="${dist.exploded.dir}/local.properties" append="false">
			cagrid-libs.src.url=http://gforge.nci.nih.gov/svnroot/commonlibrary/trunk/techstack-2007/os-independent/cagrid-wscore-4.0.3-appserver-libs.zip
			evaluate.property.name=cagrid-libs.src.url
			groovy.debug=true
		</echo>
		<replaceregexp file="${dist.exploded.dir}/local.properties" byline="true"
			match="^\s+(.*)\s*$"
			replace="\1"
			/>
		<execute-property-test-pass
			/>
		<echo message="**** Exiting test:property:pass:cagrid-libs.src.url"/>
	</target>	<target name="test:property:pass:cagrid-target.src.url">
		<echo message="**** Entering test:property:pass:cagrid-target.src.url"/>
		<echo file="${dist.exploded.dir}/local.properties" append="false">
			cagrid-target.src.url=https://ncisvn.nci.nih.gov/svn/cagrid/branches/caGrid-1_3_release/cagrid-1-0/caGrid/repository/caGrid/target_grid
			evaluate.property.name=cagrid-target.src.url
			groovy.debug=true
		</echo>
		<replaceregexp file="${dist.exploded.dir}/local.properties" byline="true"
			match="^\s+(.*)\s*$"
			replace="\1"
			/>
		<execute-property-test-pass
			/>
		<echo message="**** Exiting test:property:pass:cagrid-target.src.url"/>
	</target>	<target name="test:property:pass:cgmm.application.context">
		<echo message="**** Entering test:property:pass:cgmm.application.context"/>
		<echo file="${dist.exploded.dir}/local.properties" append="false">
			cgmm.application.context=bda
			evaluate.property.name=cgmm.application.context
			groovy.debug=true
		</echo>
		<replaceregexp file="${dist.exploded.dir}/local.properties" byline="true"
			match="^\s+(.*)\s*$"
			replace="\1"
			/>
		<execute-property-test-pass
			/>
		<echo message="**** Exiting test:property:pass:cgmm.application.context"/>
	</target>	<target name="test:property:pass:cgmm.application.name">
		<echo message="**** Entering test:property:pass:cgmm.application.name"/>
		<echo file="${dist.exploded.dir}/local.properties" append="false">
			cgmm.application.name=bda
			evaluate.property.name=cgmm.application.name
			groovy.debug=true
		</echo>
		<replaceregexp file="${dist.exploded.dir}/local.properties" byline="true"
			match="^\s+(.*)\s*$"
			replace="\1"
			/>
		<execute-property-test-pass
			/>
		<echo message="**** Exiting test:property:pass:cgmm.application.name"/>
	</target>	<target name="test:property:pass:database.context.path">
		<echo message="**** Entering test:property:pass:database.context.path"/>
		<echo file="${dist.exploded.dir}/local.properties" append="false">
			database.context.path=bda-blueprints-webapp
			evaluate.property.name=database.context.path
			groovy.debug=true
		</echo>
		<replaceregexp file="${dist.exploded.dir}/local.properties" byline="true"
			match="^\s+(.*)\s*$"
			replace="\1"
			/>
		<execute-property-test-pass
			/>
		<echo message="**** Exiting test:property:pass:database.context.path"/>
	</target>	<target name="test:property:pass:database.driver">
		<echo message="**** Entering test:property:pass:database.driver"/>
		<echo file="${dist.exploded.dir}/local.properties" append="false">
			database.driver=com.mysql.jdbc.Driver
			evaluate.property.name=database.driver
			groovy.debug=true
		</echo>
		<replaceregexp file="${dist.exploded.dir}/local.properties" byline="true"
			match="^\s+(.*)\s*$"
			replace="\1"
			/>
		<execute-property-test-pass
			/>
		<echo message="**** Exiting test:property:pass:database.driver"/>
	</target>	<target name="test:property:pass:database.driver.file">
		<echo message="**** Entering test:property:pass:database.driver.file"/>
		<echo file="${dist.exploded.dir}/local.properties" append="false">
			database.driver.file=/path/mysql-connector-java-5.0.8.jar
			evaluate.property.name=database.driver.file
			groovy.debug=true
		</echo>
		<replaceregexp file="${dist.exploded.dir}/local.properties" byline="true"
			match="^\s+(.*)\s*$"
			replace="\1"
			/>
		<execute-property-test-pass
			/>
		<echo message="**** Exiting test:property:pass:database.driver.file"/>
	</target>	<target name="test:property:pass:database.drop-schema">
		<echo message="**** Entering test:property:pass:database.drop-schema"/>
		<echo file="${dist.exploded.dir}/local.properties" append="false">
			database.drop-schema=true
			evaluate.property.name=database.drop-schema
			groovy.debug=true
		</echo>
		<replaceregexp file="${dist.exploded.dir}/local.properties" byline="true"
			match="^\s+(.*)\s*$"
			replace="\1"
			/>
		<execute-property-test-pass
			/>
		<echo message="**** Exiting test:property:pass:database.drop-schema"/>
	</target>	<target name="test:property:pass:database.re-create">
		<echo message="**** Entering test:property:pass:database.re-create"/>
		<echo file="${dist.exploded.dir}/local.properties" append="false">
			database.re-create=true
			evaluate.property.name=database.re-create
			groovy.debug=true
		</echo>
		<replaceregexp file="${dist.exploded.dir}/local.properties" byline="true"
			match="^\s+(.*)\s*$"
			replace="\1"
			/>
		<execute-property-test-pass
			/>
		<echo message="**** Exiting test:property:pass:database.re-create"/>
	</target>	<target name="test:property:pass:database.jndi.datasource.name">
		<echo message="**** Entering test:property:pass:database.jndi.datasource.name"/>
		<echo file="${dist.exploded.dir}/local.properties" append="false">
			database.jndi.datasource.name=jdbc/bdaDS
			evaluate.property.name=database.jndi.datasource.name
			groovy.debug=true
		</echo>
		<replaceregexp file="${dist.exploded.dir}/local.properties" byline="true"
			match="^\s+(.*)\s*$"
			replace="\1"
			/>
		<execute-property-test-pass
			/>
		<echo message="**** Exiting test:property:pass:database.jndi.datasource.name"/>
	</target>	<target name="test:property:pass:database.name">
		<echo message="**** Entering test:property:pass:database.name"/>
		<echo file="${dist.exploded.dir}/local.properties" append="false">
			database.name=bda
			evaluate.property.name=database.name
			groovy.debug=true
		</echo>
		<replaceregexp file="${dist.exploded.dir}/local.properties" byline="true"
			match="^\s+(.*)\s*$"
			replace="\1"
			/>
		<execute-property-test-pass
			/>
		<echo message="**** Exiting test:property:pass:database.name"/>
	</target>	<target name="test:property:pass:database.password">
		<echo message="**** Entering test:property:pass:database.password"/>
		<echo file="${dist.exploded.dir}/local.properties" append="false">
			database.password=bdauser
			evaluate.property.name=database.password
			groovy.debug=true
		</echo>
		<replaceregexp file="${dist.exploded.dir}/local.properties" byline="true"
			match="^\s+(.*)\s*$"
			replace="\1"
			/>
		<execute-property-test-pass
			/>
		<echo message="**** Exiting test:property:pass:database.password"/>
	</target>	<target name="test:property:pass:database.port">
		<echo message="**** Entering test:property:pass:database.port"/>
		<echo file="${dist.exploded.dir}/local.properties" append="false">
			database.port=3306
			evaluate.property.name=database.port
			groovy.debug=true
		</echo>
		<replaceregexp file="${dist.exploded.dir}/local.properties" byline="true"
			match="^\s+(.*)\s*$"
			replace="\1"
			/>
		<execute-property-test-pass
			/>
		<echo message="**** Exiting test:property:pass:database.port"/>
	</target>	<target name="test:property:pass:database.schema">
		<echo message="**** Entering test:property:pass:database.schema"/>
		<echo file="${dist.exploded.dir}/local.properties" append="false">
			database.schema=schemaname
			evaluate.property.name=database.schema
			groovy.debug=true
		</echo>
		<replaceregexp file="${dist.exploded.dir}/local.properties" byline="true"
			match="^\s+(.*)\s*$"
			replace="\1"
			/>
		<execute-property-test-pass
			/>
		<echo message="**** Exiting test:property:pass:database.schema"/>
	</target>	<target name="test:property:pass:database.server">
		<echo message="**** Entering test:property:pass:database.server"/>
		<echo file="${dist.exploded.dir}/local.properties" append="false">
			database.server=localhost
			evaluate.property.name=database.server
			groovy.debug=true
		</echo>
		<replaceregexp file="${dist.exploded.dir}/local.properties" byline="true"
			match="^\s+(.*)\s*$"
			replace="\1"
			/>
		<execute-property-test-pass
			/>
		<echo message="**** Exiting test:property:pass:database.server"/>
	</target></project>
