<project name="test-suite-db" default="run" basedir=".">
	<import file="test-common.xml" />
	<target name="run">
		<mkdir dir="${antunit.xml.report.dir}"/>
		<antunit failOnError="false">
			<file file="${ant.file}"/>
			<xmllistener toDir="${antunit.xml.report.dir}" logLevel="verbose" />
			<plainlistener logLevel="info"/>
		</antunit>      
	</target>
	<target name="test:db:mysql:install:drop-schema:pass">
		<!-- defaults to mysql -->
		<antcall target="clean"/>
		<echo file="${build.dir}/local.properties" message="database.drop-schema=true"/>
		<replaceregexp file="${build.dir}/install.properties" byline="true"
			match="^database.re-create=.*"
			replace=""
			/>
		<buildExpectPass
			/>
	</target>
	<target name="test:db:mysql:install:re-create:pass">
		<!-- defaults to mysql -->
		<antcall target="clean"/>
		<echo file="${build.dir}/local.properties" message="database.re-create=true"/>
		<replaceregexp file="${build.dir}/install.properties" byline="true"
			match="^database.drop-schema=.*"
			replace=""
			/>
		<buildExpectPass
			/>
	</target>
	<target name="test:db:mysql:both-install-flags:fail">
		<antcall target="clean"/>
		<echo file="${build.dir}/local.properties" message="database.drop-schema=true${line.separator}database.re-create=true"/>
		<buildExpectFail
			/>
	</target>
</project>
