
<project name="test-properties" default="run" basedir=".">
	<import file="test-common.xml" />
	<target name="run">
		<mkdir dir="${antunit.xml.report.dir}"/>
		<antunit failOnError="false">
			<file file="${ant.file}"/>
			<xmllistener toDir="${antunit.xml.report.dir}" logLevel="verbose" />
			<plainlistener logLevel="info"/>
		</antunit>      
	</target>
	<target name="test:property:fail:jboss.ssl.keystore.alias-syntax">
		<echo message="**** Entering test:property:fail:jboss.ssl.keystore.alias"/>
		<echo file="${dist.exploded.dir}/local.properties" append="false">
			jboss.ssl.keystore.alias=fa il
			evaluate.property.name=jboss.ssl.keystore.alias
			groovy.debug=true
		</echo>
		<replaceregexp file="${dist.exploded.dir}/local.properties" byline="true"
			match="^\s+(.*)\s*$"
			replace="\1"
			/>
		<execute-property-test-fail
			/>
		<echo message="**** Exiting test:property:fail:jboss.ssl.keystore.alias"/>
	</target>
	<target name="test:property:fail:jboss.ssl.keystore.location-syntax">
		<echo message="**** Entering test:property:fail:jboss.ssl.keystore.location"/>
		<echo file="${dist.exploded.dir}/local.properties" append="false">
			jboss.ssl.keystore.location=fa il
			evaluate.property.name=jboss.ssl.keystore.location
			groovy.debug=true
		</echo>
		<replaceregexp file="${dist.exploded.dir}/local.properties" byline="true"
			match="^\s+(.*)\s*$"
			replace="\1"
			/>
		<execute-property-test-fail
			/>
		<echo message="**** Exiting test:property:fail:jboss.ssl.keystore.location"/>
	</target>
	<target name="test:property:fail:jboss.ssl.keystore.pass-syntax">
		<echo message="**** Entering test:property:fail:jboss.ssl.keystore.pass"/>
		<echo file="${dist.exploded.dir}/local.properties" append="false">
			jboss.ssl.keystore.pass=fa il
			evaluate.property.name=jboss.ssl.keystore.pass
			groovy.debug=true
		</echo>
		<replaceregexp file="${dist.exploded.dir}/local.properties" byline="true"
			match="^\s+(.*)\s*$"
			replace="\1"
			/>
		<execute-property-test-fail
			/>
		<echo message="**** Exiting test:property:fail:jboss.ssl.keystore.pass"/>
	</target>
	<target name="test:property:fail:jboss.ssl.port-syntax">
		<echo message="**** Entering test:property:fail:jboss.ssl.port"/>
		<echo file="${dist.exploded.dir}/local.properties" append="false">
			jboss.ssl.port=fa il
			evaluate.property.name=jboss.ssl.port
			groovy.debug=true
		</echo>
		<replaceregexp file="${dist.exploded.dir}/local.properties" byline="true"
			match="^\s+(.*)\s*$"
			replace="\1"
			/>
		<execute-property-test-fail
			/>
		<echo message="**** Exiting test:property:fail:jboss.ssl.port"/>
	</target>
	<target name="test:property:fail:jboss.ssl.port-port">
		<echo message="**** Entering test:property:fail:jboss.ssl.port"/>
		<echo file="${dist.exploded.dir}/local.properties" append="false">
			jboss.ssl.port=70000
			evaluate.property.name=jboss.ssl.port
			groovy.debug=true
		</echo>
		<replaceregexp file="${dist.exploded.dir}/local.properties" byline="true"
			match="^\s+(.*)\s*$"
			replace="\1"
			/>
		<execute-property-test-fail
			/>
		<echo message="**** Exiting test:property:fail:jboss.ssl.port"/>
	</target>
	<target name="test:property:fail:jboss.transaction.processid.port-syntax">
		<echo message="**** Entering test:property:fail:jboss.transaction.processid.port"/>
		<echo file="${dist.exploded.dir}/local.properties" append="false">
			jboss.transaction.processid.port=fa il
			evaluate.property.name=jboss.transaction.processid.port
			groovy.debug=true
		</echo>
		<replaceregexp file="${dist.exploded.dir}/local.properties" byline="true"
			match="^\s+(.*)\s*$"
			replace="\1"
			/>
		<execute-property-test-fail
			/>
		<echo message="**** Exiting test:property:fail:jboss.transaction.processid.port"/>
	</target>
	<target name="test:property:fail:jboss.transaction.processid.port-port">
		<echo message="**** Entering test:property:fail:jboss.transaction.processid.port"/>
		<echo file="${dist.exploded.dir}/local.properties" append="false">
			jboss.transaction.processid.port=70000
			evaluate.property.name=jboss.transaction.processid.port
			groovy.debug=true
		</echo>
		<replaceregexp file="${dist.exploded.dir}/local.properties" byline="true"
			match="^\s+(.*)\s*$"
			replace="\1"
			/>
		<execute-property-test-fail
			/>
		<echo message="**** Exiting test:property:fail:jboss.transaction.processid.port"/>
	</target>
	<target name="test:property:fail:jboss.transaction.recovery.port-syntax">
		<echo message="**** Entering test:property:fail:jboss.transaction.recovery.port"/>
		<echo file="${dist.exploded.dir}/local.properties" append="false">
			jboss.transaction.recovery.port=fa il
			evaluate.property.name=jboss.transaction.recovery.port
			groovy.debug=true
		</echo>
		<replaceregexp file="${dist.exploded.dir}/local.properties" byline="true"
			match="^\s+(.*)\s*$"
			replace="\1"
			/>
		<execute-property-test-fail
			/>
		<echo message="**** Exiting test:property:fail:jboss.transaction.recovery.port"/>
	</target>
	<target name="test:property:fail:jboss.transaction.recovery.port-port">
		<echo message="**** Entering test:property:fail:jboss.transaction.recovery.port"/>
		<echo file="${dist.exploded.dir}/local.properties" append="false">
			jboss.transaction.recovery.port=70000
			evaluate.property.name=jboss.transaction.recovery.port
			groovy.debug=true
		</echo>
		<replaceregexp file="${dist.exploded.dir}/local.properties" byline="true"
			match="^\s+(.*)\s*$"
			replace="\1"
			/>
		<execute-property-test-fail
			/>
		<echo message="**** Exiting test:property:fail:jboss.transaction.recovery.port"/>
	</target>
	<target name="test:property:fail:jboss.transaction.status.port-syntax">
		<echo message="**** Entering test:property:fail:jboss.transaction.status.port"/>
		<echo file="${dist.exploded.dir}/local.properties" append="false">
			jboss.transaction.status.port=fa il
			evaluate.property.name=jboss.transaction.status.port
			groovy.debug=true
		</echo>
		<replaceregexp file="${dist.exploded.dir}/local.properties" byline="true"
			match="^\s+(.*)\s*$"
			replace="\1"
			/>
		<execute-property-test-fail
			/>
		<echo message="**** Exiting test:property:fail:jboss.transaction.status.port"/>
	</target>
	<target name="test:property:fail:jboss.transaction.status.port-port">
		<echo message="**** Entering test:property:fail:jboss.transaction.status.port"/>
		<echo file="${dist.exploded.dir}/local.properties" append="false">
			jboss.transaction.status.port=70000
			evaluate.property.name=jboss.transaction.status.port
			groovy.debug=true
		</echo>
		<replaceregexp file="${dist.exploded.dir}/local.properties" byline="true"
			match="^\s+(.*)\s*$"
			replace="\1"
			/>
		<execute-property-test-fail
			/>
		<echo message="**** Exiting test:property:fail:jboss.transaction.status.port"/>
	</target>
	<target name="test:property:fail:jboss.unifiedinvoker.port-syntax">
		<echo message="**** Entering test:property:fail:jboss.unifiedinvoker.port"/>
		<echo file="${dist.exploded.dir}/local.properties" append="false">
			jboss.unifiedinvoker.port=fa il
			evaluate.property.name=jboss.unifiedinvoker.port
			groovy.debug=true
		</echo>
		<replaceregexp file="${dist.exploded.dir}/local.properties" byline="true"
			match="^\s+(.*)\s*$"
			replace="\1"
			/>
		<execute-property-test-fail
			/>
		<echo message="**** Exiting test:property:fail:jboss.unifiedinvoker.port"/>
	</target>
	<target name="test:property:fail:jboss.unifiedinvoker.port-port">
		<echo message="**** Entering test:property:fail:jboss.unifiedinvoker.port"/>
		<echo file="${dist.exploded.dir}/local.properties" append="false">
			jboss.unifiedinvoker.port=70000
			evaluate.property.name=jboss.unifiedinvoker.port
			groovy.debug=true
		</echo>
		<replaceregexp file="${dist.exploded.dir}/local.properties" byline="true"
			match="^\s+(.*)\s*$"
			replace="\1"
			/>
		<execute-property-test-fail
			/>
		<echo message="**** Exiting test:property:fail:jboss.unifiedinvoker.port"/>
	</target>
	<target name="test:property:fail:jboss.web.password-syntax">
		<echo message="**** Entering test:property:fail:jboss.web.password"/>
		<echo file="${dist.exploded.dir}/local.properties" append="false">
			jboss.web.password=fa il
			evaluate.property.name=jboss.web.password
			groovy.debug=true
		</echo>
		<replaceregexp file="${dist.exploded.dir}/local.properties" byline="true"
			match="^\s+(.*)\s*$"
			replace="\1"
			/>
		<execute-property-test-fail
			/>
		<echo message="**** Exiting test:property:fail:jboss.web.password"/>
	</target>
	<target name="test:property:fail:jboss.web.service.port-syntax">
		<echo message="**** Entering test:property:fail:jboss.web.service.port"/>
		<echo file="${dist.exploded.dir}/local.properties" append="false">
			jboss.web.service.port=fa il
			evaluate.property.name=jboss.web.service.port
			groovy.debug=true
		</echo>
		<replaceregexp file="${dist.exploded.dir}/local.properties" byline="true"
			match="^\s+(.*)\s*$"
			replace="\1"
			/>
		<execute-property-test-fail
			/>
		<echo message="**** Exiting test:property:fail:jboss.web.service.port"/>
	</target>
	<target name="test:property:fail:jboss.web.service.port-port">
		<echo message="**** Entering test:property:fail:jboss.web.service.port"/>
		<echo file="${dist.exploded.dir}/local.properties" append="false">
			jboss.web.service.port=70000
			evaluate.property.name=jboss.web.service.port
			groovy.debug=true
		</echo>
		<replaceregexp file="${dist.exploded.dir}/local.properties" byline="true"
			match="^\s+(.*)\s*$"
			replace="\1"
			/>
		<execute-property-test-fail
			/>
		<echo message="**** Exiting test:property:fail:jboss.web.service.port"/>
	</target>
	<target name="test:property:fail:jboss.web.user-syntax">
		<echo message="**** Entering test:property:fail:jboss.web.user"/>
		<echo file="${dist.exploded.dir}/local.properties" append="false">
			jboss.web.user=fa il
			evaluate.property.name=jboss.web.user
			groovy.debug=true
		</echo>
		<replaceregexp file="${dist.exploded.dir}/local.properties" byline="true"
			match="^\s+(.*)\s*$"
			replace="\1"
			/>
		<execute-property-test-fail
			/>
		<echo message="**** Exiting test:property:fail:jboss.web.user"/>
	</target>
	<target name="test:property:fail:ldap.basedn-syntax">
		<echo message="**** Entering test:property:fail:ldap.basedn"/>
		<echo file="${dist.exploded.dir}/local.properties" append="false">
			ldap.basedn=fa il
			evaluate.property.name=ldap.basedn
			groovy.debug=true
		</echo>
		<replaceregexp file="${dist.exploded.dir}/local.properties" byline="true"
			match="^\s+(.*)\s*$"
			replace="\1"
			/>
		<execute-property-test-fail
			/>
		<echo message="**** Exiting test:property:fail:ldap.basedn"/>
	</target>
	<target name="test:property:fail:ldap.url-syntax">
		<echo message="**** Entering test:property:fail:ldap.url"/>
		<echo file="${dist.exploded.dir}/local.properties" append="false">
			ldap.url=fa il
			evaluate.property.name=ldap.url
			groovy.debug=true
		</echo>
		<replaceregexp file="${dist.exploded.dir}/local.properties" byline="true"
			match="^\s+(.*)\s*$"
			replace="\1"
			/>
		<execute-property-test-fail
			/>
		<echo message="**** Exiting test:property:fail:ldap.url"/>
	</target>
	<target name="test:property:fail:ldap.url-ldapurl">
		<echo message="**** Entering test:property:fail:ldap.url"/>
		<echo file="${dist.exploded.dir}/local.properties" append="false">
			ldap.url=fail
			evaluate.property.name=ldap.url
			groovy.debug=true
		</echo>
		<replaceregexp file="${dist.exploded.dir}/local.properties" byline="true"
			match="^\s+(.*)\s*$"
			replace="\1"
			/>
		<execute-property-test-fail
			/>
		<echo message="**** Exiting test:property:fail:ldap.url"/>
	</target>
</project>
