
<project name="test-properties" default="run" basedir=".">
	<import file="test-common.xml" />
	<target name="run">
		<mkdir dir="${antunit.xml.report.dir}"/>
		<antunit failOnError="false">
			<file file="${ant.file}"/>
			<xmllistener toDir="${antunit.xml.report.dir}" logLevel="verbose" />
			<plainlistener logLevel="info"/>
		</antunit>      
	</target>
	<target name="test:property:fail:exclude.jboss.grid-tf">
		<echo message="**** Entering test:property:fail:exclude.jboss.grid"/>
		<echo file="${dist.exploded.dir}/local.properties" append="false">
			exclude.jboss.grid=fail
			evaluate.property.name=exclude.jboss.grid
			groovy.debug=true
		</echo>
		<replaceregexp file="${dist.exploded.dir}/local.properties" byline="true"
			match="^\s+(.*)\s*$"
			replace="\1"
			/>
		<execute-property-test-fail
			/>
		<echo message="**** Exiting test:property:fail:exclude.jboss.grid"/>
	</target>
	<target name="test:property:fail:exclude.jboss-login-config-syntax">
		<echo message="**** Entering test:property:fail:exclude.jboss-login-config"/>
		<echo file="${dist.exploded.dir}/local.properties" append="false">
			exclude.jboss-login-config=fa il
			evaluate.property.name=exclude.jboss-login-config
			groovy.debug=true
		</echo>
		<replaceregexp file="${dist.exploded.dir}/local.properties" byline="true"
			match="^\s+(.*)\s*$"
			replace="\1"
			/>
		<execute-property-test-fail
			/>
		<echo message="**** Exiting test:property:fail:exclude.jboss-login-config"/>
	</target>
	<target name="test:property:fail:exclude.jboss-login-config-tf">
		<echo message="**** Entering test:property:fail:exclude.jboss-login-config"/>
		<echo file="${dist.exploded.dir}/local.properties" append="false">
			exclude.jboss-login-config=fail
			evaluate.property.name=exclude.jboss-login-config
			groovy.debug=true
		</echo>
		<replaceregexp file="${dist.exploded.dir}/local.properties" byline="true"
			match="^\s+(.*)\s*$"
			replace="\1"
			/>
		<execute-property-test-fail
			/>
		<echo message="**** Exiting test:property:fail:exclude.jboss-login-config"/>
	</target>
	<target name="test:property:fail:exclude.start.servers-syntax">
		<echo message="**** Entering test:property:fail:exclude.start.servers"/>
		<echo file="${dist.exploded.dir}/local.properties" append="false">
			exclude.start.servers=fa il
			evaluate.property.name=exclude.start.servers
			groovy.debug=true
		</echo>
		<replaceregexp file="${dist.exploded.dir}/local.properties" byline="true"
			match="^\s+(.*)\s*$"
			replace="\1"
			/>
		<execute-property-test-fail
			/>
		<echo message="**** Exiting test:property:fail:exclude.start.servers"/>
	</target>
	<target name="test:property:fail:exclude.start.servers-tf">
		<echo message="**** Entering test:property:fail:exclude.start.servers"/>
		<echo file="${dist.exploded.dir}/local.properties" append="false">
			exclude.start.servers=fail
			evaluate.property.name=exclude.start.servers
			groovy.debug=true
		</echo>
		<replaceregexp file="${dist.exploded.dir}/local.properties" byline="true"
			match="^\s+(.*)\s*$"
			replace="\1"
			/>
		<execute-property-test-fail
			/>
		<echo message="**** Exiting test:property:fail:exclude.start.servers"/>
	</target>
	<target name="test:property:fail:exclude.tomcat-syntax">
		<echo message="**** Entering test:property:fail:exclude.tomcat"/>
		<echo file="${dist.exploded.dir}/local.properties" append="false">
			exclude.tomcat=fa il
			evaluate.property.name=exclude.tomcat
			groovy.debug=true
		</echo>
		<replaceregexp file="${dist.exploded.dir}/local.properties" byline="true"
			match="^\s+(.*)\s*$"
			replace="\1"
			/>
		<execute-property-test-fail
			/>
		<echo message="**** Exiting test:property:fail:exclude.tomcat"/>
	</target>
	<target name="test:property:fail:exclude.tomcat-tf">
		<echo message="**** Entering test:property:fail:exclude.tomcat"/>
		<echo file="${dist.exploded.dir}/local.properties" append="false">
			exclude.tomcat=fail
			evaluate.property.name=exclude.tomcat
			groovy.debug=true
		</echo>
		<replaceregexp file="${dist.exploded.dir}/local.properties" byline="true"
			match="^\s+(.*)\s*$"
			replace="\1"
			/>
		<execute-property-test-fail
			/>
		<echo message="**** Exiting test:property:fail:exclude.tomcat"/>
	</target>
	<target name="test:property:fail:exclude.tomcat.backup-syntax">
		<echo message="**** Entering test:property:fail:exclude.tomcat.backup"/>
		<echo file="${dist.exploded.dir}/local.properties" append="false">
			exclude.tomcat.backup=fa il
			evaluate.property.name=exclude.tomcat.backup
			groovy.debug=true
		</echo>
		<replaceregexp file="${dist.exploded.dir}/local.properties" byline="true"
			match="^\s+(.*)\s*$"
			replace="\1"
			/>
		<execute-property-test-fail
			/>
		<echo message="**** Exiting test:property:fail:exclude.tomcat.backup"/>
	</target>
	<target name="test:property:fail:exclude.tomcat.backup-tf">
		<echo message="**** Entering test:property:fail:exclude.tomcat.backup"/>
		<echo file="${dist.exploded.dir}/local.properties" append="false">
			exclude.tomcat.backup=fail
			evaluate.property.name=exclude.tomcat.backup
			groovy.debug=true
		</echo>
		<replaceregexp file="${dist.exploded.dir}/local.properties" byline="true"
			match="^\s+(.*)\s*$"
			replace="\1"
			/>
		<execute-property-test-fail
			/>
		<echo message="**** Exiting test:property:fail:exclude.tomcat.backup"/>
	</target>
	<target name="test:property:fail:exclude.tomcat-config-syntax">
		<echo message="**** Entering test:property:fail:exclude.tomcat-config"/>
		<echo file="${dist.exploded.dir}/local.properties" append="false">
			exclude.tomcat-config=fa il
			evaluate.property.name=exclude.tomcat-config
			groovy.debug=true
		</echo>
		<replaceregexp file="${dist.exploded.dir}/local.properties" byline="true"
			match="^\s+(.*)\s*$"
			replace="\1"
			/>
		<execute-property-test-fail
			/>
		<echo message="**** Exiting test:property:fail:exclude.tomcat-config"/>
	</target>
	<target name="test:property:fail:exclude.tomcat-config-tf">
		<echo message="**** Entering test:property:fail:exclude.tomcat-config"/>
		<echo file="${dist.exploded.dir}/local.properties" append="false">
			exclude.tomcat-config=fail
			evaluate.property.name=exclude.tomcat-config
			groovy.debug=true
		</echo>
		<replaceregexp file="${dist.exploded.dir}/local.properties" byline="true"
			match="^\s+(.*)\s*$"
			replace="\1"
			/>
		<execute-property-test-fail
			/>
		<echo message="**** Exiting test:property:fail:exclude.tomcat-config"/>
	</target>
	<target name="test:property:fail:exclude.tomcat.grid-syntax">
		<echo message="**** Entering test:property:fail:exclude.tomcat.grid"/>
		<echo file="${dist.exploded.dir}/local.properties" append="false">
			exclude.tomcat.grid=fa il
			evaluate.property.name=exclude.tomcat.grid
			groovy.debug=true
		</echo>
		<replaceregexp file="${dist.exploded.dir}/local.properties" byline="true"
			match="^\s+(.*)\s*$"
			replace="\1"
			/>
		<execute-property-test-fail
			/>
		<echo message="**** Exiting test:property:fail:exclude.tomcat.grid"/>
	</target>
	<target name="test:property:fail:exclude.tomcat.grid-tf">
		<echo message="**** Entering test:property:fail:exclude.tomcat.grid"/>
		<echo file="${dist.exploded.dir}/local.properties" append="false">
			exclude.tomcat.grid=fail
			evaluate.property.name=exclude.tomcat.grid
			groovy.debug=true
		</echo>
		<replaceregexp file="${dist.exploded.dir}/local.properties" byline="true"
			match="^\s+(.*)\s*$"
			replace="\1"
			/>
		<execute-property-test-fail
			/>
		<echo message="**** Exiting test:property:fail:exclude.tomcat.grid"/>
	</target>
	<target name="test:property:fail:findbugs.binaries.file-syntax">
		<echo message="**** Entering test:property:fail:findbugs.binaries.file"/>
		<echo file="${dist.exploded.dir}/local.properties" append="false">
			findbugs.binaries.file=fail conditoin
			evaluate.property.name=findbugs.binaries.file
			groovy.debug=true
		</echo>
		<replaceregexp file="${dist.exploded.dir}/local.properties" byline="true"
			match="^\s+(.*)\s*$"
			replace="\1"
			/>
		<execute-property-test-fail
			/>
		<echo message="**** Exiting test:property:fail:findbugs.binaries.file"/>
	</target>
	<target name="test:property:fail:findbugs.binaries.relative.dir-syntax">
		<echo message="**** Entering test:property:fail:findbugs.binaries.relative.dir"/>
		<echo file="${dist.exploded.dir}/local.properties" append="false">
			findbugs.binaries.relative.dir=
			evaluate.property.name=findbugs.binaries.relative.dir
			groovy.debug=true
		</echo>
		<replaceregexp file="${dist.exploded.dir}/local.properties" byline="true"
			match="^\s+(.*)\s*$"
			replace="\1"
			/>
		<execute-property-test-fail
			/>
		<echo message="**** Exiting test:property:fail:findbugs.binaries.relative.dir"/>
	</target>
	<target name="test:property:fail:findbugs.src.url-syntax">
		<echo message="**** Entering test:property:fail:findbugs.src.url"/>
		<echo file="${dist.exploded.dir}/local.properties" append="false">
			findbugs.src.url=http://gforge .nci.nih.gov
			evaluate.property.name=findbugs.src.url
			groovy.debug=true
		</echo>
		<replaceregexp file="${dist.exploded.dir}/local.properties" byline="true"
			match="^\s+(.*)\s*$"
			replace="\1"
			/>
		<execute-property-test-fail
			/>
		<echo message="**** Exiting test:property:fail:findbugs.src.url"/>
	</target>
	<target name="test:property:fail:findbugs.src.url-url">
		<echo message="**** Entering test:property:fail:findbugs.src.url"/>
		<echo file="${dist.exploded.dir}/local.properties" append="false">
			findbugs.src.url=http://www.microsoft.com
			evaluate.property.name=findbugs.src.url
			groovy.debug=true
		</echo>
		<replaceregexp file="${dist.exploded.dir}/local.properties" byline="true"
			match="^\s+(.*)\s*$"
			replace="\1"
			/>
		<execute-property-test-fail
			/>
		<echo message="**** Exiting test:property:fail:findbugs.src.url"/>
	</target>
	<target name="test:property:fail:# For jar-signning self signed cert-url">
		<echo message="**** Entering test:property:fail:# For jar-signning self signed cert"/>
		<echo file="${dist.exploded.dir}/local.properties" append="false">
			# For jar-signning self signed cert=
			evaluate.property.name=# For jar-signning self signed cert
			groovy.debug=true
		</echo>
		<replaceregexp file="${dist.exploded.dir}/local.properties" byline="true"
			match="^\s+(.*)\s*$"
			replace="\1"
			/>
		<execute-property-test-fail
			/>
		<echo message="**** Exiting test:property:fail:# For jar-signning self signed cert"/>
	</target>
	<target name="test:property:fail:fs-data.base.dir-syntax">
		<echo message="**** Entering test:property:fail:fs-data.base.dir"/>
		<echo file="${dist.exploded.dir}/local.properties" append="false">
			fs-data.base.dir=c:\\junk
			evaluate.property.name=fs-data.base.dir
			groovy.debug=true
		</echo>
		<replaceregexp file="${dist.exploded.dir}/local.properties" byline="true"
			match="^\s+(.*)\s*$"
			replace="\1"
			/>
		<execute-property-test-fail
			/>
		<echo message="**** Exiting test:property:fail:fs-data.base.dir"/>
	</target>
	<target name="test:property:fail:grid.poc.science.affiliation-syntax">
		<echo message="**** Entering test:property:fail:grid.poc.science.affiliation"/>
		<echo file="${dist.exploded.dir}/local.properties" append="false">
			grid.poc.science.affiliation=fa/il
			evaluate.property.name=grid.poc.science.affiliation
			groovy.debug=true
		</echo>
		<replaceregexp file="${dist.exploded.dir}/local.properties" byline="true"
			match="^\s+(.*)\s*$"
			replace="\1"
			/>
		<execute-property-test-fail
			/>
		<echo message="**** Exiting test:property:fail:grid.poc.science.affiliation"/>
	</target>
</project>
