
<project name="test-properties" default="run" basedir=".">
	<import file="test-common.xml" />
	<target name="run">
		<mkdir dir="${antunit.xml.report.dir}"/>
		<antunit failOnError="false">
			<file file="${ant.file}"/>
			<xmllistener toDir="${antunit.xml.report.dir}" logLevel="verbose" />
			<plainlistener logLevel="info"/>
		</antunit>      
		<osfamily property="os.family"/>
		<if>                    
			<or>                            
				<equals arg1="${os.family}" arg2="mac"/>
				<equals arg1="${os.family}" arg2="unix"/>
			</or>                   
			<then>                          
				<exec executable="egrep">               
					<arg line="'**** Entering|passed all validation rules.|failed validation.' ${antunit.xml.report.dir}/TEST-test-suite-properties-jdk15_xml.xml"/>
				</exec>                         
			</then>                 
			<else>                  
				<echo mesage="Grep not supported on windows"/>
			</else>                 
		</if>           
	</target>
	<target name="test:property:fail:grid.target-value">
		<echo message="**** Entering test:property:fail:grid.target"/>
		<echo file="${dist.exploded.dir}/local.properties" append="false">
			grid.target=fail
			evaluate.property.name=grid.target
			groovy.debug=true
		</echo>
		<replaceregexp file="${dist.exploded.dir}/local.properties" byline="true"
			match="^\s+(.*)\s*$"
			replace="\1"
			/>
		<execute-property-test-fail
			/>
		<echo message="**** Exiting test:property:fail:grid.target"/>
	</target>
	<target name="test:property:fail:ivy.bda.settings.src.url-syntax">
		<echo message="**** Entering test:property:fail:ivy.bda.settings.src.url"/>
		<echo file="${dist.exploded.dir}/local.properties" append="false">
			ivy.bda.settings.src.url=http://gforge. nci.nih.gov
			evaluate.property.name=ivy.bda.settings.src.url
			groovy.debug=true
		</echo>
		<replaceregexp file="${dist.exploded.dir}/local.properties" byline="true"
			match="^\s+(.*)\s*$"
			replace="\1"
			/>
		<execute-property-test-fail
			/>
		<echo message="**** Exiting test:property:fail:ivy.bda.settings.src.url"/>
	</target>
	<target name="test:property:fail:ivy.bda.settings.src.url-url">
		<echo message="**** Entering test:property:fail:ivy.bda.settings.src.url"/>
		<echo file="${dist.exploded.dir}/local.properties" append="false">
			ivy.bda.settings.src.url=http://www.microsoft.com
			evaluate.property.name=ivy.bda.settings.src.url
			groovy.debug=true
		</echo>
		<replaceregexp file="${dist.exploded.dir}/local.properties" byline="true"
			match="^\s+(.*)\s*$"
			replace="\1"
			/>
		<execute-property-test-fail
			/>
		<echo message="**** Exiting test:property:fail:ivy.bda.settings.src.url"/>
	</target>
	<target name="test:property:fail:ivy.bda.src.url-syntax">
		<echo message="**** Entering test:property:fail:ivy.bda.src.url"/>
		<echo file="${dist.exploded.dir}/local.properties" append="false">
			ivy.bda.src.url=http://gforge. nci.nih.gov
			evaluate.property.name=ivy.bda.src.url
			groovy.debug=true
		</echo>
		<replaceregexp file="${dist.exploded.dir}/local.properties" byline="true"
			match="^\s+(.*)\s*$"
			replace="\1"
			/>
		<execute-property-test-fail
			/>
		<echo message="**** Exiting test:property:fail:ivy.bda.src.url"/>
	</target>
	<target name="test:property:fail:ivy.bda.src.url-url">
		<echo message="**** Entering test:property:fail:ivy.bda.src.url"/>
		<echo file="${dist.exploded.dir}/local.properties" append="false">
			ivy.bda.src.url=http://www.microsoft.com
			evaluate.property.name=ivy.bda.src.url
			groovy.debug=true
		</echo>
		<replaceregexp file="${dist.exploded.dir}/local.properties" byline="true"
			match="^\s+(.*)\s*$"
			replace="\1"
			/>
		<execute-property-test-fail
			/>
		<echo message="**** Exiting test:property:fail:ivy.bda.src.url"/>
	</target>
	<target name="test:property:fail:jar-signing.execution.time-syntax">
		<echo message="**** Entering test:property:fail:jar-signing.execution.time"/>
		<echo file="${dist.exploded.dir}/local.properties" append="false">
			jar-signing.execution.time=fa il
			evaluate.property.name=jar-signing.execution.time
			groovy.debug=true
		</echo>
		<replaceregexp file="${dist.exploded.dir}/local.properties" byline="true"
			match="^\s+(.*)\s*$"
			replace="\1"
			/>
		<execute-property-test-fail
			/>
		<echo message="**** Exiting test:property:fail:jar-signing.execution.time"/>
	</target>
	<target name="test:property:fail:jar-signing.execution.time-value">
		<echo message="**** Entering test:property:fail:jar-signing.execution.time"/>
		<echo file="${dist.exploded.dir}/local.properties" append="false">
			jar-signing.execution.time=fail
			evaluate.property.name=jar-signing.execution.time
			groovy.debug=true
		</echo>
		<replaceregexp file="${dist.exploded.dir}/local.properties" byline="true"
			match="^\s+(.*)\s*$"
			replace="\1"
			/>
		<execute-property-test-fail
			/>
		<echo message="**** Exiting test:property:fail:jar-signing.execution.time"/>
	</target>
	<target name="test:property:fail:jar-signing.generate-selfsigned-syntax">
		<echo message="**** Entering test:property:fail:jar-signing.generate-selfsigned"/>
		<echo file="${dist.exploded.dir}/local.properties" append="false">
			jar-signing.generate-selfsigned=fa il
			evaluate.property.name=jar-signing.generate-selfsigned
			groovy.debug=true
		</echo>
		<replaceregexp file="${dist.exploded.dir}/local.properties" byline="true"
			match="^\s+(.*)\s*$"
			replace="\1"
			/>
		<execute-property-test-fail
			/>
		<echo message="**** Exiting test:property:fail:jar-signing.generate-selfsigned"/>
	</target>
	<target name="test:property:fail:jar-signing.generate-selfsigned-tf">
		<echo message="**** Entering test:property:fail:jar-signing.generate-selfsigned"/>
		<echo file="${dist.exploded.dir}/local.properties" append="false">
			jar-signing.generate-selfsigned=fail
			evaluate.property.name=jar-signing.generate-selfsigned
			groovy.debug=true
		</echo>
		<replaceregexp file="${dist.exploded.dir}/local.properties" byline="true"
			match="^\s+(.*)\s*$"
			replace="\1"
			/>
		<execute-property-test-fail
			/>
		<echo message="**** Exiting test:property:fail:jar-signing.generate-selfsigned"/>
	</target>
	<target name="test:property:fail:jar-signing.jar.list-syntax">
		<echo message="**** Entering test:property:fail:jar-signing.jar.list"/>
		<echo file="${dist.exploded.dir}/local.properties" append="false">
			jar-signing.jar.list=fa il
			evaluate.property.name=jar-signing.jar.list
			groovy.debug=true
		</echo>
		<replaceregexp file="${dist.exploded.dir}/local.properties" byline="true"
			match="^\s+(.*)\s*$"
			replace="\1"
			/>
		<execute-property-test-fail
			/>
		<echo message="**** Exiting test:property:fail:jar-signing.jar.list"/>
	</target>
	<target name="test:property:fail:jar-signing.jar.list-list-beg">
		<echo message="**** Entering test:property:fail:jar-signing.jar.list"/>
		<echo file="${dist.exploded.dir}/local.properties" append="false">
			jar-signing.jar.list=,fail,fail
			evaluate.property.name=jar-signing.jar.list
			groovy.debug=true
		</echo>
		<replaceregexp file="${dist.exploded.dir}/local.properties" byline="true"
			match="^\s+(.*)\s*$"
			replace="\1"
			/>
		<execute-property-test-fail
			/>
		<echo message="**** Exiting test:property:fail:jar-signing.jar.list"/>
	</target>
	<target name="test:property:fail:jar-signing.jar.list-list-end">
		<echo message="**** Entering test:property:fail:jar-signing.jar.list"/>
		<echo file="${dist.exploded.dir}/local.properties" append="false">
			jar-signing.jar.list=fail,fail,
			evaluate.property.name=jar-signing.jar.list
			groovy.debug=true
		</echo>
		<replaceregexp file="${dist.exploded.dir}/local.properties" byline="true"
			match="^\s+(.*)\s*$"
			replace="\1"
			/>
		<execute-property-test-fail
			/>
		<echo message="**** Exiting test:property:fail:jar-signing.jar.list"/>
	</target>
	<target name="test:property:fail:jar-signing.keystore.alias-syntax">
		<echo message="**** Entering test:property:fail:jar-signing.keystore.alias"/>
		<echo file="${dist.exploded.dir}/local.properties" append="false">
			jar-signing.keystore.alias=fa/il
			evaluate.property.name=jar-signing.keystore.alias
			groovy.debug=true
		</echo>
		<replaceregexp file="${dist.exploded.dir}/local.properties" byline="true"
			match="^\s+(.*)\s*$"
			replace="\1"
			/>
		<execute-property-test-fail
			/>
		<echo message="**** Exiting test:property:fail:jar-signing.keystore.alias"/>
	</target>
	<target name="test:property:fail:jar-signing.keystore.cert.cn-syntax">
		<echo message="**** Entering test:property:fail:jar-signing.keystore.cert.cn"/>
		<echo file="${dist.exploded.dir}/local.properties" append="false">
			jar-signing.keystore.cert.cn=fa/il
			evaluate.property.name=jar-signing.keystore.cert.cn
			groovy.debug=true
		</echo>
		<replaceregexp file="${dist.exploded.dir}/local.properties" byline="true"
			match="^\s+(.*)\s*$"
			replace="\1"
			/>
		<execute-property-test-fail
			/>
		<echo message="**** Exiting test:property:fail:jar-signing.keystore.cert.cn"/>
	</target>
	<target name="test:property:fail:jar-signing.keystore.cert.c-syntax">
		<echo message="**** Entering test:property:fail:jar-signing.keystore.cert.c"/>
		<echo file="${dist.exploded.dir}/local.properties" append="false">
			jar-signing.keystore.cert.c=fa/il
			evaluate.property.name=jar-signing.keystore.cert.c
			groovy.debug=true
		</echo>
		<replaceregexp file="${dist.exploded.dir}/local.properties" byline="true"
			match="^\s+(.*)\s*$"
			replace="\1"
			/>
		<execute-property-test-fail
			/>
		<echo message="**** Exiting test:property:fail:jar-signing.keystore.cert.c"/>
	</target>
	<target name="test:property:fail:jar-signing.keystore.cert.o-syntax">
		<echo message="**** Entering test:property:fail:jar-signing.keystore.cert.o"/>
		<echo file="${dist.exploded.dir}/local.properties" append="false">
			jar-signing.keystore.cert.o=fa/il Cancer Institute
			evaluate.property.name=jar-signing.keystore.cert.o
			groovy.debug=true
		</echo>
		<replaceregexp file="${dist.exploded.dir}/local.properties" byline="true"
			match="^\s+(.*)\s*$"
			replace="\1"
			/>
		<execute-property-test-fail
			/>
		<echo message="**** Exiting test:property:fail:jar-signing.keystore.cert.o"/>
	</target>
	<target name="test:property:fail:jar-signing.keystore.cert.ou-syntax">
		<echo message="**** Entering test:property:fail:jar-signing.keystore.cert.ou"/>
		<echo file="${dist.exploded.dir}/local.properties" append="false">
			jar-signing.keystore.cert.ou=fa/il
			evaluate.property.name=jar-signing.keystore.cert.ou
			groovy.debug=true
		</echo>
		<replaceregexp file="${dist.exploded.dir}/local.properties" byline="true"
			match="^\s+(.*)\s*$"
			replace="\1"
			/>
		<execute-property-test-fail
			/>
		<echo message="**** Exiting test:property:fail:jar-signing.keystore.cert.ou"/>
	</target>
	<target name="test:property:fail:jar-signing.keystore.location-syntax">
		<echo message="**** Entering test:property:fail:jar-signing.keystore.location"/>
		<echo file="${dist.exploded.dir}/local.properties" append="false">
			jar-signing.keystore.location=fa/il-dev-signing.keystore
			evaluate.property.name=jar-signing.keystore.location
			groovy.debug=true
		</echo>
		<replaceregexp file="${dist.exploded.dir}/local.properties" byline="true"
			match="^\s+(.*)\s*$"
			replace="\1"
			/>
		<execute-property-test-fail
			/>
		<echo message="**** Exiting test:property:fail:jar-signing.keystore.location"/>
	</target>
	<target name="test:property:fail:jar-signing.keystore.password-syntax">
		<echo message="**** Entering test:property:fail:jar-signing.keystore.password"/>
		<echo file="${dist.exploded.dir}/local.properties" append="false">
			jar-signing.keystore.password=fa/il!
			evaluate.property.name=jar-signing.keystore.password
			groovy.debug=true
		</echo>
		<replaceregexp file="${dist.exploded.dir}/local.properties" byline="true"
			match="^\s+(.*)\s*$"
			replace="\1"
			/>
		<execute-property-test-fail
			/>
		<echo message="**** Exiting test:property:fail:jar-signing.keystore.password"/>
	</target>
	<target name="test:property:fail:java.major.version-syntax">
		<echo message="**** Entering test:property:fail:java.major.version"/>
		<echo file="${dist.exploded.dir}/local.properties" append="false">
			java.major.version=fa il
			evaluate.property.name=java.major.version
			groovy.debug=true
		</echo>
		<replaceregexp file="${dist.exploded.dir}/local.properties" byline="true"
			match="^\s+(.*)\s*$"
			replace="\1"
			/>
		<execute-property-test-fail
			/>
		<echo message="**** Exiting test:property:fail:java.major.version"/>
	</target>
</project>
