
<project name="test-properties" default="run" basedir=".">
	<import file="test-common.xml" />
	<target name="run">
		<mkdir dir="${antunit.xml.report.dir}"/>
		<antunit failOnError="false">
			<file file="${ant.file}"/>
			<xmllistener toDir="${antunit.xml.report.dir}" logLevel="verbose" />
			<plainlistener logLevel="info"/>
		</antunit>      
		<osfamily property="os.family"/>
		<if>                    
			<or>                            
				<equals arg1="${os.family}" arg2="mac"/>
				<equals arg1="${os.family}" arg2="unix"/>
			</or>                   
			<then>                          
				<exec executable="egrep">               
					<arg line="'**** Entering|passed all validation rules.|failed validation.' ${antunit.xml.report.dir}/TEST-test-suite-properties-jdk15_xml.xml"/>
				</exec>                         
			</then>                 
			<else>                  
				<echo mesage="Grep not supported on windows"/>
			</else>                 
		</if>           
	</target>	<target name="test:property:pass:jboss.server.port">
		<echo message="**** Entering test:property:pass:jboss.server.port"/>
		<echo file="${dist.exploded.dir}/local.properties" append="false">
			jboss.server.port=30210
			evaluate.property.name=jboss.server.port
			groovy.debug=true
		</echo>
		<replaceregexp file="${dist.exploded.dir}/local.properties" byline="true"
			match="^\s+(.*)\s*$"
			replace="\1"
			/>
		<execute-property-test-pass
			/>
		<echo message="**** Exiting test:property:pass:jboss.server.port"/>
	</target>	<target name="test:property:pass:jboss.server.ports.name">
		<echo message="**** Entering test:property:pass:jboss.server.ports.name"/>
		<echo file="${dist.exploded.dir}/local.properties" append="false">
			jboss.server.ports.name=config39080
			evaluate.property.name=jboss.server.ports.name
			groovy.debug=true
		</echo>
		<replaceregexp file="${dist.exploded.dir}/local.properties" byline="true"
			match="^\s+(.*)\s*$"
			replace="\1"
			/>
		<execute-property-test-pass
			/>
		<echo message="**** Exiting test:property:pass:jboss.server.ports.name"/>
	</target>	<target name="test:property:pass:jboss.server.rmi.port">
		<echo message="**** Entering test:property:pass:jboss.server.rmi.port"/>
		<echo file="${dist.exploded.dir}/local.properties" append="false">
			jboss.server.rmi.port=30230
			evaluate.property.name=jboss.server.rmi.port
			groovy.debug=true
		</echo>
		<replaceregexp file="${dist.exploded.dir}/local.properties" byline="true"
			match="^\s+(.*)\s*$"
			replace="\1"
			/>
		<execute-property-test-pass
			/>
		<echo message="**** Exiting test:property:pass:jboss.server.rmi.port"/>
	</target>	<target name="test:property:pass:jboss.service.rmiobject.port">
		<echo message="**** Entering test:property:pass:jboss.service.rmiobject.port"/>
		<echo file="${dist.exploded.dir}/local.properties" append="false">
			jboss.service.rmiobject.port=30240
			evaluate.property.name=jboss.service.rmiobject.port
			groovy.debug=true
		</echo>
		<replaceregexp file="${dist.exploded.dir}/local.properties" byline="true"
			match="^\s+(.*)\s*$"
			replace="\1"
			/>
		<execute-property-test-pass
			/>
		<echo message="**** Exiting test:property:pass:jboss.service.rmiobject.port"/>
	</target>	<target name="test:property:pass:jboss.snmp.port">
		<echo message="**** Entering test:property:pass:jboss.snmp.port"/>
		<echo file="${dist.exploded.dir}/local.properties" append="false">
			jboss.snmp.port=30310
			evaluate.property.name=jboss.snmp.port
			groovy.debug=true
		</echo>
		<replaceregexp file="${dist.exploded.dir}/local.properties" byline="true"
			match="^\s+(.*)\s*$"
			replace="\1"
			/>
		<execute-property-test-pass
			/>
		<echo message="**** Exiting test:property:pass:jboss.snmp.port"/>
	</target>	<target name="test:property:pass:jboss.snmp-trapd.port">
		<echo message="**** Entering test:property:pass:jboss.snmp-trapd.port"/>
		<echo file="${dist.exploded.dir}/local.properties" append="false">
			jboss.snmp-trapd.port=30300
			evaluate.property.name=jboss.snmp-trapd.port
			groovy.debug=true
		</echo>
		<replaceregexp file="${dist.exploded.dir}/local.properties" byline="true"
			match="^\s+(.*)\s*$"
			replace="\1"
			/>
		<execute-property-test-pass
			/>
		<echo message="**** Exiting test:property:pass:jboss.snmp-trapd.port"/>
	</target>	<target name="test:property:pass:jboss.src.url">
		<echo message="**** Entering test:property:pass:jboss.src.url"/>
		<echo file="${dist.exploded.dir}/local.properties" append="false">
			jboss.src.url=http://gforge.nci.nih.gov/svnroot/commonlibrary/trunk/techstack-2007/os-independent/jboss-4.0.5.GA.zip
			evaluate.property.name=jboss.src.url
			groovy.debug=true
		</echo>
		<replaceregexp file="${dist.exploded.dir}/local.properties" byline="true"
			match="^\s+(.*)\s*$"
			replace="\1"
			/>
		<execute-property-test-pass
			/>
		<echo message="**** Exiting test:property:pass:jboss.src.url"/>
	</target>	<target name="test:property:pass:jboss.ssl.enable">
		<echo message="**** Entering test:property:pass:jboss.ssl.enable"/>
		<echo file="${dist.exploded.dir}/local.properties" append="false">
			jboss.ssl.enable=true
			evaluate.property.name=jboss.ssl.enable
			groovy.debug=true
		</echo>
		<replaceregexp file="${dist.exploded.dir}/local.properties" byline="true"
			match="^\s+(.*)\s*$"
			replace="\1"
			/>
		<execute-property-test-pass
			/>
		<echo message="**** Exiting test:property:pass:jboss.ssl.enable"/>
	</target>	<target name="test:property:pass:jboss.ssl.fullyqualified.hostname">
		<echo message="**** Entering test:property:pass:jboss.ssl.fullyqualified.hostname"/>
		<echo file="${dist.exploded.dir}/local.properties" append="false">
			jboss.ssl.fullyqualified.hostname=localhost.nci.nih.gov
			evaluate.property.name=jboss.ssl.fullyqualified.hostname
			groovy.debug=true
		</echo>
		<replaceregexp file="${dist.exploded.dir}/local.properties" byline="true"
			match="^\s+(.*)\s*$"
			replace="\1"
			/>
		<execute-property-test-pass
			/>
		<echo message="**** Exiting test:property:pass:jboss.ssl.fullyqualified.hostname"/>
	</target>	<target name="test:property:pass:jboss.ssl.keystore.alias">
		<echo message="**** Entering test:property:pass:jboss.ssl.keystore.alias"/>
		<echo file="${dist.exploded.dir}/local.properties" append="false">
			jboss.ssl.keystore.alias=ncicb-test-ssl-key
			evaluate.property.name=jboss.ssl.keystore.alias
			groovy.debug=true
		</echo>
		<replaceregexp file="${dist.exploded.dir}/local.properties" byline="true"
			match="^\s+(.*)\s*$"
			replace="\1"
			/>
		<execute-property-test-pass
			/>
		<echo message="**** Exiting test:property:pass:jboss.ssl.keystore.alias"/>
	</target>	<target name="test:property:pass:jboss.ssl.keystore.location">
		<echo message="**** Entering test:property:pass:jboss.ssl.keystore.location"/>
		<echo file="${dist.exploded.dir}/local.properties" append="false">
			jboss.ssl.keystore.location=/path/ncicb-test-ssl.keystore
			evaluate.property.name=jboss.ssl.keystore.location
			groovy.debug=true
		</echo>
		<replaceregexp file="${dist.exploded.dir}/local.properties" byline="true"
			match="^\s+(.*)\s*$"
			replace="\1"
			/>
		<execute-property-test-pass
			/>
		<echo message="**** Exiting test:property:pass:jboss.ssl.keystore.location"/>
	</target>	<target name="test:property:pass:jboss.ssl.keystore.pass">
		<echo message="**** Entering test:property:pass:jboss.ssl.keystore.pass"/>
		<echo file="${dist.exploded.dir}/local.properties" append="false">
			jboss.ssl.keystore.pass=ncicb1!
			evaluate.property.name=jboss.ssl.keystore.pass
			groovy.debug=true
		</echo>
		<replaceregexp file="${dist.exploded.dir}/local.properties" byline="true"
			match="^\s+(.*)\s*$"
			replace="\1"
			/>
		<execute-property-test-pass
			/>
		<echo message="**** Exiting test:property:pass:jboss.ssl.keystore.pass"/>
	</target>	<target name="test:property:pass:jboss.ssl.port">
		<echo message="**** Entering test:property:pass:jboss.ssl.port"/>
		<echo file="${dist.exploded.dir}/local.properties" append="false">
			jboss.ssl.port=30380
			evaluate.property.name=jboss.ssl.port
			groovy.debug=true
		</echo>
		<replaceregexp file="${dist.exploded.dir}/local.properties" byline="true"
			match="^\s+(.*)\s*$"
			replace="\1"
			/>
		<execute-property-test-pass
			/>
		<echo message="**** Exiting test:property:pass:jboss.ssl.port"/>
	</target>	<target name="test:property:pass:jboss.transaction.processid.port">
		<echo message="**** Entering test:property:pass:jboss.transaction.processid.port"/>
		<echo file="${dist.exploded.dir}/local.properties" append="false">
			jboss.transaction.processid.port=30430
			evaluate.property.name=jboss.transaction.processid.port
			groovy.debug=true
		</echo>
		<replaceregexp file="${dist.exploded.dir}/local.properties" byline="true"
			match="^\s+(.*)\s*$"
			replace="\1"
			/>
		<execute-property-test-pass
			/>
		<echo message="**** Exiting test:property:pass:jboss.transaction.processid.port"/>
	</target>	<target name="test:property:pass:jboss.transaction.recovery.port">
		<echo message="**** Entering test:property:pass:jboss.transaction.recovery.port"/>
		<echo file="${dist.exploded.dir}/local.properties" append="false">
			jboss.transaction.recovery.port=30410
			evaluate.property.name=jboss.transaction.recovery.port
			groovy.debug=true
		</echo>
		<replaceregexp file="${dist.exploded.dir}/local.properties" byline="true"
			match="^\s+(.*)\s*$"
			replace="\1"
			/>
		<execute-property-test-pass
			/>
		<echo message="**** Exiting test:property:pass:jboss.transaction.recovery.port"/>
	</target>	<target name="test:property:pass:jboss.transaction.status.port">
		<echo message="**** Entering test:property:pass:jboss.transaction.status.port"/>
		<echo file="${dist.exploded.dir}/local.properties" append="false">
			jboss.transaction.status.port=30420
			evaluate.property.name=jboss.transaction.status.port
			groovy.debug=true
		</echo>
		<replaceregexp file="${dist.exploded.dir}/local.properties" byline="true"
			match="^\s+(.*)\s*$"
			replace="\1"
			/>
		<execute-property-test-pass
			/>
		<echo message="**** Exiting test:property:pass:jboss.transaction.status.port"/>
	</target>	<target name="test:property:pass:jboss.unifiedinvoker.port">
		<echo message="**** Entering test:property:pass:jboss.unifiedinvoker.port"/>
		<echo file="${dist.exploded.dir}/local.properties" append="false">
			jboss.unifiedinvoker.port=30360
			evaluate.property.name=jboss.unifiedinvoker.port
			groovy.debug=true
		</echo>
		<replaceregexp file="${dist.exploded.dir}/local.properties" byline="true"
			match="^\s+(.*)\s*$"
			replace="\1"
			/>
		<execute-property-test-pass
			/>
		<echo message="**** Exiting test:property:pass:jboss.unifiedinvoker.port"/>
	</target>	<target name="test:property:pass:jboss.web.password">
		<echo message="**** Entering test:property:pass:jboss.web.password"/>
		<echo file="${dist.exploded.dir}/local.properties" append="false">
			jboss.web.password=blueprint123!
			evaluate.property.name=jboss.web.password
			groovy.debug=true
		</echo>
		<replaceregexp file="${dist.exploded.dir}/local.properties" byline="true"
			match="^\s+(.*)\s*$"
			replace="\1"
			/>
		<execute-property-test-pass
			/>
		<echo message="**** Exiting test:property:pass:jboss.web.password"/>
	</target>	<target name="test:property:pass:jboss.web.service.port">
		<echo message="**** Entering test:property:pass:jboss.web.service.port"/>
		<echo file="${dist.exploded.dir}/local.properties" append="false">
			jboss.web.service.port=30250
			evaluate.property.name=jboss.web.service.port
			groovy.debug=true
		</echo>
		<replaceregexp file="${dist.exploded.dir}/local.properties" byline="true"
			match="^\s+(.*)\s*$"
			replace="\1"
			/>
		<execute-property-test-pass
			/>
		<echo message="**** Exiting test:property:pass:jboss.web.service.port"/>
	</target>	<target name="test:property:pass:jboss.web.user">
		<echo message="**** Entering test:property:pass:jboss.web.user"/>
		<echo file="${dist.exploded.dir}/local.properties" append="false">
			jboss.web.user=bda
			evaluate.property.name=jboss.web.user
			groovy.debug=true
		</echo>
		<replaceregexp file="${dist.exploded.dir}/local.properties" byline="true"
			match="^\s+(.*)\s*$"
			replace="\1"
			/>
		<execute-property-test-pass
			/>
		<echo message="**** Exiting test:property:pass:jboss.web.user"/>
	</target></project>
